;  LST file generated by mikroListExporter - v.2.0 
; Date/Time: 06/01/2019 16:41:27
;----------------------------------------------

;Address Opcode 	ASM
0x0000	0x2CA1      	GOTO       1185
_Delay_50us:
;__Lib_Delays.c,19 :: 		void Delay_50us() {
;__Lib_Delays.c,20 :: 		Delay_us(50);
0x0003	0x3010      	MOVLW      16
0x0004	0x1283      	BCF        STATUS, 5
0x0005	0x1303      	BCF        STATUS, 6
0x0006	0x00FD      	MOVWF      R13
L_Delay_50us2:
0x0007	0x0BFD      	DECFSZ     R13, 1
0x0008	0x2807      	GOTO       L_Delay_50us2
0x0009	0x0000      	NOP
;__Lib_Delays.c,21 :: 		}
L_end_Delay_50us:
0x000A	0x0008      	RETURN
; end of _Delay_50us
_Delay_1us:
;__Lib_Delays.c,7 :: 		void Delay_1us() {
;__Lib_Delays.c,8 :: 		Delay_us(1);
0x000B	0x0000      	NOP
;__Lib_Delays.c,9 :: 		}
L_end_Delay_1us:
0x000C	0x0008      	RETURN
; end of _Delay_1us
_Delay_5500us:
;__Lib_Delays.c,31 :: 		void Delay_5500us() {
;__Lib_Delays.c,32 :: 		Delay_us(5500);
0x000D	0x3008      	MOVLW      8
0x000E	0x1283      	BCF        STATUS, 5
0x000F	0x1303      	BCF        STATUS, 6
0x0010	0x00FC      	MOVWF      R12
0x0011	0x3023      	MOVLW      35
0x0012	0x00FD      	MOVWF      R13
L_Delay_5500us5:
0x0013	0x0BFD      	DECFSZ     R13, 1
0x0014	0x2813      	GOTO       L_Delay_5500us5
0x0015	0x0BFC      	DECFSZ     R12, 1
0x0016	0x2813      	GOTO       L_Delay_5500us5
;__Lib_Delays.c,33 :: 		}
L_end_Delay_5500us:
0x0017	0x0008      	RETURN
; end of _Delay_5500us
_Lcd_Cmd:
;__Lib_Lcd.c,18 :: 		
;__Lib_Lcd.c,20 :: 		
0x0018	0x1283      	BCF        STATUS, 5
0x0019	0x1303      	BCF        STATUS, 6
0x001A	0x1BC0      	BTFSC      FARG_Lcd_Cmd_out_char, 7
0x001B	0x281E      	GOTO       L__Lcd_Cmd21
0x001C	0x1186      	BCF        LCD_D7, BitPos(LCD_D7+0)
0x001D	0x281F      	GOTO       L__Lcd_Cmd22
L__Lcd_Cmd21:
0x001E	0x1586      	BSF        LCD_D7, BitPos(LCD_D7+0)
L__Lcd_Cmd22:
;__Lib_Lcd.c,21 :: 		
0x001F	0x1B40      	BTFSC      FARG_Lcd_Cmd_out_char, 6
0x0020	0x2823      	GOTO       L__Lcd_Cmd23
0x0021	0x1106      	BCF        LCD_D6, BitPos(LCD_D6+0)
0x0022	0x2824      	GOTO       L__Lcd_Cmd24
L__Lcd_Cmd23:
0x0023	0x1506      	BSF        LCD_D6, BitPos(LCD_D6+0)
L__Lcd_Cmd24:
;__Lib_Lcd.c,22 :: 		
0x0024	0x1AC0      	BTFSC      FARG_Lcd_Cmd_out_char, 5
0x0025	0x2828      	GOTO       L__Lcd_Cmd25
0x0026	0x1086      	BCF        LCD_D5, BitPos(LCD_D5+0)
0x0027	0x2829      	GOTO       L__Lcd_Cmd26
L__Lcd_Cmd25:
0x0028	0x1486      	BSF        LCD_D5, BitPos(LCD_D5+0)
L__Lcd_Cmd26:
;__Lib_Lcd.c,23 :: 		
0x0029	0x1A40      	BTFSC      FARG_Lcd_Cmd_out_char, 4
0x002A	0x282D      	GOTO       L__Lcd_Cmd27
0x002B	0x1006      	BCF        LCD_D4, BitPos(LCD_D4+0)
0x002C	0x282E      	GOTO       L__Lcd_Cmd28
L__Lcd_Cmd27:
0x002D	0x1406      	BSF        LCD_D4, BitPos(LCD_D4+0)
L__Lcd_Cmd28:
;__Lib_Lcd.c,25 :: 		
0x002E	0x18B4      	BTFSC      __Lib_Lcd_cmd_status, BitPos(__Lib_Lcd_cmd_status+0)
0x002F	0x2832      	GOTO       L__Lcd_Cmd29
0x0030	0x1606      	BSF        LCD_RS, BitPos(LCD_RS+0)
0x0031	0x2833      	GOTO       L__Lcd_Cmd30
L__Lcd_Cmd29:
0x0032	0x1206      	BCF        LCD_RS, BitPos(LCD_RS+0)
L__Lcd_Cmd30:
;__Lib_Lcd.c,28 :: 		
0x0033	0x1686      	BSF        LCD_EN, BitPos(LCD_EN+0)
;__Lib_Lcd.c,29 :: 		
0x0034	0x200B      	CALL       _Delay_1us
;__Lib_Lcd.c,30 :: 		
0x0035	0x1286      	BCF        LCD_EN, BitPos(LCD_EN+0)
;__Lib_Lcd.c,33 :: 		
0x0036	0x19C0      	BTFSC      FARG_Lcd_Cmd_out_char, 3
0x0037	0x283A      	GOTO       L__Lcd_Cmd31
0x0038	0x1186      	BCF        LCD_D7, BitPos(LCD_D7+0)
0x0039	0x283B      	GOTO       L__Lcd_Cmd32
L__Lcd_Cmd31:
0x003A	0x1586      	BSF        LCD_D7, BitPos(LCD_D7+0)
L__Lcd_Cmd32:
;__Lib_Lcd.c,34 :: 		
0x003B	0x1940      	BTFSC      FARG_Lcd_Cmd_out_char, 2
0x003C	0x283F      	GOTO       L__Lcd_Cmd33
0x003D	0x1106      	BCF        LCD_D6, BitPos(LCD_D6+0)
0x003E	0x2840      	GOTO       L__Lcd_Cmd34
L__Lcd_Cmd33:
0x003F	0x1506      	BSF        LCD_D6, BitPos(LCD_D6+0)
L__Lcd_Cmd34:
;__Lib_Lcd.c,35 :: 		
0x0040	0x18C0      	BTFSC      FARG_Lcd_Cmd_out_char, 1
0x0041	0x2844      	GOTO       L__Lcd_Cmd35
0x0042	0x1086      	BCF        LCD_D5, BitPos(LCD_D5+0)
0x0043	0x2845      	GOTO       L__Lcd_Cmd36
L__Lcd_Cmd35:
0x0044	0x1486      	BSF        LCD_D5, BitPos(LCD_D5+0)
L__Lcd_Cmd36:
;__Lib_Lcd.c,36 :: 		
0x0045	0x1840      	BTFSC      FARG_Lcd_Cmd_out_char, 0
0x0046	0x2849      	GOTO       L__Lcd_Cmd37
0x0047	0x1006      	BCF        LCD_D4, BitPos(LCD_D4+0)
0x0048	0x284A      	GOTO       L__Lcd_Cmd38
L__Lcd_Cmd37:
0x0049	0x1406      	BSF        LCD_D4, BitPos(LCD_D4+0)
L__Lcd_Cmd38:
;__Lib_Lcd.c,38 :: 		
0x004A	0x18B4      	BTFSC      __Lib_Lcd_cmd_status, BitPos(__Lib_Lcd_cmd_status+0)
0x004B	0x284E      	GOTO       L__Lcd_Cmd39
0x004C	0x1606      	BSF        LCD_RS, BitPos(LCD_RS+0)
0x004D	0x284F      	GOTO       L__Lcd_Cmd40
L__Lcd_Cmd39:
0x004E	0x1206      	BCF        LCD_RS, BitPos(LCD_RS+0)
L__Lcd_Cmd40:
;__Lib_Lcd.c,40 :: 		
0x004F	0x1686      	BSF        LCD_EN, BitPos(LCD_EN+0)
;__Lib_Lcd.c,41 :: 		
0x0050	0x200B      	CALL       _Delay_1us
;__Lib_Lcd.c,42 :: 		
0x0051	0x1286      	BCF        LCD_EN, BitPos(LCD_EN+0)
;__Lib_Lcd.c,44 :: 		
0x0052	0x1CB4      	BTFSS      __Lib_Lcd_cmd_status, BitPos(__Lib_Lcd_cmd_status+0)
0x0053	0x2856      	GOTO       L_Lcd_Cmd0
;__Lib_Lcd.c,45 :: 		
0x0054	0x200D      	CALL       _Delay_5500us
0x0055	0x2857      	GOTO       L_Lcd_Cmd1
L_Lcd_Cmd0:
;__Lib_Lcd.c,47 :: 		
0x0056	0x2003      	CALL       _Delay_50us
L_Lcd_Cmd1:
;__Lib_Lcd.c,48 :: 		
L_end_Lcd_Cmd:
0x0057	0x0008      	RETURN
; end of _Lcd_Cmd
_Div_8x8_U:
;__Lib_Math.c,189 :: 		
;__Lib_Math.c,196 :: 		
0x0058	0x1283      	BCF        STATUS, 5
;__Lib_Math.c,197 :: 		
0x0059	0x1303      	BCF        STATUS, 6
;__Lib_Math.c,198 :: 		
0x005A	0x01F8      	CLRF       R8
;__Lib_Math.c,199 :: 		
0x005B	0x3008      	MOVLW      8
;__Lib_Math.c,200 :: 		
0x005C	0x00FC      	MOVWF      R12
;__Lib_Math.c,201 :: 		
0x005D	0x0D70      	RLF        R0, 0
;__Lib_Math.c,202 :: 		
0x005E	0x0DF8      	RLF        R8, 1
;__Lib_Math.c,203 :: 		
0x005F	0x0874      	MOVF       R4, 0
;__Lib_Math.c,204 :: 		
0x0060	0x02F8      	SUBWF      R8, 1
;__Lib_Math.c,205 :: 		
0x0061	0x1803      	BTFSC      STATUS, 0
;__Lib_Math.c,206 :: 		
0x0062	0x2865      	GOTO       $+3
;__Lib_Math.c,207 :: 		
0x0063	0x07F8      	ADDWF      R8, 1
;__Lib_Math.c,208 :: 		
0x0064	0x1003      	BCF        STATUS, 0
;__Lib_Math.c,209 :: 		
0x0065	0x0DF0      	RLF        R0, 1
;__Lib_Math.c,210 :: 		
0x0066	0x0BFC      	DECFSZ     R12, 1
;__Lib_Math.c,211 :: 		
0x0067	0x285D      	GOTO       $-10
;__Lib_Math.c,213 :: 		
L_end_Div_8x8_U:
0x0068	0x0008      	RETURN
; end of _Div_8x8_U
_Lcd_Chr_CP:
;__Lib_Lcd.c,50 :: 		
;__Lib_Lcd.c,52 :: 		
0x0069	0x1283      	BCF        STATUS, 5
0x006A	0x1303      	BCF        STATUS, 6
0x006B	0x10B4      	BCF        __Lib_Lcd_cmd_status, BitPos(__Lib_Lcd_cmd_status+0)
;__Lib_Lcd.c,53 :: 		
0x006C	0x083F      	MOVF       FARG_Lcd_Chr_CP_out_char, 0
0x006D	0x00C0      	MOVWF      FARG_Lcd_Cmd_out_char
0x006E	0x2018      	CALL       _Lcd_Cmd
;__Lib_Lcd.c,54 :: 		
0x006F	0x14B4      	BSF        __Lib_Lcd_cmd_status, BitPos(__Lib_Lcd_cmd_status+0)
;__Lib_Lcd.c,55 :: 		
L_end_Lcd_Chr_CP:
0x0070	0x0008      	RETURN
; end of _Lcd_Chr_CP
__Lib_SoftI2C_PutZerosToLATScl:
;__Lib_SoftI2C.c,45 :: 		
;__Lib_SoftI2C.c,53 :: 		
0x0071	0x3007      	MOVLW      Soft_I2C_Scl
;__Lib_SoftI2C.c,54 :: 		
0x0072	0x0084      	MOVWF      FSR
;__Lib_SoftI2C.c,55 :: 		
0x0073	0x0800      	MOVF       INDF, 0
;__Lib_SoftI2C.c,56 :: 		
0x0074	0x0800      	MOVF       INDF, 0
0x0075	0x1283      	BCF        STATUS, 5
0x0076	0x1303      	BCF        STATUS, 6
0x0077	0x00F0      	MOVWF      R0
;__Lib_SoftI2C.c,59 :: 		
0x0078	0x11F0      	BCF        R0, BitPos(Soft_I2C_Scl+0)
;__Lib_SoftI2C.c,61 :: 		
0x0079	0x0870      	MOVF       R0, 0
0x007A	0x0080      	MOVWF      INDF
;__Lib_SoftI2C.c,62 :: 		
L_end_PutZerosToLATScl:
0x007B	0x0008      	RETURN
; end of __Lib_SoftI2C_PutZerosToLATScl
__Lib_SoftI2C_PutZerosToLATSda:
;__Lib_SoftI2C.c,28 :: 		
;__Lib_SoftI2C.c,36 :: 		
0x007C	0x3007      	MOVLW      Soft_I2C_Sda
;__Lib_SoftI2C.c,37 :: 		
0x007D	0x0084      	MOVWF      FSR
;__Lib_SoftI2C.c,38 :: 		
0x007E	0x0800      	MOVF       INDF, 0
;__Lib_SoftI2C.c,39 :: 		
0x007F	0x0800      	MOVF       INDF, 0
0x0080	0x1283      	BCF        STATUS, 5
0x0081	0x1303      	BCF        STATUS, 6
0x0082	0x00F0      	MOVWF      R0
;__Lib_SoftI2C.c,41 :: 		
0x0083	0x1270      	BCF        R0, BitPos(Soft_I2C_Sda+0)
;__Lib_SoftI2C.c,43 :: 		
0x0084	0x0870      	MOVF       R0, 0
0x0085	0x0080      	MOVWF      INDF
;__Lib_SoftI2C.c,44 :: 		
L_end_PutZerosToLATSda:
0x0086	0x0008      	RETURN
; end of __Lib_SoftI2C_PutZerosToLATSda
_Lcd_Out:
;__Lib_Lcd.c,184 :: 		
;__Lib_Lcd.c,187 :: 		
0x0087	0x2899      	GOTO       L_Lcd_Out11
;__Lib_Lcd.c,188 :: 		
L_Lcd_Out13:
0x0088	0x3080      	MOVLW      128
0x0089	0x1283      	BCF        STATUS, 5
0x008A	0x1303      	BCF        STATUS, 6
0x008B	0x00B9      	MOVWF      FARG_Lcd_Out_row
0x008C	0x28AC      	GOTO       L_Lcd_Out12
;__Lib_Lcd.c,189 :: 		
L_Lcd_Out14:
0x008D	0x30C0      	MOVLW      192
0x008E	0x00B9      	MOVWF      FARG_Lcd_Out_row
0x008F	0x28AC      	GOTO       L_Lcd_Out12
;__Lib_Lcd.c,190 :: 		
L_Lcd_Out15:
0x0090	0x3094      	MOVLW      148
0x0091	0x00B9      	MOVWF      FARG_Lcd_Out_row
0x0092	0x28AC      	GOTO       L_Lcd_Out12
;__Lib_Lcd.c,191 :: 		
L_Lcd_Out16:
0x0093	0x30D4      	MOVLW      212
0x0094	0x00B9      	MOVWF      FARG_Lcd_Out_row
0x0095	0x28AC      	GOTO       L_Lcd_Out12
;__Lib_Lcd.c,192 :: 		
L_Lcd_Out17:
0x0096	0x3080      	MOVLW      128
0x0097	0x00B9      	MOVWF      FARG_Lcd_Out_row
;__Lib_Lcd.c,193 :: 		
0x0098	0x28AC      	GOTO       L_Lcd_Out12
L_Lcd_Out11:
0x0099	0x1283      	BCF        STATUS, 5
0x009A	0x1303      	BCF        STATUS, 6
0x009B	0x0839      	MOVF       FARG_Lcd_Out_row, 0
0x009C	0x3A01      	XORLW      1
0x009D	0x1903      	BTFSC      STATUS, 2
0x009E	0x2888      	GOTO       L_Lcd_Out13
0x009F	0x0839      	MOVF       FARG_Lcd_Out_row, 0
0x00A0	0x3A02      	XORLW      2
0x00A1	0x1903      	BTFSC      STATUS, 2
0x00A2	0x288D      	GOTO       L_Lcd_Out14
0x00A3	0x0839      	MOVF       FARG_Lcd_Out_row, 0
0x00A4	0x3A03      	XORLW      3
0x00A5	0x1903      	BTFSC      STATUS, 2
0x00A6	0x2890      	GOTO       L_Lcd_Out15
0x00A7	0x0839      	MOVF       FARG_Lcd_Out_row, 0
0x00A8	0x3A04      	XORLW      4
0x00A9	0x1903      	BTFSC      STATUS, 2
0x00AA	0x2893      	GOTO       L_Lcd_Out16
0x00AB	0x2896      	GOTO       L_Lcd_Out17
L_Lcd_Out12:
;__Lib_Lcd.c,194 :: 		
0x00AC	0x033A      	DECF       FARG_Lcd_Out_column, 0
0x00AD	0x00F0      	MOVWF      R0
0x00AE	0x0839      	MOVF       FARG_Lcd_Out_row, 0
0x00AF	0x07F0      	ADDWF      R0, 1
0x00B0	0x0870      	MOVF       R0, 0
0x00B1	0x00B9      	MOVWF      FARG_Lcd_Out_row
;__Lib_Lcd.c,196 :: 		
0x00B2	0x0870      	MOVF       R0, 0
0x00B3	0x00C0      	MOVWF      FARG_Lcd_Cmd_out_char
0x00B4	0x2018      	CALL       _Lcd_Cmd
;__Lib_Lcd.c,197 :: 		
0x00B5	0x10B4      	BCF        __Lib_Lcd_cmd_status, BitPos(__Lib_Lcd_cmd_status+0)
;__Lib_Lcd.c,198 :: 		
0x00B6	0x01BC      	CLRF       Lcd_Out_i_L0
;__Lib_Lcd.c,199 :: 		
L_Lcd_Out18:
0x00B7	0x083C      	MOVF       Lcd_Out_i_L0, 0
0x00B8	0x073B      	ADDWF      FARG_Lcd_Out_text, 0
0x00B9	0x0084      	MOVWF      FSR
0x00BA	0x0800      	MOVF       INDF, 0
0x00BB	0x1903      	BTFSC      STATUS, 2
0x00BC	0x28C5      	GOTO       L_Lcd_Out19
;__Lib_Lcd.c,200 :: 		
0x00BD	0x083C      	MOVF       Lcd_Out_i_L0, 0
0x00BE	0x073B      	ADDWF      FARG_Lcd_Out_text, 0
0x00BF	0x0084      	MOVWF      FSR
0x00C0	0x0800      	MOVF       INDF, 0
0x00C1	0x00BF      	MOVWF      FARG_Lcd_Chr_CP_out_char
0x00C2	0x2069      	CALL       _Lcd_Chr_CP
0x00C3	0x0ABC      	INCF       Lcd_Out_i_L0, 1
0x00C4	0x28B7      	GOTO       L_Lcd_Out18
L_Lcd_Out19:
;__Lib_Lcd.c,201 :: 		
0x00C5	0x14B4      	BSF        __Lib_Lcd_cmd_status, BitPos(__Lib_Lcd_cmd_status+0)
;__Lib_Lcd.c,202 :: 		
L_end_Lcd_Out:
0x00C6	0x0008      	RETURN
; end of _Lcd_Out
_Lcd_Init:
;__Lib_Lcd.c,84 :: 		
;__Lib_Lcd.c,86 :: 		
0x00C7	0x1683      	BSF        STATUS, 5
0x00C8	0x1303      	BCF        STATUS, 6
0x00C9	0x1286      	BCF        LCD_EN_Direction, BitPos(LCD_EN_Direction+0)
;__Lib_Lcd.c,87 :: 		
0x00CA	0x1206      	BCF        LCD_RS_Direction, BitPos(LCD_RS_Direction+0)
;__Lib_Lcd.c,88 :: 		
0x00CB	0x1006      	BCF        LCD_D4_Direction, BitPos(LCD_D4_Direction+0)
;__Lib_Lcd.c,89 :: 		
0x00CC	0x1086      	BCF        LCD_D5_Direction, BitPos(LCD_D5_Direction+0)
;__Lib_Lcd.c,90 :: 		
0x00CD	0x1106      	BCF        LCD_D6_Direction, BitPos(LCD_D6_Direction+0)
;__Lib_Lcd.c,91 :: 		
0x00CE	0x1186      	BCF        LCD_D7_Direction, BitPos(LCD_D7_Direction+0)
;__Lib_Lcd.c,93 :: 		
0x00CF	0x1283      	BCF        STATUS, 5
0x00D0	0x1286      	BCF        LCD_EN, BitPos(LCD_EN+0)
;__Lib_Lcd.c,94 :: 		
0x00D1	0x1206      	BCF        LCD_RS, BitPos(LCD_RS+0)
;__Lib_Lcd.c,95 :: 		
0x00D2	0x1186      	BCF        LCD_D7, BitPos(LCD_D7+0)
;__Lib_Lcd.c,96 :: 		
0x00D3	0x1106      	BCF        LCD_D6, BitPos(LCD_D6+0)
;__Lib_Lcd.c,97 :: 		
0x00D4	0x1086      	BCF        LCD_D5, BitPos(LCD_D5+0)
;__Lib_Lcd.c,98 :: 		
0x00D5	0x1006      	BCF        LCD_D4, BitPos(LCD_D4+0)
;__Lib_Lcd.c,100 :: 		
0x00D6	0x200D      	CALL       _Delay_5500us
;__Lib_Lcd.c,101 :: 		
0x00D7	0x200D      	CALL       _Delay_5500us
;__Lib_Lcd.c,102 :: 		
0x00D8	0x200D      	CALL       _Delay_5500us
;__Lib_Lcd.c,105 :: 		
0x00D9	0x1486      	BSF        LCD_D5, BitPos(LCD_D5+0)
;__Lib_Lcd.c,106 :: 		
0x00DA	0x1406      	BSF        LCD_D4, BitPos(LCD_D4+0)
;__Lib_Lcd.c,107 :: 		
0x00DB	0x1686      	BSF        LCD_EN, BitPos(LCD_EN+0)
;__Lib_Lcd.c,108 :: 		
0x00DC	0x200B      	CALL       _Delay_1us
;__Lib_Lcd.c,109 :: 		
0x00DD	0x1286      	BCF        LCD_EN, BitPos(LCD_EN+0)
;__Lib_Lcd.c,110 :: 		
0x00DE	0x200D      	CALL       _Delay_5500us
;__Lib_Lcd.c,112 :: 		
0x00DF	0x1686      	BSF        LCD_EN, BitPos(LCD_EN+0)
;__Lib_Lcd.c,113 :: 		
0x00E0	0x200B      	CALL       _Delay_1us
;__Lib_Lcd.c,114 :: 		
0x00E1	0x1286      	BCF        LCD_EN, BitPos(LCD_EN+0)
;__Lib_Lcd.c,115 :: 		
0x00E2	0x200D      	CALL       _Delay_5500us
;__Lib_Lcd.c,117 :: 		
0x00E3	0x1686      	BSF        LCD_EN, BitPos(LCD_EN+0)
;__Lib_Lcd.c,118 :: 		
0x00E4	0x200B      	CALL       _Delay_1us
;__Lib_Lcd.c,119 :: 		
0x00E5	0x1286      	BCF        LCD_EN, BitPos(LCD_EN+0)
;__Lib_Lcd.c,120 :: 		
0x00E6	0x200D      	CALL       _Delay_5500us
;__Lib_Lcd.c,123 :: 		
0x00E7	0x1006      	BCF        LCD_D4, BitPos(LCD_D4+0)
;__Lib_Lcd.c,124 :: 		
0x00E8	0x1686      	BSF        LCD_EN, BitPos(LCD_EN+0)
;__Lib_Lcd.c,125 :: 		
0x00E9	0x200B      	CALL       _Delay_1us
;__Lib_Lcd.c,126 :: 		
0x00EA	0x1286      	BCF        LCD_EN, BitPos(LCD_EN+0)
;__Lib_Lcd.c,127 :: 		
0x00EB	0x200D      	CALL       _Delay_5500us
;__Lib_Lcd.c,130 :: 		
0x00EC	0x1686      	BSF        LCD_EN, BitPos(LCD_EN+0)
;__Lib_Lcd.c,131 :: 		
0x00ED	0x200B      	CALL       _Delay_1us
;__Lib_Lcd.c,132 :: 		
0x00EE	0x1286      	BCF        LCD_EN, BitPos(LCD_EN+0)
;__Lib_Lcd.c,134 :: 		
0x00EF	0x1086      	BCF        LCD_D5, BitPos(LCD_D5+0)
;__Lib_Lcd.c,135 :: 		
0x00F0	0x1586      	BSF        LCD_D7, BitPos(LCD_D7+0)
;__Lib_Lcd.c,136 :: 		
0x00F1	0x1686      	BSF        LCD_EN, BitPos(LCD_EN+0)
;__Lib_Lcd.c,137 :: 		
0x00F2	0x200B      	CALL       _Delay_1us
;__Lib_Lcd.c,138 :: 		
0x00F3	0x1286      	BCF        LCD_EN, BitPos(LCD_EN+0)
;__Lib_Lcd.c,139 :: 		
0x00F4	0x200D      	CALL       _Delay_5500us
;__Lib_Lcd.c,142 :: 		
0x00F5	0x1186      	BCF        LCD_D7, BitPos(LCD_D7+0)
;__Lib_Lcd.c,143 :: 		
0x00F6	0x1406      	BSF        LCD_D4, BitPos(LCD_D4+0)
;__Lib_Lcd.c,144 :: 		
0x00F7	0x1686      	BSF        LCD_EN, BitPos(LCD_EN+0)
;__Lib_Lcd.c,145 :: 		
0x00F8	0x200B      	CALL       _Delay_1us
;__Lib_Lcd.c,146 :: 		
0x00F9	0x1286      	BCF        LCD_EN, BitPos(LCD_EN+0)
;__Lib_Lcd.c,148 :: 		
0x00FA	0x1006      	BCF        LCD_D4, BitPos(LCD_D4+0)
;__Lib_Lcd.c,149 :: 		
0x00FB	0x1686      	BSF        LCD_EN, BitPos(LCD_EN+0)
;__Lib_Lcd.c,150 :: 		
0x00FC	0x200B      	CALL       _Delay_1us
;__Lib_Lcd.c,151 :: 		
0x00FD	0x1286      	BCF        LCD_EN, BitPos(LCD_EN+0)
;__Lib_Lcd.c,152 :: 		
0x00FE	0x200D      	CALL       _Delay_5500us
;__Lib_Lcd.c,155 :: 		
0x00FF	0x1686      	BSF        LCD_EN, BitPos(LCD_EN+0)
;__Lib_Lcd.c,156 :: 		
0x0100	0x200B      	CALL       _Delay_1us
;__Lib_Lcd.c,157 :: 		
0x0101	0x1286      	BCF        LCD_EN, BitPos(LCD_EN+0)
;__Lib_Lcd.c,159 :: 		
0x0102	0x1406      	BSF        LCD_D4, BitPos(LCD_D4+0)
;__Lib_Lcd.c,160 :: 		
0x0103	0x1686      	BSF        LCD_EN, BitPos(LCD_EN+0)
;__Lib_Lcd.c,161 :: 		
0x0104	0x200B      	CALL       _Delay_1us
;__Lib_Lcd.c,162 :: 		
0x0105	0x1286      	BCF        LCD_EN, BitPos(LCD_EN+0)
;__Lib_Lcd.c,163 :: 		
0x0106	0x200D      	CALL       _Delay_5500us
;__Lib_Lcd.c,166 :: 		
0x0107	0x1006      	BCF        LCD_D4, BitPos(LCD_D4+0)
;__Lib_Lcd.c,167 :: 		
0x0108	0x1686      	BSF        LCD_EN, BitPos(LCD_EN+0)
;__Lib_Lcd.c,168 :: 		
0x0109	0x200B      	CALL       _Delay_1us
;__Lib_Lcd.c,169 :: 		
0x010A	0x1286      	BCF        LCD_EN, BitPos(LCD_EN+0)
;__Lib_Lcd.c,171 :: 		
0x010B	0x1586      	BSF        LCD_D7, BitPos(LCD_D7+0)
;__Lib_Lcd.c,172 :: 		
0x010C	0x1506      	BSF        LCD_D6, BitPos(LCD_D6+0)
;__Lib_Lcd.c,173 :: 		
0x010D	0x1486      	BSF        LCD_D5, BitPos(LCD_D5+0)
;__Lib_Lcd.c,174 :: 		
0x010E	0x1406      	BSF        LCD_D4, BitPos(LCD_D4+0)
;__Lib_Lcd.c,175 :: 		
0x010F	0x1686      	BSF        LCD_EN, BitPos(LCD_EN+0)
;__Lib_Lcd.c,176 :: 		
0x0110	0x200B      	CALL       _Delay_1us
;__Lib_Lcd.c,177 :: 		
0x0111	0x1286      	BCF        LCD_EN, BitPos(LCD_EN+0)
;__Lib_Lcd.c,179 :: 		
0x0112	0x200D      	CALL       _Delay_5500us
;__Lib_Lcd.c,181 :: 		
0x0113	0x14B4      	BSF        __Lib_Lcd_cmd_status, BitPos(__Lib_Lcd_cmd_status+0)
;__Lib_Lcd.c,182 :: 		
L_end_Lcd_Init:
0x0114	0x0008      	RETURN
; end of _Lcd_Init
_Soft_I2C_Stop:
;__Lib_SoftI2C.c,168 :: 		
;__Lib_SoftI2C.c,170 :: 		
0x0115	0x207C      	CALL       __Lib_SoftI2C_PutZerosToLATSda
;__Lib_SoftI2C.c,171 :: 		
0x0116	0x1683      	BSF        STATUS, 5
0x0117	0x1207      	BCF        Soft_I2C_Sda_Direction, BitPos(Soft_I2C_Sda_Direction+0)
;__Lib_SoftI2C.c,173 :: 		
0x0118	0x200B      	CALL       _Delay_1us
0x0119	0x200B      	CALL       _Delay_1us
;__Lib_SoftI2C.c,175 :: 		
0x011A	0x1587      	BSF        Soft_I2C_Scl_Direction, BitPos(Soft_I2C_Scl_Direction+0)
;__Lib_SoftI2C.c,177 :: 		
0x011B	0x1283      	BCF        STATUS, 5
0x011C	0x1034      	BCF        __Lib_SoftI2C___StopWaiting, BitPos(__Lib_SoftI2C___StopWaiting+0)
;__Lib_SoftI2C.c,178 :: 		
L_Soft_I2C_Stop13:
0x011D	0x1987      	BTFSC      Soft_I2C_Scl, BitPos(Soft_I2C_Scl+0)
0x011E	0x2923      	GOTO       L_Soft_I2C_Stop14
;__Lib_SoftI2C.c,179 :: 		
0x011F	0x1C34      	BTFSS      __Lib_SoftI2C___StopWaiting, BitPos(__Lib_SoftI2C___StopWaiting+0)
0x0120	0x2922      	GOTO       L_Soft_I2C_Stop15
;__Lib_SoftI2C.c,180 :: 		
0x0121	0x2923      	GOTO       L_Soft_I2C_Stop14
L_Soft_I2C_Stop15:
0x0122	0x291D      	GOTO       L_Soft_I2C_Stop13
L_Soft_I2C_Stop14:
;__Lib_SoftI2C.c,182 :: 		
0x0123	0x200B      	CALL       _Delay_1us
0x0124	0x200B      	CALL       _Delay_1us
;__Lib_SoftI2C.c,183 :: 		
0x0125	0x200B      	CALL       _Delay_1us
0x0126	0x200B      	CALL       _Delay_1us
;__Lib_SoftI2C.c,184 :: 		
0x0127	0x200B      	CALL       _Delay_1us
0x0128	0x200B      	CALL       _Delay_1us
;__Lib_SoftI2C.c,185 :: 		
0x0129	0x200B      	CALL       _Delay_1us
0x012A	0x200B      	CALL       _Delay_1us
;__Lib_SoftI2C.c,187 :: 		
0x012B	0x1683      	BSF        STATUS, 5
0x012C	0x1607      	BSF        Soft_I2C_Sda_Direction, BitPos(Soft_I2C_Sda_Direction+0)
;__Lib_SoftI2C.c,189 :: 		
0x012D	0x200B      	CALL       _Delay_1us
0x012E	0x200B      	CALL       _Delay_1us
;__Lib_SoftI2C.c,190 :: 		
L_end_Soft_I2C_Stop:
0x012F	0x0008      	RETURN
; end of _Soft_I2C_Stop
_____DoICP:
;__Lib_System.c,6 :: 		
;__Lib_System.c,9 :: 		
0x0130	0x1283      	BCF        STATUS, 5
0x0131	0x1303      	BCF        STATUS, 6
0x0132	0x0830      	MOVF       ___DoICPAddr+1, 0
0x0133	0x008A      	MOVWF      PCLATH
;__Lib_System.c,10 :: 		
0x0134	0x082F      	MOVF       ___DoICPAddr, 0
0x0135	0x0082      	MOVWF      PCL
;__Lib_System.c,12 :: 		
L_end_____DoICP:
0x0136	0x0008      	RETURN
; end of _____DoICP
_Lcd_Chr:
;__Lib_Lcd.c,65 :: 		
;__Lib_Lcd.c,66 :: 		
0x0137	0x2949      	GOTO       L_Lcd_Chr4
;__Lib_Lcd.c,67 :: 		
L_Lcd_Chr6:
0x0138	0x3080      	MOVLW      128
0x0139	0x1283      	BCF        STATUS, 5
0x013A	0x1303      	BCF        STATUS, 6
0x013B	0x00B9      	MOVWF      FARG_Lcd_Chr_row
0x013C	0x295C      	GOTO       L_Lcd_Chr5
;__Lib_Lcd.c,68 :: 		
L_Lcd_Chr7:
0x013D	0x30C0      	MOVLW      192
0x013E	0x00B9      	MOVWF      FARG_Lcd_Chr_row
0x013F	0x295C      	GOTO       L_Lcd_Chr5
;__Lib_Lcd.c,69 :: 		
L_Lcd_Chr8:
0x0140	0x3094      	MOVLW      148
0x0141	0x00B9      	MOVWF      FARG_Lcd_Chr_row
0x0142	0x295C      	GOTO       L_Lcd_Chr5
;__Lib_Lcd.c,70 :: 		
L_Lcd_Chr9:
0x0143	0x30D4      	MOVLW      212
0x0144	0x00B9      	MOVWF      FARG_Lcd_Chr_row
0x0145	0x295C      	GOTO       L_Lcd_Chr5
;__Lib_Lcd.c,71 :: 		
L_Lcd_Chr10:
0x0146	0x3080      	MOVLW      128
0x0147	0x00B9      	MOVWF      FARG_Lcd_Chr_row
;__Lib_Lcd.c,72 :: 		
0x0148	0x295C      	GOTO       L_Lcd_Chr5
L_Lcd_Chr4:
0x0149	0x1283      	BCF        STATUS, 5
0x014A	0x1303      	BCF        STATUS, 6
0x014B	0x0839      	MOVF       FARG_Lcd_Chr_row, 0
0x014C	0x3A01      	XORLW      1
0x014D	0x1903      	BTFSC      STATUS, 2
0x014E	0x2938      	GOTO       L_Lcd_Chr6
0x014F	0x0839      	MOVF       FARG_Lcd_Chr_row, 0
0x0150	0x3A02      	XORLW      2
0x0151	0x1903      	BTFSC      STATUS, 2
0x0152	0x293D      	GOTO       L_Lcd_Chr7
0x0153	0x0839      	MOVF       FARG_Lcd_Chr_row, 0
0x0154	0x3A03      	XORLW      3
0x0155	0x1903      	BTFSC      STATUS, 2
0x0156	0x2940      	GOTO       L_Lcd_Chr8
0x0157	0x0839      	MOVF       FARG_Lcd_Chr_row, 0
0x0158	0x3A04      	XORLW      4
0x0159	0x1903      	BTFSC      STATUS, 2
0x015A	0x2943      	GOTO       L_Lcd_Chr9
0x015B	0x2946      	GOTO       L_Lcd_Chr10
L_Lcd_Chr5:
;__Lib_Lcd.c,74 :: 		
0x015C	0x033A      	DECF       FARG_Lcd_Chr_column, 0
0x015D	0x00F0      	MOVWF      R0
0x015E	0x0839      	MOVF       FARG_Lcd_Chr_row, 0
0x015F	0x07F0      	ADDWF      R0, 1
0x0160	0x0870      	MOVF       R0, 0
0x0161	0x00B9      	MOVWF      FARG_Lcd_Chr_row
;__Lib_Lcd.c,76 :: 		
0x0162	0x14B4      	BSF        __Lib_Lcd_cmd_status, BitPos(__Lib_Lcd_cmd_status+0)
;__Lib_Lcd.c,77 :: 		
0x0163	0x0870      	MOVF       R0, 0
0x0164	0x00C0      	MOVWF      FARG_Lcd_Cmd_out_char
0x0165	0x2018      	CALL       _Lcd_Cmd
;__Lib_Lcd.c,79 :: 		
0x0166	0x10B4      	BCF        __Lib_Lcd_cmd_status, BitPos(__Lib_Lcd_cmd_status+0)
;__Lib_Lcd.c,80 :: 		
0x0167	0x083B      	MOVF       FARG_Lcd_Chr_out_char, 0
0x0168	0x00C0      	MOVWF      FARG_Lcd_Cmd_out_char
0x0169	0x2018      	CALL       _Lcd_Cmd
;__Lib_Lcd.c,81 :: 		
0x016A	0x14B4      	BSF        __Lib_Lcd_cmd_status, BitPos(__Lib_Lcd_cmd_status+0)
;__Lib_Lcd.c,82 :: 		
L_end_Lcd_Chr:
0x016B	0x0008      	RETURN
; end of _Lcd_Chr
_Soft_I2C_Init:
;__Lib_SoftI2C.c,69 :: 		
;__Lib_SoftI2C.c,75 :: 		
0x016C	0x1683      	BSF        STATUS, 5
0x016D	0x1303      	BCF        STATUS, 6
0x016E	0x1587      	BSF        Soft_I2C_Scl_Direction, BitPos(Soft_I2C_Scl_Direction+0)
;__Lib_SoftI2C.c,76 :: 		
0x016F	0x1607      	BSF        Soft_I2C_Sda_Direction, BitPos(Soft_I2C_Sda_Direction+0)
;__Lib_SoftI2C.c,78 :: 		
0x0170	0x1283      	BCF        STATUS, 5
0x0171	0x1034      	BCF        __Lib_SoftI2C___StopWaiting, BitPos(__Lib_SoftI2C___StopWaiting+0)
;__Lib_SoftI2C.c,79 :: 		
L_Soft_I2C_Init0:
0x0172	0x1987      	BTFSC      Soft_I2C_Scl, BitPos(Soft_I2C_Scl+0)
0x0173	0x2978      	GOTO       L_Soft_I2C_Init1
;__Lib_SoftI2C.c,80 :: 		
0x0174	0x1C34      	BTFSS      __Lib_SoftI2C___StopWaiting, BitPos(__Lib_SoftI2C___StopWaiting+0)
0x0175	0x2977      	GOTO       L_Soft_I2C_Init2
;__Lib_SoftI2C.c,81 :: 		
0x0176	0x2978      	GOTO       L_Soft_I2C_Init1
L_Soft_I2C_Init2:
0x0177	0x2972      	GOTO       L_Soft_I2C_Init0
L_Soft_I2C_Init1:
;__Lib_SoftI2C.c,83 :: 		
L_end_Soft_I2C_Init:
0x0178	0x0008      	RETURN
; end of _Soft_I2C_Init
_Soft_I2C_Start:
;__Lib_SoftI2C.c,147 :: 		
;__Lib_SoftI2C.c,148 :: 		
0x0179	0x1683      	BSF        STATUS, 5
0x017A	0x1303      	BCF        STATUS, 6
0x017B	0x1607      	BSF        Soft_I2C_Sda_Direction, BitPos(Soft_I2C_Sda_Direction+0)
;__Lib_SoftI2C.c,150 :: 		
0x017C	0x200B      	CALL       _Delay_1us
0x017D	0x200B      	CALL       _Delay_1us
;__Lib_SoftI2C.c,152 :: 		
0x017E	0x1587      	BSF        Soft_I2C_Scl_Direction, BitPos(Soft_I2C_Scl_Direction+0)
;__Lib_SoftI2C.c,154 :: 		
0x017F	0x200B      	CALL       _Delay_1us
0x0180	0x200B      	CALL       _Delay_1us
;__Lib_SoftI2C.c,156 :: 		
0x0181	0x207C      	CALL       __Lib_SoftI2C_PutZerosToLATSda
;__Lib_SoftI2C.c,157 :: 		
0x0182	0x1683      	BSF        STATUS, 5
0x0183	0x1207      	BCF        Soft_I2C_Sda_Direction, BitPos(Soft_I2C_Sda_Direction+0)
;__Lib_SoftI2C.c,159 :: 		
0x0184	0x200B      	CALL       _Delay_1us
0x0185	0x200B      	CALL       _Delay_1us
;__Lib_SoftI2C.c,161 :: 		
0x0186	0x2071      	CALL       __Lib_SoftI2C_PutZerosToLATScl
;__Lib_SoftI2C.c,162 :: 		
0x0187	0x1683      	BSF        STATUS, 5
0x0188	0x1187      	BCF        Soft_I2C_Scl_Direction, BitPos(Soft_I2C_Scl_Direction+0)
;__Lib_SoftI2C.c,165 :: 		
L_end_Soft_I2C_Start:
0x0189	0x0008      	RETURN
; end of _Soft_I2C_Start
_Soft_I2C_Write:
;__Lib_SoftI2C.c,194 :: 		
;__Lib_SoftI2C.c,195 :: 		
0x018A	0x3001      	MOVLW      1
0x018B	0x1283      	BCF        STATUS, 5
0x018C	0x1303      	BCF        STATUS, 6
0x018D	0x00BC      	MOVWF      Soft_I2C_Write_result_L0
0x018E	0x3000      	MOVLW      0
0x018F	0x00BD      	MOVWF      Soft_I2C_Write_result_L0+1
;__Lib_SoftI2C.c,197 :: 		
0x0190	0x3080      	MOVLW      128
0x0191	0x00BA      	MOVWF      Soft_I2C_Write_temp_L0
0x0192	0x01BB      	CLRF       Soft_I2C_Write_temp_L0+1
;__Lib_SoftI2C.c,199 :: 		
L_Soft_I2C_Write16:
0x0193	0x083A      	MOVF       Soft_I2C_Write_temp_L0, 0
0x0194	0x043B      	IORWF      Soft_I2C_Write_temp_L0+1, 0
0x0195	0x1903      	BTFSC      STATUS, 2
0x0196	0x29C0      	GOTO       L_Soft_I2C_Write17
;__Lib_SoftI2C.c,200 :: 		
0x0197	0x200B      	CALL       _Delay_1us
0x0198	0x200B      	CALL       _Delay_1us
;__Lib_SoftI2C.c,201 :: 		
0x0199	0x200B      	CALL       _Delay_1us
0x019A	0x200B      	CALL       _Delay_1us
;__Lib_SoftI2C.c,203 :: 		
0x019B	0x2071      	CALL       __Lib_SoftI2C_PutZerosToLATScl
;__Lib_SoftI2C.c,204 :: 		
0x019C	0x1683      	BSF        STATUS, 5
0x019D	0x1187      	BCF        Soft_I2C_Scl_Direction, BitPos(Soft_I2C_Scl_Direction+0)
;__Lib_SoftI2C.c,206 :: 		
0x019E	0x200B      	CALL       _Delay_1us
0x019F	0x200B      	CALL       _Delay_1us
;__Lib_SoftI2C.c,208 :: 		
0x01A0	0x1283      	BCF        STATUS, 5
0x01A1	0x083A      	MOVF       Soft_I2C_Write_temp_L0, 0
0x01A2	0x0539      	ANDWF      FARG_Soft_I2C_Write_data_, 0
0x01A3	0x00F0      	MOVWF      R0
0x01A4	0x3000      	MOVLW      0
0x01A5	0x053B      	ANDWF      Soft_I2C_Write_temp_L0+1, 0
0x01A6	0x00F1      	MOVWF      R0+1
0x01A7	0x0870      	MOVF       R0, 0
0x01A8	0x0471      	IORWF      R0+1, 0
0x01A9	0x1903      	BTFSC      STATUS, 2
0x01AA	0x29AE      	GOTO       L_Soft_I2C_Write18
;__Lib_SoftI2C.c,209 :: 		
0x01AB	0x1683      	BSF        STATUS, 5
0x01AC	0x1607      	BSF        Soft_I2C_Sda_Direction, BitPos(Soft_I2C_Sda_Direction+0)
;__Lib_SoftI2C.c,210 :: 		
0x01AD	0x29B1      	GOTO       L_Soft_I2C_Write19
L_Soft_I2C_Write18:
;__Lib_SoftI2C.c,212 :: 		
0x01AE	0x207C      	CALL       __Lib_SoftI2C_PutZerosToLATSda
;__Lib_SoftI2C.c,213 :: 		
0x01AF	0x1683      	BSF        STATUS, 5
0x01B0	0x1207      	BCF        Soft_I2C_Sda_Direction, BitPos(Soft_I2C_Sda_Direction+0)
;__Lib_SoftI2C.c,214 :: 		
L_Soft_I2C_Write19:
;__Lib_SoftI2C.c,216 :: 		
0x01B1	0x200B      	CALL       _Delay_1us
0x01B2	0x200B      	CALL       _Delay_1us
;__Lib_SoftI2C.c,218 :: 		
0x01B3	0x1587      	BSF        Soft_I2C_Scl_Direction, BitPos(Soft_I2C_Scl_Direction+0)
;__Lib_SoftI2C.c,220 :: 		
0x01B4	0x1283      	BCF        STATUS, 5
0x01B5	0x1034      	BCF        __Lib_SoftI2C___StopWaiting, BitPos(__Lib_SoftI2C___StopWaiting+0)
;__Lib_SoftI2C.c,221 :: 		
L_Soft_I2C_Write20:
0x01B6	0x1987      	BTFSC      Soft_I2C_Scl, BitPos(Soft_I2C_Scl+0)
0x01B7	0x29BC      	GOTO       L_Soft_I2C_Write21
;__Lib_SoftI2C.c,222 :: 		
0x01B8	0x1C34      	BTFSS      __Lib_SoftI2C___StopWaiting, BitPos(__Lib_SoftI2C___StopWaiting+0)
0x01B9	0x29BB      	GOTO       L_Soft_I2C_Write22
;__Lib_SoftI2C.c,223 :: 		
0x01BA	0x29BC      	GOTO       L_Soft_I2C_Write21
L_Soft_I2C_Write22:
0x01BB	0x29B6      	GOTO       L_Soft_I2C_Write20
L_Soft_I2C_Write21:
;__Lib_SoftI2C.c,225 :: 		
0x01BC	0x0CBB      	RRF        Soft_I2C_Write_temp_L0+1, 1
0x01BD	0x0CBA      	RRF        Soft_I2C_Write_temp_L0, 1
0x01BE	0x13BB      	BCF        Soft_I2C_Write_temp_L0+1, 7
;__Lib_SoftI2C.c,226 :: 		
0x01BF	0x2993      	GOTO       L_Soft_I2C_Write16
L_Soft_I2C_Write17:
;__Lib_SoftI2C.c,228 :: 		
0x01C0	0x01BC      	CLRF       Soft_I2C_Write_result_L0
0x01C1	0x01BD      	CLRF       Soft_I2C_Write_result_L0+1
;__Lib_SoftI2C.c,230 :: 		
0x01C2	0x200B      	CALL       _Delay_1us
0x01C3	0x200B      	CALL       _Delay_1us
;__Lib_SoftI2C.c,232 :: 		
0x01C4	0x2071      	CALL       __Lib_SoftI2C_PutZerosToLATScl
;__Lib_SoftI2C.c,233 :: 		
0x01C5	0x1683      	BSF        STATUS, 5
0x01C6	0x1187      	BCF        Soft_I2C_Scl_Direction, BitPos(Soft_I2C_Scl_Direction+0)
;__Lib_SoftI2C.c,235 :: 		
0x01C7	0x200B      	CALL       _Delay_1us
0x01C8	0x200B      	CALL       _Delay_1us
;__Lib_SoftI2C.c,237 :: 		
0x01C9	0x1607      	BSF        Soft_I2C_Sda_Direction, BitPos(Soft_I2C_Sda_Direction+0)
;__Lib_SoftI2C.c,239 :: 		
0x01CA	0x200B      	CALL       _Delay_1us
0x01CB	0x200B      	CALL       _Delay_1us
;__Lib_SoftI2C.c,240 :: 		
0x01CC	0x200B      	CALL       _Delay_1us
0x01CD	0x200B      	CALL       _Delay_1us
;__Lib_SoftI2C.c,242 :: 		
0x01CE	0x1587      	BSF        Soft_I2C_Scl_Direction, BitPos(Soft_I2C_Scl_Direction+0)
;__Lib_SoftI2C.c,244 :: 		
0x01CF	0x1283      	BCF        STATUS, 5
0x01D0	0x1034      	BCF        __Lib_SoftI2C___StopWaiting, BitPos(__Lib_SoftI2C___StopWaiting+0)
;__Lib_SoftI2C.c,245 :: 		
L_Soft_I2C_Write23:
0x01D1	0x1987      	BTFSC      Soft_I2C_Scl, BitPos(Soft_I2C_Scl+0)
0x01D2	0x29D7      	GOTO       L_Soft_I2C_Write24
;__Lib_SoftI2C.c,246 :: 		
0x01D3	0x1C34      	BTFSS      __Lib_SoftI2C___StopWaiting, BitPos(__Lib_SoftI2C___StopWaiting+0)
0x01D4	0x29D6      	GOTO       L_Soft_I2C_Write25
;__Lib_SoftI2C.c,247 :: 		
0x01D5	0x29D7      	GOTO       L_Soft_I2C_Write24
L_Soft_I2C_Write25:
0x01D6	0x29D1      	GOTO       L_Soft_I2C_Write23
L_Soft_I2C_Write24:
;__Lib_SoftI2C.c,249 :: 		
0x01D7	0x01BC      	CLRF       Soft_I2C_Write_result_L0
0x01D8	0x01BD      	CLRF       Soft_I2C_Write_result_L0+1
;__Lib_SoftI2C.c,251 :: 		
0x01D9	0x200B      	CALL       _Delay_1us
0x01DA	0x200B      	CALL       _Delay_1us
;__Lib_SoftI2C.c,253 :: 		
0x01DB	0x1E07      	BTFSS      Soft_I2C_Sda, BitPos(Soft_I2C_Sda+0)
0x01DC	0x29DE      	GOTO       L_Soft_I2C_Write26
;__Lib_SoftI2C.c,254 :: 		
0x01DD	0x143C      	BSF        Soft_I2C_Write_result_L0, 0
L_Soft_I2C_Write26:
;__Lib_SoftI2C.c,256 :: 		
0x01DE	0x200B      	CALL       _Delay_1us
0x01DF	0x200B      	CALL       _Delay_1us
;__Lib_SoftI2C.c,257 :: 		
0x01E0	0x200B      	CALL       _Delay_1us
0x01E1	0x200B      	CALL       _Delay_1us
;__Lib_SoftI2C.c,258 :: 		
0x01E2	0x200B      	CALL       _Delay_1us
0x01E3	0x200B      	CALL       _Delay_1us
;__Lib_SoftI2C.c,259 :: 		
0x01E4	0x200B      	CALL       _Delay_1us
0x01E5	0x200B      	CALL       _Delay_1us
;__Lib_SoftI2C.c,260 :: 		
0x01E6	0x200B      	CALL       _Delay_1us
0x01E7	0x200B      	CALL       _Delay_1us
;__Lib_SoftI2C.c,261 :: 		
0x01E8	0x200B      	CALL       _Delay_1us
0x01E9	0x200B      	CALL       _Delay_1us
;__Lib_SoftI2C.c,262 :: 		
0x01EA	0x200B      	CALL       _Delay_1us
0x01EB	0x200B      	CALL       _Delay_1us
;__Lib_SoftI2C.c,263 :: 		
0x01EC	0x200B      	CALL       _Delay_1us
0x01ED	0x200B      	CALL       _Delay_1us
;__Lib_SoftI2C.c,265 :: 		
0x01EE	0x2071      	CALL       __Lib_SoftI2C_PutZerosToLATScl
;__Lib_SoftI2C.c,266 :: 		
0x01EF	0x1683      	BSF        STATUS, 5
0x01F0	0x1187      	BCF        Soft_I2C_Scl_Direction, BitPos(Soft_I2C_Scl_Direction+0)
;__Lib_SoftI2C.c,267 :: 		
0x01F1	0x207C      	CALL       __Lib_SoftI2C_PutZerosToLATSda
;__Lib_SoftI2C.c,268 :: 		
0x01F2	0x1683      	BSF        STATUS, 5
0x01F3	0x1207      	BCF        Soft_I2C_Sda_Direction, BitPos(Soft_I2C_Sda_Direction+0)
;__Lib_SoftI2C.c,270 :: 		
0x01F4	0x1283      	BCF        STATUS, 5
0x01F5	0x083C      	MOVF       Soft_I2C_Write_result_L0, 0
0x01F6	0x00F0      	MOVWF      R0
;__Lib_SoftI2C.c,271 :: 		
L_end_Soft_I2C_Write:
0x01F7	0x0008      	RETURN
; end of _Soft_I2C_Write
_Dec2Bcd:
;__Lib_Conversions.c,304 :: 		
;__Lib_Conversions.c,305 :: 		
0x01F8	0x1283      	BCF        STATUS, 5
0x01F9	0x1303      	BCF        STATUS, 6
0x01FA	0x01BA      	CLRF       Dec2Bcd_tmp_L0
;__Lib_Conversions.c,307 :: 		
0x01FB	0x0839      	MOVF       FARG_Dec2Bcd_decnum, 0
0x01FC	0x3C09      	SUBLW      9
0x01FD	0x1803      	BTFSC      STATUS, 0
0x01FE	0x2A1A      	GOTO       L_Dec2Bcd64
;__Lib_Conversions.c,308 :: 		
0x01FF	0x300A      	MOVLW      10
0x0200	0x00F4      	MOVWF      R4
0x0201	0x0839      	MOVF       FARG_Dec2Bcd_decnum, 0
0x0202	0x00F0      	MOVWF      R0
0x0203	0x2058      	CALL       _Div_8x8_U
0x0204	0x0870      	MOVF       R0, 0
0x0205	0x00BA      	MOVWF      Dec2Bcd_tmp_L0
;__Lib_Conversions.c,309 :: 		
0x0206	0x0870      	MOVF       R0, 0
0x0207	0x00BA      	MOVWF      Dec2Bcd_tmp_L0
0x0208	0x0DBA      	RLF        Dec2Bcd_tmp_L0, 1
0x0209	0x103A      	BCF        Dec2Bcd_tmp_L0, 0
0x020A	0x0DBA      	RLF        Dec2Bcd_tmp_L0, 1
0x020B	0x103A      	BCF        Dec2Bcd_tmp_L0, 0
0x020C	0x0DBA      	RLF        Dec2Bcd_tmp_L0, 1
0x020D	0x103A      	BCF        Dec2Bcd_tmp_L0, 0
0x020E	0x0DBA      	RLF        Dec2Bcd_tmp_L0, 1
0x020F	0x103A      	BCF        Dec2Bcd_tmp_L0, 0
;__Lib_Conversions.c,310 :: 		
0x0210	0x300A      	MOVLW      10
0x0211	0x00F4      	MOVWF      R4
0x0212	0x0839      	MOVF       FARG_Dec2Bcd_decnum, 0
0x0213	0x00F0      	MOVWF      R0
0x0214	0x2058      	CALL       _Div_8x8_U
0x0215	0x0878      	MOVF       R8, 0
0x0216	0x00F0      	MOVWF      R0
0x0217	0x0870      	MOVF       R0, 0
0x0218	0x04BA      	IORWF      Dec2Bcd_tmp_L0, 1
;__Lib_Conversions.c,311 :: 		
0x0219	0x2A1C      	GOTO       L_Dec2Bcd65
L_Dec2Bcd64:
;__Lib_Conversions.c,312 :: 		
0x021A	0x0839      	MOVF       FARG_Dec2Bcd_decnum, 0
0x021B	0x00BA      	MOVWF      Dec2Bcd_tmp_L0
L_Dec2Bcd65:
;__Lib_Conversions.c,313 :: 		
0x021C	0x083A      	MOVF       Dec2Bcd_tmp_L0, 0
0x021D	0x00F0      	MOVWF      R0
;__Lib_Conversions.c,314 :: 		
L_end_Dec2Bcd:
0x021E	0x0008      	RETURN
; end of _Dec2Bcd
_Soft_I2C_Read:
;__Lib_SoftI2C.c,86 :: 		
;__Lib_SoftI2C.c,87 :: 		
0x021F	0x1283      	BCF        STATUS, 5
0x0220	0x1303      	BCF        STATUS, 6
0x0221	0x01BB      	CLRF       Soft_I2C_Read_result_L0
0x0222	0x01BC      	CLRF       Soft_I2C_Read_result_L0+1
0x0223	0x3080      	MOVLW      128
0x0224	0x00BD      	MOVWF      Soft_I2C_Read_temp_L0
0x0225	0x3000      	MOVLW      0
0x0226	0x00BE      	MOVWF      Soft_I2C_Read_temp_L0+1
;__Lib_SoftI2C.c,89 :: 		
L_Soft_I2C_Read3:
0x0227	0x083D      	MOVF       Soft_I2C_Read_temp_L0, 0
0x0228	0x043E      	IORWF      Soft_I2C_Read_temp_L0+1, 0
0x0229	0x1903      	BTFSC      STATUS, 2
0x022A	0x2A4A      	GOTO       L_Soft_I2C_Read4
;__Lib_SoftI2C.c,90 :: 		
0x022B	0x200B      	CALL       _Delay_1us
0x022C	0x200B      	CALL       _Delay_1us
;__Lib_SoftI2C.c,92 :: 		
0x022D	0x1683      	BSF        STATUS, 5
0x022E	0x1607      	BSF        Soft_I2C_Sda_Direction, BitPos(Soft_I2C_Sda_Direction+0)
;__Lib_SoftI2C.c,94 :: 		
0x022F	0x200B      	CALL       _Delay_1us
0x0230	0x200B      	CALL       _Delay_1us
;__Lib_SoftI2C.c,96 :: 		
0x0231	0x1587      	BSF        Soft_I2C_Scl_Direction, BitPos(Soft_I2C_Scl_Direction+0)
;__Lib_SoftI2C.c,98 :: 		
0x0232	0x1283      	BCF        STATUS, 5
0x0233	0x1034      	BCF        __Lib_SoftI2C___StopWaiting, BitPos(__Lib_SoftI2C___StopWaiting+0)
;__Lib_SoftI2C.c,99 :: 		
L_Soft_I2C_Read5:
0x0234	0x1987      	BTFSC      Soft_I2C_Scl, BitPos(Soft_I2C_Scl+0)
0x0235	0x2A3A      	GOTO       L_Soft_I2C_Read6
;__Lib_SoftI2C.c,100 :: 		
0x0236	0x1C34      	BTFSS      __Lib_SoftI2C___StopWaiting, BitPos(__Lib_SoftI2C___StopWaiting+0)
0x0237	0x2A39      	GOTO       L_Soft_I2C_Read7
;__Lib_SoftI2C.c,101 :: 		
0x0238	0x2A3A      	GOTO       L_Soft_I2C_Read6
L_Soft_I2C_Read7:
0x0239	0x2A34      	GOTO       L_Soft_I2C_Read5
L_Soft_I2C_Read6:
;__Lib_SoftI2C.c,103 :: 		
0x023A	0x1E07      	BTFSS      Soft_I2C_Sda, BitPos(Soft_I2C_Sda+0)
0x023B	0x2A40      	GOTO       L_Soft_I2C_Read8
;__Lib_SoftI2C.c,104 :: 		
0x023C	0x083D      	MOVF       Soft_I2C_Read_temp_L0, 0
0x023D	0x04BB      	IORWF      Soft_I2C_Read_result_L0, 1
0x023E	0x083E      	MOVF       Soft_I2C_Read_temp_L0+1, 0
0x023F	0x04BC      	IORWF      Soft_I2C_Read_result_L0+1, 1
L_Soft_I2C_Read8:
;__Lib_SoftI2C.c,106 :: 		
0x0240	0x200B      	CALL       _Delay_1us
0x0241	0x200B      	CALL       _Delay_1us
;__Lib_SoftI2C.c,108 :: 		
0x0242	0x2071      	CALL       __Lib_SoftI2C_PutZerosToLATScl
;__Lib_SoftI2C.c,109 :: 		
0x0243	0x1683      	BSF        STATUS, 5
0x0244	0x1187      	BCF        Soft_I2C_Scl_Direction, BitPos(Soft_I2C_Scl_Direction+0)
;__Lib_SoftI2C.c,111 :: 		
0x0245	0x1283      	BCF        STATUS, 5
0x0246	0x0CBE      	RRF        Soft_I2C_Read_temp_L0+1, 1
0x0247	0x0CBD      	RRF        Soft_I2C_Read_temp_L0, 1
0x0248	0x13BE      	BCF        Soft_I2C_Read_temp_L0+1, 7
;__Lib_SoftI2C.c,112 :: 		
0x0249	0x2A27      	GOTO       L_Soft_I2C_Read3
L_Soft_I2C_Read4:
;__Lib_SoftI2C.c,114 :: 		
0x024A	0x1683      	BSF        STATUS, 5
0x024B	0x1607      	BSF        Soft_I2C_Sda_Direction, BitPos(Soft_I2C_Sda_Direction+0)
;__Lib_SoftI2C.c,116 :: 		
0x024C	0x200B      	CALL       _Delay_1us
0x024D	0x200B      	CALL       _Delay_1us
;__Lib_SoftI2C.c,118 :: 		
0x024E	0x1283      	BCF        STATUS, 5
0x024F	0x0839      	MOVF       FARG_Soft_I2C_Read_ack, 0
0x0250	0x043A      	IORWF      FARG_Soft_I2C_Read_ack+1, 0
0x0251	0x1903      	BTFSC      STATUS, 2
0x0252	0x2A56      	GOTO       L_Soft_I2C_Read9
;__Lib_SoftI2C.c,119 :: 		
0x0253	0x207C      	CALL       __Lib_SoftI2C_PutZerosToLATSda
;__Lib_SoftI2C.c,120 :: 		
0x0254	0x1683      	BSF        STATUS, 5
0x0255	0x1207      	BCF        Soft_I2C_Sda_Direction, BitPos(Soft_I2C_Sda_Direction+0)
;__Lib_SoftI2C.c,121 :: 		
L_Soft_I2C_Read9:
0x0256	0x1683      	BSF        STATUS, 5
;__Lib_SoftI2C.c,123 :: 		
0x0257	0x200B      	CALL       _Delay_1us
0x0258	0x200B      	CALL       _Delay_1us
;__Lib_SoftI2C.c,125 :: 		
0x0259	0x1587      	BSF        Soft_I2C_Scl_Direction, BitPos(Soft_I2C_Scl_Direction+0)
;__Lib_SoftI2C.c,127 :: 		
0x025A	0x1283      	BCF        STATUS, 5
0x025B	0x1034      	BCF        __Lib_SoftI2C___StopWaiting, BitPos(__Lib_SoftI2C___StopWaiting+0)
;__Lib_SoftI2C.c,128 :: 		
L_Soft_I2C_Read10:
0x025C	0x1987      	BTFSC      Soft_I2C_Scl, BitPos(Soft_I2C_Scl+0)
0x025D	0x2A62      	GOTO       L_Soft_I2C_Read11
;__Lib_SoftI2C.c,129 :: 		
0x025E	0x1C34      	BTFSS      __Lib_SoftI2C___StopWaiting, BitPos(__Lib_SoftI2C___StopWaiting+0)
0x025F	0x2A61      	GOTO       L_Soft_I2C_Read12
;__Lib_SoftI2C.c,130 :: 		
0x0260	0x2A62      	GOTO       L_Soft_I2C_Read11
L_Soft_I2C_Read12:
0x0261	0x2A5C      	GOTO       L_Soft_I2C_Read10
L_Soft_I2C_Read11:
;__Lib_SoftI2C.c,132 :: 		
0x0262	0x200B      	CALL       _Delay_1us
0x0263	0x200B      	CALL       _Delay_1us
;__Lib_SoftI2C.c,134 :: 		
0x0264	0x2071      	CALL       __Lib_SoftI2C_PutZerosToLATScl
;__Lib_SoftI2C.c,135 :: 		
0x0265	0x1683      	BSF        STATUS, 5
0x0266	0x1187      	BCF        Soft_I2C_Scl_Direction, BitPos(Soft_I2C_Scl_Direction+0)
;__Lib_SoftI2C.c,137 :: 		
0x0267	0x200B      	CALL       _Delay_1us
0x0268	0x200B      	CALL       _Delay_1us
;__Lib_SoftI2C.c,139 :: 		
0x0269	0x207C      	CALL       __Lib_SoftI2C_PutZerosToLATSda
;__Lib_SoftI2C.c,140 :: 		
0x026A	0x1683      	BSF        STATUS, 5
0x026B	0x1207      	BCF        Soft_I2C_Sda_Direction, BitPos(Soft_I2C_Sda_Direction+0)
;__Lib_SoftI2C.c,142 :: 		
0x026C	0x1283      	BCF        STATUS, 5
0x026D	0x083B      	MOVF       Soft_I2C_Read_result_L0, 0
0x026E	0x00F0      	MOVWF      R0
;__Lib_SoftI2C.c,143 :: 		
L_end_Soft_I2C_Read:
0x026F	0x0008      	RETURN
; end of _Soft_I2C_Read
_Mul_8x8_U:
;__Lib_Math.c,103 :: 		
;__Lib_Math.c,108 :: 		
0x0270	0x1283      	BCF        STATUS, 5
;__Lib_Math.c,109 :: 		
0x0271	0x1303      	BCF        STATUS, 6
;__Lib_Math.c,110 :: 		
0x0272	0x0870      	MOVF       R0, 0
;__Lib_Math.c,111 :: 		
0x0273	0x00F1      	MOVWF      R1
;__Lib_Math.c,112 :: 		
0x0274	0x01F0      	CLRF       R0
;__Lib_Math.c,113 :: 		
0x0275	0x3008      	MOVLW      8
;__Lib_Math.c,114 :: 		
0x0276	0x00FC      	MOVWF      R12
;__Lib_Math.c,115 :: 		
0x0277	0x0871      	MOVF       R1, 0
;__Lib_Math.c,116 :: 		
0x0278	0x0CF4      	RRF        R4, 1
;__Lib_Math.c,117 :: 		
0x0279	0x1803      	BTFSC      STATUS, 0
;__Lib_Math.c,118 :: 		
0x027A	0x2A7F      	GOTO       $+5
;__Lib_Math.c,119 :: 		
0x027B	0x0BFC      	DECFSZ     R12, 1
;__Lib_Math.c,120 :: 		
0x027C	0x2A78      	GOTO       $-4
;__Lib_Math.c,121 :: 		
0x027D	0x01F1      	CLRF       R1
;__Lib_Math.c,122 :: 		
0x027E	0x3400      	RETLW      0
;__Lib_Math.c,123 :: 		
0x027F	0x1003      	BCF        STATUS, 0
;__Lib_Math.c,124 :: 		
0x0280	0x2A84      	GOTO       $+4
;__Lib_Math.c,125 :: 		
0x0281	0x0CF4      	RRF        R4, 1
;__Lib_Math.c,126 :: 		
0x0282	0x1803      	BTFSC      STATUS, 0
;__Lib_Math.c,127 :: 		
0x0283	0x07F1      	ADDWF      R1, 1
;__Lib_Math.c,128 :: 		
0x0284	0x0CF1      	RRF        R1, 1
;__Lib_Math.c,129 :: 		
0x0285	0x0CF0      	RRF        R0, 1
;__Lib_Math.c,130 :: 		
0x0286	0x0BFC      	DECFSZ     R12, 1
;__Lib_Math.c,131 :: 		
0x0287	0x2A81      	GOTO       $-6
;__Lib_Math.c,133 :: 		
;__Lib_Math.c,134 :: 		
L_end_Mul_8x8_U:
0x0288	0x0008      	RETURN
; end of _Mul_8x8_U
_Read_Time:
;DS1307_LCD_RTC.c,28 :: 		void Read_Time() {
;DS1307_LCD_RTC.c,30 :: 		Soft_I2C_Start();               // Issue start signal
0x0289	0x2179      	CALL       _Soft_I2C_Start
;DS1307_LCD_RTC.c,31 :: 		Soft_I2C_Write(0xD0);           // Address DS1307, see PCF8583 datasheet
0x028A	0x30D0      	MOVLW      208
0x028B	0x1283      	BCF        STATUS, 5
0x028C	0x00B9      	MOVWF      FARG_Soft_I2C_Write_data_
0x028D	0x218A      	CALL       _Soft_I2C_Write
;DS1307_LCD_RTC.c,32 :: 		Soft_I2C_Write(0);              // Start from address 2
0x028E	0x01B9      	CLRF       FARG_Soft_I2C_Write_data_
0x028F	0x218A      	CALL       _Soft_I2C_Write
;DS1307_LCD_RTC.c,33 :: 		Soft_I2C_Start();               // Issue repeated start signal
0x0290	0x2179      	CALL       _Soft_I2C_Start
;DS1307_LCD_RTC.c,34 :: 		Soft_I2C_Write(0xD1);           // Address DS1307 for reading R/W=1
0x0291	0x30D1      	MOVLW      209
0x0292	0x1283      	BCF        STATUS, 5
0x0293	0x00B9      	MOVWF      FARG_Soft_I2C_Write_data_
0x0294	0x218A      	CALL       _Soft_I2C_Write
;DS1307_LCD_RTC.c,36 :: 		seconds = Soft_I2C_Read(1);     // Read seconds byte
0x0295	0x3001      	MOVLW      1
0x0296	0x00B9      	MOVWF      FARG_Soft_I2C_Read_ack
0x0297	0x3000      	MOVLW      0
0x0298	0x00BA      	MOVWF      FARG_Soft_I2C_Read_ack+1
0x0299	0x221F      	CALL       _Soft_I2C_Read
0x029A	0x0870      	MOVF       R0, 0
0x029B	0x00B8      	MOVWF      _seconds
;DS1307_LCD_RTC.c,37 :: 		minutes = Soft_I2C_Read(1);     // Read minutes byte
0x029C	0x3001      	MOVLW      1
0x029D	0x00B9      	MOVWF      FARG_Soft_I2C_Read_ack
0x029E	0x3000      	MOVLW      0
0x029F	0x00BA      	MOVWF      FARG_Soft_I2C_Read_ack+1
0x02A0	0x221F      	CALL       _Soft_I2C_Read
0x02A1	0x0870      	MOVF       R0, 0
0x02A2	0x00B7      	MOVWF      _minutes
;DS1307_LCD_RTC.c,38 :: 		hours = Soft_I2C_Read(1);       // Read hours byte
0x02A3	0x3001      	MOVLW      1
0x02A4	0x00B9      	MOVWF      FARG_Soft_I2C_Read_ack
0x02A5	0x3000      	MOVLW      0
0x02A6	0x00BA      	MOVWF      FARG_Soft_I2C_Read_ack+1
0x02A7	0x221F      	CALL       _Soft_I2C_Read
0x02A8	0x0870      	MOVF       R0, 0
0x02A9	0x00B6      	MOVWF      _hours
;DS1307_LCD_RTC.c,39 :: 		day = Soft_I2C_Read(1);         // Read year/day byte
0x02AA	0x3001      	MOVLW      1
0x02AB	0x00B9      	MOVWF      FARG_Soft_I2C_Read_ack
0x02AC	0x3000      	MOVLW      0
0x02AD	0x00BA      	MOVWF      FARG_Soft_I2C_Read_ack+1
0x02AE	0x221F      	CALL       _Soft_I2C_Read
0x02AF	0x0870      	MOVF       R0, 0
0x02B0	0x00B3      	MOVWF      _day
;DS1307_LCD_RTC.c,40 :: 		date = Soft_I2C_Read(1);         // Read year/day byte
0x02B1	0x3001      	MOVLW      1
0x02B2	0x00B9      	MOVWF      FARG_Soft_I2C_Read_ack
0x02B3	0x3000      	MOVLW      0
0x02B4	0x00BA      	MOVWF      FARG_Soft_I2C_Read_ack+1
0x02B5	0x221F      	CALL       _Soft_I2C_Read
0x02B6	0x0870      	MOVF       R0, 0
0x02B7	0x00B2      	MOVWF      _date
;DS1307_LCD_RTC.c,42 :: 		month = Soft_I2C_Read(1);       // Read weekday/month byte
0x02B8	0x3001      	MOVLW      1
0x02B9	0x00B9      	MOVWF      FARG_Soft_I2C_Read_ack
0x02BA	0x3000      	MOVLW      0
0x02BB	0x00BA      	MOVWF      FARG_Soft_I2C_Read_ack+1
0x02BC	0x221F      	CALL       _Soft_I2C_Read
0x02BD	0x0870      	MOVF       R0, 0
0x02BE	0x00B1      	MOVWF      _month
;DS1307_LCD_RTC.c,44 :: 		year = Soft_I2C_Read(0);       // Read weekday/month byte
0x02BF	0x01B9      	CLRF       FARG_Soft_I2C_Read_ack
0x02C0	0x01BA      	CLRF       FARG_Soft_I2C_Read_ack+1
0x02C1	0x221F      	CALL       _Soft_I2C_Read
0x02C2	0x0870      	MOVF       R0, 0
0x02C3	0x00B5      	MOVWF      _year
;DS1307_LCD_RTC.c,46 :: 		Soft_I2C_Stop();                // Issue stop signal
0x02C4	0x2115      	CALL       _Soft_I2C_Stop
;DS1307_LCD_RTC.c,48 :: 		}
L_end_Read_Time:
0x02C5	0x0008      	RETURN
; end of _Read_Time
_Transform_Time:
;DS1307_LCD_RTC.c,80 :: 		void Transform_Time() {
;DS1307_LCD_RTC.c,81 :: 		seconds  =  ((seconds & 0xF0) >> 4)*10 + (seconds & 0x0F);  // Transform seconds
0x02C6	0x30F0      	MOVLW      240
0x02C7	0x1283      	BCF        STATUS, 5
0x02C8	0x1303      	BCF        STATUS, 6
0x02C9	0x0538      	ANDWF      _seconds, 0
0x02CA	0x00F2      	MOVWF      R2
0x02CB	0x0872      	MOVF       R2, 0
0x02CC	0x00F0      	MOVWF      R0
0x02CD	0x0CF0      	RRF        R0, 1
0x02CE	0x13F0      	BCF        R0, 7
0x02CF	0x0CF0      	RRF        R0, 1
0x02D0	0x13F0      	BCF        R0, 7
0x02D1	0x0CF0      	RRF        R0, 1
0x02D2	0x13F0      	BCF        R0, 7
0x02D3	0x0CF0      	RRF        R0, 1
0x02D4	0x13F0      	BCF        R0, 7
0x02D5	0x300A      	MOVLW      10
0x02D6	0x00F4      	MOVWF      R4
0x02D7	0x2270      	CALL       _Mul_8x8_U
0x02D8	0x300F      	MOVLW      15
0x02D9	0x0538      	ANDWF      _seconds, 0
0x02DA	0x00F1      	MOVWF      R1
0x02DB	0x0871      	MOVF       R1, 0
0x02DC	0x0770      	ADDWF      R0, 0
0x02DD	0x00B8      	MOVWF      _seconds
;DS1307_LCD_RTC.c,82 :: 		minutes  =  ((minutes & 0xF0) >> 4)*10 + (minutes & 0x0F);  // Transform months
0x02DE	0x30F0      	MOVLW      240
0x02DF	0x0537      	ANDWF      _minutes, 0
0x02E0	0x00F2      	MOVWF      R2
0x02E1	0x0872      	MOVF       R2, 0
0x02E2	0x00F0      	MOVWF      R0
0x02E3	0x0CF0      	RRF        R0, 1
0x02E4	0x13F0      	BCF        R0, 7
0x02E5	0x0CF0      	RRF        R0, 1
0x02E6	0x13F0      	BCF        R0, 7
0x02E7	0x0CF0      	RRF        R0, 1
0x02E8	0x13F0      	BCF        R0, 7
0x02E9	0x0CF0      	RRF        R0, 1
0x02EA	0x13F0      	BCF        R0, 7
0x02EB	0x300A      	MOVLW      10
0x02EC	0x00F4      	MOVWF      R4
0x02ED	0x2270      	CALL       _Mul_8x8_U
0x02EE	0x300F      	MOVLW      15
0x02EF	0x0537      	ANDWF      _minutes, 0
0x02F0	0x00F1      	MOVWF      R1
0x02F1	0x0871      	MOVF       R1, 0
0x02F2	0x0770      	ADDWF      R0, 0
0x02F3	0x00B7      	MOVWF      _minutes
;DS1307_LCD_RTC.c,83 :: 		hours    =  ((hours & 0xF0)  >> 4)*10  + (hours & 0x0F);    // Transform hours
0x02F4	0x30F0      	MOVLW      240
0x02F5	0x0536      	ANDWF      _hours, 0
0x02F6	0x00F2      	MOVWF      R2
0x02F7	0x0872      	MOVF       R2, 0
0x02F8	0x00F0      	MOVWF      R0
0x02F9	0x0CF0      	RRF        R0, 1
0x02FA	0x13F0      	BCF        R0, 7
0x02FB	0x0CF0      	RRF        R0, 1
0x02FC	0x13F0      	BCF        R0, 7
0x02FD	0x0CF0      	RRF        R0, 1
0x02FE	0x13F0      	BCF        R0, 7
0x02FF	0x0CF0      	RRF        R0, 1
0x0300	0x13F0      	BCF        R0, 7
0x0301	0x300A      	MOVLW      10
0x0302	0x00F4      	MOVWF      R4
0x0303	0x2270      	CALL       _Mul_8x8_U
0x0304	0x300F      	MOVLW      15
0x0305	0x0536      	ANDWF      _hours, 0
0x0306	0x00F1      	MOVWF      R1
0x0307	0x0871      	MOVF       R1, 0
0x0308	0x0770      	ADDWF      R0, 0
0x0309	0x00B6      	MOVWF      _hours
;DS1307_LCD_RTC.c,84 :: 		day      =  ((day & 0x30) >> 4)*10    + (day & 0x0F);       // Transform day
0x030A	0x3030      	MOVLW      48
0x030B	0x0533      	ANDWF      _day, 0
0x030C	0x00F2      	MOVWF      R2
0x030D	0x0872      	MOVF       R2, 0
0x030E	0x00F0      	MOVWF      R0
0x030F	0x0CF0      	RRF        R0, 1
0x0310	0x13F0      	BCF        R0, 7
0x0311	0x0CF0      	RRF        R0, 1
0x0312	0x13F0      	BCF        R0, 7
0x0313	0x0CF0      	RRF        R0, 1
0x0314	0x13F0      	BCF        R0, 7
0x0315	0x0CF0      	RRF        R0, 1
0x0316	0x13F0      	BCF        R0, 7
0x0317	0x300A      	MOVLW      10
0x0318	0x00F4      	MOVWF      R4
0x0319	0x2270      	CALL       _Mul_8x8_U
0x031A	0x300F      	MOVLW      15
0x031B	0x0533      	ANDWF      _day, 0
0x031C	0x00F1      	MOVWF      R1
0x031D	0x0871      	MOVF       R1, 0
0x031E	0x0770      	ADDWF      R0, 0
0x031F	0x00B3      	MOVWF      _day
;DS1307_LCD_RTC.c,85 :: 		date    =  ((date & 0xF0)  >> 4)*10 + (date & 0x0F);     // Transform month
0x0320	0x30F0      	MOVLW      240
0x0321	0x0532      	ANDWF      _date, 0
0x0322	0x00F2      	MOVWF      R2
0x0323	0x0872      	MOVF       R2, 0
0x0324	0x00F0      	MOVWF      R0
0x0325	0x0CF0      	RRF        R0, 1
0x0326	0x13F0      	BCF        R0, 7
0x0327	0x0CF0      	RRF        R0, 1
0x0328	0x13F0      	BCF        R0, 7
0x0329	0x0CF0      	RRF        R0, 1
0x032A	0x13F0      	BCF        R0, 7
0x032B	0x0CF0      	RRF        R0, 1
0x032C	0x13F0      	BCF        R0, 7
0x032D	0x300A      	MOVLW      10
0x032E	0x00F4      	MOVWF      R4
0x032F	0x2270      	CALL       _Mul_8x8_U
0x0330	0x300F      	MOVLW      15
0x0331	0x0532      	ANDWF      _date, 0
0x0332	0x00F1      	MOVWF      R1
0x0333	0x0871      	MOVF       R1, 0
0x0334	0x0770      	ADDWF      R0, 0
0x0335	0x00B2      	MOVWF      _date
;DS1307_LCD_RTC.c,86 :: 		month    =  ((month & 0x10)  >> 4)*10 + (month & 0x0F);     // Transform month
0x0336	0x3010      	MOVLW      16
0x0337	0x0531      	ANDWF      _month, 0
0x0338	0x00F2      	MOVWF      R2
0x0339	0x0872      	MOVF       R2, 0
0x033A	0x00F0      	MOVWF      R0
0x033B	0x0CF0      	RRF        R0, 1
0x033C	0x13F0      	BCF        R0, 7
0x033D	0x0CF0      	RRF        R0, 1
0x033E	0x13F0      	BCF        R0, 7
0x033F	0x0CF0      	RRF        R0, 1
0x0340	0x13F0      	BCF        R0, 7
0x0341	0x0CF0      	RRF        R0, 1
0x0342	0x13F0      	BCF        R0, 7
0x0343	0x300A      	MOVLW      10
0x0344	0x00F4      	MOVWF      R4
0x0345	0x2270      	CALL       _Mul_8x8_U
0x0346	0x300F      	MOVLW      15
0x0347	0x0531      	ANDWF      _month, 0
0x0348	0x00F1      	MOVWF      R1
0x0349	0x0871      	MOVF       R1, 0
0x034A	0x0770      	ADDWF      R0, 0
0x034B	0x00B1      	MOVWF      _month
;DS1307_LCD_RTC.c,87 :: 		year     =   ((year & 0xF0) >> 4)*10 + (year & 0x0F);                             // Transform year
0x034C	0x30F0      	MOVLW      240
0x034D	0x0535      	ANDWF      _year, 0
0x034E	0x00F2      	MOVWF      R2
0x034F	0x0872      	MOVF       R2, 0
0x0350	0x00F0      	MOVWF      R0
0x0351	0x0CF0      	RRF        R0, 1
0x0352	0x13F0      	BCF        R0, 7
0x0353	0x0CF0      	RRF        R0, 1
0x0354	0x13F0      	BCF        R0, 7
0x0355	0x0CF0      	RRF        R0, 1
0x0356	0x13F0      	BCF        R0, 7
0x0357	0x0CF0      	RRF        R0, 1
0x0358	0x13F0      	BCF        R0, 7
0x0359	0x300A      	MOVLW      10
0x035A	0x00F4      	MOVWF      R4
0x035B	0x2270      	CALL       _Mul_8x8_U
0x035C	0x300F      	MOVLW      15
0x035D	0x0535      	ANDWF      _year, 0
0x035E	0x00F1      	MOVWF      R1
0x035F	0x0871      	MOVF       R1, 0
0x0360	0x0770      	ADDWF      R0, 0
0x0361	0x00B5      	MOVWF      _year
;DS1307_LCD_RTC.c,88 :: 		}
L_end_Transform_Time:
0x0362	0x0008      	RETURN
; end of _Transform_Time
_Write_Time:
;DS1307_LCD_RTC.c,53 :: 		void Write_Time() {
;DS1307_LCD_RTC.c,55 :: 		seconds = 0; minutes = 59; hours = 23; day = 1; date = 27; month = 11; year = 17;
0x0363	0x1283      	BCF        STATUS, 5
0x0364	0x1303      	BCF        STATUS, 6
0x0365	0x01B8      	CLRF       _seconds
0x0366	0x303B      	MOVLW      59
0x0367	0x00B7      	MOVWF      _minutes
0x0368	0x3017      	MOVLW      23
0x0369	0x00B6      	MOVWF      _hours
0x036A	0x3001      	MOVLW      1
0x036B	0x00B3      	MOVWF      _day
0x036C	0x301B      	MOVLW      27
0x036D	0x00B2      	MOVWF      _date
0x036E	0x300B      	MOVLW      11
0x036F	0x00B1      	MOVWF      _month
0x0370	0x3011      	MOVLW      17
0x0371	0x00B5      	MOVWF      _year
;DS1307_LCD_RTC.c,56 :: 		Soft_I2C_Start();                    // issue start signal
0x0372	0x2179      	CALL       _Soft_I2C_Start
;DS1307_LCD_RTC.c,57 :: 		Soft_I2C_Write(0xD0);                // address DS1307
0x0373	0x30D0      	MOVLW      208
0x0374	0x1283      	BCF        STATUS, 5
0x0375	0x00B9      	MOVWF      FARG_Soft_I2C_Write_data_
0x0376	0x218A      	CALL       _Soft_I2C_Write
;DS1307_LCD_RTC.c,58 :: 		Soft_I2C_Write(0x00);                //
0x0377	0x01B9      	CLRF       FARG_Soft_I2C_Write_data_
0x0378	0x218A      	CALL       _Soft_I2C_Write
;DS1307_LCD_RTC.c,59 :: 		Soft_I2C_Write(Dec2Bcd(seconds));    // REG 0
0x0379	0x0838      	MOVF       _seconds, 0
0x037A	0x00B9      	MOVWF      FARG_Dec2Bcd_decnum
0x037B	0x21F8      	CALL       _Dec2Bcd
0x037C	0x0870      	MOVF       R0, 0
0x037D	0x00B9      	MOVWF      FARG_Soft_I2C_Write_data_
0x037E	0x218A      	CALL       _Soft_I2C_Write
;DS1307_LCD_RTC.c,60 :: 		Soft_I2C_Write(Dec2Bcd(minutes));    // REG 1
0x037F	0x0837      	MOVF       _minutes, 0
0x0380	0x00B9      	MOVWF      FARG_Dec2Bcd_decnum
0x0381	0x21F8      	CALL       _Dec2Bcd
0x0382	0x0870      	MOVF       R0, 0
0x0383	0x00B9      	MOVWF      FARG_Soft_I2C_Write_data_
0x0384	0x218A      	CALL       _Soft_I2C_Write
;DS1307_LCD_RTC.c,61 :: 		Soft_I2C_Write(Dec2Bcd(hours));      // REG 2
0x0385	0x0836      	MOVF       _hours, 0
0x0386	0x00B9      	MOVWF      FARG_Dec2Bcd_decnum
0x0387	0x21F8      	CALL       _Dec2Bcd
0x0388	0x0870      	MOVF       R0, 0
0x0389	0x00B9      	MOVWF      FARG_Soft_I2C_Write_data_
0x038A	0x218A      	CALL       _Soft_I2C_Write
;DS1307_LCD_RTC.c,62 :: 		Soft_I2C_Write(Dec2Bcd(day));        // REG 3
0x038B	0x0833      	MOVF       _day, 0
0x038C	0x00B9      	MOVWF      FARG_Dec2Bcd_decnum
0x038D	0x21F8      	CALL       _Dec2Bcd
0x038E	0x0870      	MOVF       R0, 0
0x038F	0x00B9      	MOVWF      FARG_Soft_I2C_Write_data_
0x0390	0x218A      	CALL       _Soft_I2C_Write
;DS1307_LCD_RTC.c,63 :: 		Soft_I2C_Write(Dec2Bcd(date));       // REG 4
0x0391	0x0832      	MOVF       _date, 0
0x0392	0x00B9      	MOVWF      FARG_Dec2Bcd_decnum
0x0393	0x21F8      	CALL       _Dec2Bcd
0x0394	0x0870      	MOVF       R0, 0
0x0395	0x00B9      	MOVWF      FARG_Soft_I2C_Write_data_
0x0396	0x218A      	CALL       _Soft_I2C_Write
;DS1307_LCD_RTC.c,64 :: 		Soft_I2C_Write(Dec2Bcd(month));      // REG 5
0x0397	0x0831      	MOVF       _month, 0
0x0398	0x00B9      	MOVWF      FARG_Dec2Bcd_decnum
0x0399	0x21F8      	CALL       _Dec2Bcd
0x039A	0x0870      	MOVF       R0, 0
0x039B	0x00B9      	MOVWF      FARG_Soft_I2C_Write_data_
0x039C	0x218A      	CALL       _Soft_I2C_Write
;DS1307_LCD_RTC.c,65 :: 		Soft_I2C_Write(Dec2Bcd(year));       // REG 6
0x039D	0x0835      	MOVF       _year, 0
0x039E	0x00B9      	MOVWF      FARG_Dec2Bcd_decnum
0x039F	0x21F8      	CALL       _Dec2Bcd
0x03A0	0x0870      	MOVF       R0, 0
0x03A1	0x00B9      	MOVWF      FARG_Soft_I2C_Write_data_
0x03A2	0x218A      	CALL       _Soft_I2C_Write
;DS1307_LCD_RTC.c,66 :: 		Soft_I2C_Write(0b00000000);          // REG 7 - Enable squarewave output pin
0x03A3	0x01B9      	CLRF       FARG_Soft_I2C_Write_data_
0x03A4	0x218A      	CALL       _Soft_I2C_Write
;DS1307_LCD_RTC.c,67 :: 		Soft_I2C_Stop();                     // Issue stop signal
0x03A5	0x2115      	CALL       _Soft_I2C_Stop
;DS1307_LCD_RTC.c,68 :: 		}
L_end_Write_Time:
0x03A6	0x0008      	RETURN
; end of _Write_Time
_Init_Main:
;DS1307_LCD_RTC.c,113 :: 		void Init_Main() {
;DS1307_LCD_RTC.c,115 :: 		TRISB = 0;
0x03A7	0x1683      	BSF        STATUS, 5
0x03A8	0x1303      	BCF        STATUS, 6
0x03A9	0x0186      	CLRF       TRISB
;DS1307_LCD_RTC.c,116 :: 		PORTB = 0xFF;
0x03AA	0x30FF      	MOVLW      255
0x03AB	0x1283      	BCF        STATUS, 5
0x03AC	0x0086      	MOVWF      PORTB
;DS1307_LCD_RTC.c,117 :: 		TRISB = 0xff;
0x03AD	0x30FF      	MOVLW      255
0x03AE	0x1683      	BSF        STATUS, 5
0x03AF	0x0086      	MOVWF      TRISB
;DS1307_LCD_RTC.c,119 :: 		Soft_I2C_Init();           // Initialize Soft I2C communication
0x03B0	0x216C      	CALL       _Soft_I2C_Init
;DS1307_LCD_RTC.c,121 :: 		Lcd_Init();                // Initialize LCD
0x03B1	0x20C7      	CALL       _Lcd_Init
;DS1307_LCD_RTC.c,122 :: 		Lcd_Cmd(_LCD_CLEAR);       // Clear LCD display
0x03B2	0x3001      	MOVLW      1
0x03B3	0x00C0      	MOVWF      FARG_Lcd_Cmd_out_char
0x03B4	0x2018      	CALL       _Lcd_Cmd
;DS1307_LCD_RTC.c,123 :: 		Lcd_Cmd(_LCD_CURSOR_OFF);  // Turn cursor off
0x03B5	0x300C      	MOVLW      12
0x03B6	0x00C0      	MOVWF      FARG_Lcd_Cmd_out_char
0x03B7	0x2018      	CALL       _Lcd_Cmd
;DS1307_LCD_RTC.c,125 :: 		Lcd_Out(1,1,"Date:");      // Prepare and output static text on LCD
0x03B8	0x3001      	MOVLW      1
0x03B9	0x00B9      	MOVWF      FARG_Lcd_Out_row
0x03BA	0x3001      	MOVLW      1
0x03BB	0x00BA      	MOVWF      FARG_Lcd_Out_column
0x03BC	0x3029      	MOVLW      ?lstr1_DS1307_LCD_RTC
0x03BD	0x00BB      	MOVWF      FARG_Lcd_Out_text
0x03BE	0x2087      	CALL       _Lcd_Out
;DS1307_LCD_RTC.c,126 :: 		Lcd_Chr(1,8,'.');
0x03BF	0x3001      	MOVLW      1
0x03C0	0x00B9      	MOVWF      FARG_Lcd_Chr_row
0x03C1	0x3008      	MOVLW      8
0x03C2	0x00BA      	MOVWF      FARG_Lcd_Chr_column
0x03C3	0x302E      	MOVLW      46
0x03C4	0x00BB      	MOVWF      FARG_Lcd_Chr_out_char
0x03C5	0x2137      	CALL       _Lcd_Chr
;DS1307_LCD_RTC.c,127 :: 		Lcd_Chr(1,11,'.');
0x03C6	0x3001      	MOVLW      1
0x03C7	0x00B9      	MOVWF      FARG_Lcd_Chr_row
0x03C8	0x300B      	MOVLW      11
0x03C9	0x00BA      	MOVWF      FARG_Lcd_Chr_column
0x03CA	0x302E      	MOVLW      46
0x03CB	0x00BB      	MOVWF      FARG_Lcd_Chr_out_char
0x03CC	0x2137      	CALL       _Lcd_Chr
;DS1307_LCD_RTC.c,128 :: 		Lcd_Out(2,1,"Time:");
0x03CD	0x3002      	MOVLW      2
0x03CE	0x00B9      	MOVWF      FARG_Lcd_Out_row
0x03CF	0x3001      	MOVLW      1
0x03D0	0x00BA      	MOVWF      FARG_Lcd_Out_column
0x03D1	0x3023      	MOVLW      ?lstr2_DS1307_LCD_RTC
0x03D2	0x00BB      	MOVWF      FARG_Lcd_Out_text
0x03D3	0x2087      	CALL       _Lcd_Out
;DS1307_LCD_RTC.c,129 :: 		Lcd_Chr(2,8,':');
0x03D4	0x3002      	MOVLW      2
0x03D5	0x00B9      	MOVWF      FARG_Lcd_Chr_row
0x03D6	0x3008      	MOVLW      8
0x03D7	0x00BA      	MOVWF      FARG_Lcd_Chr_column
0x03D8	0x303A      	MOVLW      58
0x03D9	0x00BB      	MOVWF      FARG_Lcd_Chr_out_char
0x03DA	0x2137      	CALL       _Lcd_Chr
;DS1307_LCD_RTC.c,130 :: 		Lcd_Chr(2,11,':');
0x03DB	0x3002      	MOVLW      2
0x03DC	0x00B9      	MOVWF      FARG_Lcd_Chr_row
0x03DD	0x300B      	MOVLW      11
0x03DE	0x00BA      	MOVWF      FARG_Lcd_Chr_column
0x03DF	0x303A      	MOVLW      58
0x03E0	0x00BB      	MOVWF      FARG_Lcd_Chr_out_char
0x03E1	0x2137      	CALL       _Lcd_Chr
;DS1307_LCD_RTC.c,131 :: 		Lcd_Out(1,12,"20");       // start from year 2010
0x03E2	0x3001      	MOVLW      1
0x03E3	0x00B9      	MOVWF      FARG_Lcd_Out_row
0x03E4	0x300C      	MOVLW      12
0x03E5	0x00BA      	MOVWF      FARG_Lcd_Out_column
0x03E6	0x3020      	MOVLW      ?lstr3_DS1307_LCD_RTC
0x03E7	0x00BB      	MOVWF      FARG_Lcd_Out_text
0x03E8	0x2087      	CALL       _Lcd_Out
;DS1307_LCD_RTC.c,132 :: 		}
L_end_Init_Main:
0x03E9	0x0008      	RETURN
; end of _Init_Main
_Display_Time:
;DS1307_LCD_RTC.c,91 :: 		void Display_Time() {
;DS1307_LCD_RTC.c,93 :: 		Lcd_Chr(1, 6, (date / 10)   + 48);    // Print tens digit of day variable
0x03EA	0x3001      	MOVLW      1
0x03EB	0x1283      	BCF        STATUS, 5
0x03EC	0x1303      	BCF        STATUS, 6
0x03ED	0x00B9      	MOVWF      FARG_Lcd_Chr_row
0x03EE	0x3006      	MOVLW      6
0x03EF	0x00BA      	MOVWF      FARG_Lcd_Chr_column
0x03F0	0x300A      	MOVLW      10
0x03F1	0x00F4      	MOVWF      R4
0x03F2	0x0832      	MOVF       _date, 0
0x03F3	0x00F0      	MOVWF      R0
0x03F4	0x2058      	CALL       _Div_8x8_U
0x03F5	0x3030      	MOVLW      48
0x03F6	0x0770      	ADDWF      R0, 0
0x03F7	0x00BB      	MOVWF      FARG_Lcd_Chr_out_char
0x03F8	0x2137      	CALL       _Lcd_Chr
;DS1307_LCD_RTC.c,94 :: 		Lcd_Chr(1, 7, (date % 10)   + 48);    // Print oness digit of day variable
0x03F9	0x3001      	MOVLW      1
0x03FA	0x00B9      	MOVWF      FARG_Lcd_Chr_row
0x03FB	0x3007      	MOVLW      7
0x03FC	0x00BA      	MOVWF      FARG_Lcd_Chr_column
0x03FD	0x300A      	MOVLW      10
0x03FE	0x00F4      	MOVWF      R4
0x03FF	0x0832      	MOVF       _date, 0
0x0400	0x00F0      	MOVWF      R0
0x0401	0x2058      	CALL       _Div_8x8_U
0x0402	0x0878      	MOVF       R8, 0
0x0403	0x00F0      	MOVWF      R0
0x0404	0x3030      	MOVLW      48
0x0405	0x0770      	ADDWF      R0, 0
0x0406	0x00BB      	MOVWF      FARG_Lcd_Chr_out_char
0x0407	0x2137      	CALL       _Lcd_Chr
;DS1307_LCD_RTC.c,96 :: 		Lcd_Chr(1, 9, (month / 10) + 48);
0x0408	0x3001      	MOVLW      1
0x0409	0x00B9      	MOVWF      FARG_Lcd_Chr_row
0x040A	0x3009      	MOVLW      9
0x040B	0x00BA      	MOVWF      FARG_Lcd_Chr_column
0x040C	0x300A      	MOVLW      10
0x040D	0x00F4      	MOVWF      R4
0x040E	0x0831      	MOVF       _month, 0
0x040F	0x00F0      	MOVWF      R0
0x0410	0x2058      	CALL       _Div_8x8_U
0x0411	0x3030      	MOVLW      48
0x0412	0x0770      	ADDWF      R0, 0
0x0413	0x00BB      	MOVWF      FARG_Lcd_Chr_out_char
0x0414	0x2137      	CALL       _Lcd_Chr
;DS1307_LCD_RTC.c,97 :: 		Lcd_Chr(1,10, (month % 10) + 48);
0x0415	0x3001      	MOVLW      1
0x0416	0x00B9      	MOVWF      FARG_Lcd_Chr_row
0x0417	0x300A      	MOVLW      10
0x0418	0x00BA      	MOVWF      FARG_Lcd_Chr_column
0x0419	0x300A      	MOVLW      10
0x041A	0x00F4      	MOVWF      R4
0x041B	0x0831      	MOVF       _month, 0
0x041C	0x00F0      	MOVWF      R0
0x041D	0x2058      	CALL       _Div_8x8_U
0x041E	0x0878      	MOVF       R8, 0
0x041F	0x00F0      	MOVWF      R0
0x0420	0x3030      	MOVLW      48
0x0421	0x0770      	ADDWF      R0, 0
0x0422	0x00BB      	MOVWF      FARG_Lcd_Chr_out_char
0x0423	0x2137      	CALL       _Lcd_Chr
;DS1307_LCD_RTC.c,99 :: 		Lcd_Chr(1, 14, (year / 10) + 48);
0x0424	0x3001      	MOVLW      1
0x0425	0x00B9      	MOVWF      FARG_Lcd_Chr_row
0x0426	0x300E      	MOVLW      14
0x0427	0x00BA      	MOVWF      FARG_Lcd_Chr_column
0x0428	0x300A      	MOVLW      10
0x0429	0x00F4      	MOVWF      R4
0x042A	0x0835      	MOVF       _year, 0
0x042B	0x00F0      	MOVWF      R0
0x042C	0x2058      	CALL       _Div_8x8_U
0x042D	0x3030      	MOVLW      48
0x042E	0x0770      	ADDWF      R0, 0
0x042F	0x00BB      	MOVWF      FARG_Lcd_Chr_out_char
0x0430	0x2137      	CALL       _Lcd_Chr
;DS1307_LCD_RTC.c,100 :: 		Lcd_Chr(1,15, (year % 10) + 48);
0x0431	0x3001      	MOVLW      1
0x0432	0x00B9      	MOVWF      FARG_Lcd_Chr_row
0x0433	0x300F      	MOVLW      15
0x0434	0x00BA      	MOVWF      FARG_Lcd_Chr_column
0x0435	0x300A      	MOVLW      10
0x0436	0x00F4      	MOVWF      R4
0x0437	0x0835      	MOVF       _year, 0
0x0438	0x00F0      	MOVWF      R0
0x0439	0x2058      	CALL       _Div_8x8_U
0x043A	0x0878      	MOVF       R8, 0
0x043B	0x00F0      	MOVWF      R0
0x043C	0x3030      	MOVLW      48
0x043D	0x0770      	ADDWF      R0, 0
0x043E	0x00BB      	MOVWF      FARG_Lcd_Chr_out_char
0x043F	0x2137      	CALL       _Lcd_Chr
;DS1307_LCD_RTC.c,103 :: 		Lcd_Chr(2, 6, (hours / 10)   + 48);
0x0440	0x3002      	MOVLW      2
0x0441	0x00B9      	MOVWF      FARG_Lcd_Chr_row
0x0442	0x3006      	MOVLW      6
0x0443	0x00BA      	MOVWF      FARG_Lcd_Chr_column
0x0444	0x300A      	MOVLW      10
0x0445	0x00F4      	MOVWF      R4
0x0446	0x0836      	MOVF       _hours, 0
0x0447	0x00F0      	MOVWF      R0
0x0448	0x2058      	CALL       _Div_8x8_U
0x0449	0x3030      	MOVLW      48
0x044A	0x0770      	ADDWF      R0, 0
0x044B	0x00BB      	MOVWF      FARG_Lcd_Chr_out_char
0x044C	0x2137      	CALL       _Lcd_Chr
;DS1307_LCD_RTC.c,104 :: 		Lcd_Chr(2, 7, (hours % 10)   + 48);
0x044D	0x3002      	MOVLW      2
0x044E	0x00B9      	MOVWF      FARG_Lcd_Chr_row
0x044F	0x3007      	MOVLW      7
0x0450	0x00BA      	MOVWF      FARG_Lcd_Chr_column
0x0451	0x300A      	MOVLW      10
0x0452	0x00F4      	MOVWF      R4
0x0453	0x0836      	MOVF       _hours, 0
0x0454	0x00F0      	MOVWF      R0
0x0455	0x2058      	CALL       _Div_8x8_U
0x0456	0x0878      	MOVF       R8, 0
0x0457	0x00F0      	MOVWF      R0
0x0458	0x3030      	MOVLW      48
0x0459	0x0770      	ADDWF      R0, 0
0x045A	0x00BB      	MOVWF      FARG_Lcd_Chr_out_char
0x045B	0x2137      	CALL       _Lcd_Chr
;DS1307_LCD_RTC.c,105 :: 		Lcd_Chr(2, 9, (minutes / 10) + 48);
0x045C	0x3002      	MOVLW      2
0x045D	0x00B9      	MOVWF      FARG_Lcd_Chr_row
0x045E	0x3009      	MOVLW      9
0x045F	0x00BA      	MOVWF      FARG_Lcd_Chr_column
0x0460	0x300A      	MOVLW      10
0x0461	0x00F4      	MOVWF      R4
0x0462	0x0837      	MOVF       _minutes, 0
0x0463	0x00F0      	MOVWF      R0
0x0464	0x2058      	CALL       _Div_8x8_U
0x0465	0x3030      	MOVLW      48
0x0466	0x0770      	ADDWF      R0, 0
0x0467	0x00BB      	MOVWF      FARG_Lcd_Chr_out_char
0x0468	0x2137      	CALL       _Lcd_Chr
;DS1307_LCD_RTC.c,106 :: 		Lcd_Chr(2,10, (minutes % 10) + 48);
0x0469	0x3002      	MOVLW      2
0x046A	0x00B9      	MOVWF      FARG_Lcd_Chr_row
0x046B	0x300A      	MOVLW      10
0x046C	0x00BA      	MOVWF      FARG_Lcd_Chr_column
0x046D	0x300A      	MOVLW      10
0x046E	0x00F4      	MOVWF      R4
0x046F	0x0837      	MOVF       _minutes, 0
0x0470	0x00F0      	MOVWF      R0
0x0471	0x2058      	CALL       _Div_8x8_U
0x0472	0x0878      	MOVF       R8, 0
0x0473	0x00F0      	MOVWF      R0
0x0474	0x3030      	MOVLW      48
0x0475	0x0770      	ADDWF      R0, 0
0x0476	0x00BB      	MOVWF      FARG_Lcd_Chr_out_char
0x0477	0x2137      	CALL       _Lcd_Chr
;DS1307_LCD_RTC.c,107 :: 		Lcd_Chr(2,12, (seconds / 10) + 48);
0x0478	0x3002      	MOVLW      2
0x0479	0x00B9      	MOVWF      FARG_Lcd_Chr_row
0x047A	0x300C      	MOVLW      12
0x047B	0x00BA      	MOVWF      FARG_Lcd_Chr_column
0x047C	0x300A      	MOVLW      10
0x047D	0x00F4      	MOVWF      R4
0x047E	0x0838      	MOVF       _seconds, 0
0x047F	0x00F0      	MOVWF      R0
0x0480	0x2058      	CALL       _Div_8x8_U
0x0481	0x3030      	MOVLW      48
0x0482	0x0770      	ADDWF      R0, 0
0x0483	0x00BB      	MOVWF      FARG_Lcd_Chr_out_char
0x0484	0x2137      	CALL       _Lcd_Chr
;DS1307_LCD_RTC.c,108 :: 		Lcd_Chr(2,13, (seconds % 10) + 48);
0x0485	0x3002      	MOVLW      2
0x0486	0x00B9      	MOVWF      FARG_Lcd_Chr_row
0x0487	0x300D      	MOVLW      13
0x0488	0x00BA      	MOVWF      FARG_Lcd_Chr_column
0x0489	0x300A      	MOVLW      10
0x048A	0x00F4      	MOVWF      R4
0x048B	0x0838      	MOVF       _seconds, 0
0x048C	0x00F0      	MOVWF      R0
0x048D	0x2058      	CALL       _Div_8x8_U
0x048E	0x0878      	MOVF       R8, 0
0x048F	0x00F0      	MOVWF      R0
0x0490	0x3030      	MOVLW      48
0x0491	0x0770      	ADDWF      R0, 0
0x0492	0x00BB      	MOVWF      FARG_Lcd_Chr_out_char
0x0493	0x2137      	CALL       _Lcd_Chr
;DS1307_LCD_RTC.c,109 :: 		}
L_end_Display_Time:
0x0494	0x0008      	RETURN
; end of _Display_Time
___CC2DW:
;__Lib_System.c,134 :: 		
;__Lib_System.c,137 :: 		
_CC2D_Loop1:
;__Lib_System.c,139 :: 		
0x0495	0x2130      	CALL       _____DoICP
0x0496	0x118A      	BCF        PCLATH, 3
0x0497	0x120A      	BCF        PCLATH, 4
;__Lib_System.c,141 :: 		
0x0498	0x0080      	MOVWF      INDF
;__Lib_System.c,142 :: 		
0x0499	0x0A84      	INCF       FSR, 1
;__Lib_System.c,143 :: 		
0x049A	0x0AAF      	INCF       ___DoICPAddr, 1
;__Lib_System.c,145 :: 		
0x049B	0x1903      	BTFSC      STATUS, 2
;__Lib_System.c,146 :: 		
0x049C	0x0AB0      	INCF       ___DoICPAddr+1, 1
;__Lib_System.c,147 :: 		
0x049D	0x03F0      	DECF       R0, 1
;__Lib_System.c,149 :: 		
0x049E	0x1D03      	BTFSS      STATUS, 2
;__Lib_System.c,150 :: 		
0x049F	0x2C95      	GOTO       _CC2D_Loop1
;__Lib_System.c,152 :: 		
L_end___CC2DW:
0x04A0	0x0008      	RETURN
; end of ___CC2DW
_main:
0x04A1	0x3032      	MOVLW      50
0x04A2	0x1283      	BCF        STATUS, 5
0x04A3	0x1303      	BCF        STATUS, 6
0x04A4	0x00A0      	MOVWF      ?lstr3_DS1307_LCD_RTC
0x04A5	0x3030      	MOVLW      48
0x04A6	0x00A1      	MOVWF      33
0x04A7	0x01A2      	CLRF       34
0x04A8	0x3054      	MOVLW      84
0x04A9	0x00A3      	MOVWF      ?lstr2_DS1307_LCD_RTC
0x04AA	0x3069      	MOVLW      105
0x04AB	0x00A4      	MOVWF      36
0x04AC	0x306D      	MOVLW      109
0x04AD	0x00A5      	MOVWF      37
0x04AE	0x3065      	MOVLW      101
0x04AF	0x00A6      	MOVWF      38
0x04B0	0x303A      	MOVLW      58
0x04B1	0x00A7      	MOVWF      39
0x04B2	0x01A8      	CLRF       40
0x04B3	0x3044      	MOVLW      68
0x04B4	0x00A9      	MOVWF      ?lstr1_DS1307_LCD_RTC
0x04B5	0x3061      	MOVLW      97
0x04B6	0x00AA      	MOVWF      42
0x04B7	0x3074      	MOVLW      116
0x04B8	0x00AB      	MOVWF      43
0x04B9	0x3065      	MOVLW      101
0x04BA	0x00AC      	MOVWF      44
0x04BB	0x303A      	MOVLW      58
0x04BC	0x00AD      	MOVWF      45
0x04BD	0x01AE      	CLRF       46
;DS1307_LCD_RTC.c,137 :: 		void main() {
;DS1307_LCD_RTC.c,138 :: 		Init_Main();               // Perform initialization
0x04BE	0x23A7      	CALL       _Init_Main
;DS1307_LCD_RTC.c,139 :: 		Write_Time();
0x04BF	0x2363      	CALL       _Write_Time
;DS1307_LCD_RTC.c,141 :: 		while (1) {                // Endless loop
L_main0:
;DS1307_LCD_RTC.c,142 :: 		Read_Time();             // Read time from RTC(PCF8583)
0x04C0	0x2289      	CALL       _Read_Time
;DS1307_LCD_RTC.c,143 :: 		Transform_Time();        // Format date and time
0x04C1	0x22C6      	CALL       _Transform_Time
;DS1307_LCD_RTC.c,144 :: 		Display_Time();          // Prepare and display on LCD
0x04C2	0x23EA      	CALL       _Display_Time
;DS1307_LCD_RTC.c,145 :: 		}
0x04C3	0x2CC0      	GOTO       L_main0
;DS1307_LCD_RTC.c,146 :: 		}
L_end_main:
0x04C4	0x2CC4      	GOTO       $+0
; end of _main
Symbol List:
//** Routines locations **
//ADDRESS    SIZE    PROCEDURE
//----------------------------------------------
0x0003       [8]    _Delay_50us
0x000B       [2]    _Delay_1us
0x000D      [11]    _Delay_5500us
0x0018      [64]    _Lcd_Cmd
0x0058      [17]    _Div_8x8_U
0x0069       [8]    _Lcd_Chr_CP
0x0071      [11]    __Lib_SoftI2C_PutZerosToLATScl
0x007C      [11]    __Lib_SoftI2C_PutZerosToLATSda
0x0087      [64]    _Lcd_Out
0x00C7      [78]    _Lcd_Init
0x0115      [27]    _Soft_I2C_Stop
0x0130       [7]    _____DoICP
0x0137      [53]    _Lcd_Chr
0x016C      [13]    _Soft_I2C_Init
0x0179      [17]    _Soft_I2C_Start
0x018A     [110]    _Soft_I2C_Write
0x01F8      [39]    _Dec2Bcd
0x021F      [81]    _Soft_I2C_Read
0x0270      [25]    _Mul_8x8_U
0x0289      [61]    _Read_Time
0x02C6     [157]    _Transform_Time
0x0363      [68]    _Write_Time
0x03A7      [67]    _Init_Main
0x03EA     [171]    _Display_Time
0x0495      [12]    ___CC2DW
0x04A1      [36]    _main
//** Variables locations ** 
//ADDRESS    SIZE    VARIABLE
//----------------------------------------------
0x0000       [1]    INDF
0x0002       [1]    PCL
0x0003       [1]    STATUS
0x0004       [1]    FSR
0x0006       [0]    RB4_bit
0x0006       [0]    LCD_D6
0x0006       [0]    RB0_bit
0x0006       [0]    RB1_bit
0x0006       [0]    LCD_D7
0x0006       [0]    RB2_bit
0x0006       [0]    RB3_bit
0x0006       [0]    RB5_bit
0x0006       [0]    LCD_D4
0x0006       [0]    LCD_EN
0x0006       [0]    LCD_RS
0x0006       [0]    LCD_D5
0x0006       [1]    PORTB
0x0007       [0]    Soft_I2C_Sda
0x0007       [0]    RC4_bit
0x0007       [0]    Soft_I2C_Scl
0x0007       [0]    RC3_bit
0x000A       [1]    PCLATH
0x0020       [3]    ?lstr3_DS1307_LCD_RTC
0x0023       [6]    ?lstr2_DS1307_LCD_RTC
0x0029       [6]    ?lstr1_DS1307_LCD_RTC
0x002F       [2]    ___DoICPAddr
0x0031       [1]    _month
0x0032       [1]    _date
0x0033       [1]    _day
0x0034       [0]    __Lib_Lcd_cmd_status
0x0034       [0]    __Lib_SoftI2C___StopWaiting
0x0035       [1]    _year
0x0036       [1]    _hours
0x0037       [1]    _minutes
0x0038       [1]    _seconds
0x0039       [1]    FARG_Lcd_Chr_row
0x0039       [1]    FARG_Dec2Bcd_decnum
0x0039       [1]    FARG_Soft_I2C_Write_data_
0x0039       [2]    FARG_Soft_I2C_Read_ack
0x0039       [1]    FARG_Lcd_Out_row
0x003A       [1]    FARG_Lcd_Chr_column
0x003A       [2]    Soft_I2C_Write_temp_L0
0x003A       [1]    Dec2Bcd_tmp_L0
0x003A       [1]    FARG_Lcd_Out_column
0x003B       [2]    Soft_I2C_Read_result_L0
0x003B       [1]    FARG_Lcd_Out_text
0x003B       [1]    FARG_Lcd_Chr_out_char
0x003C       [2]    Soft_I2C_Write_result_L0
0x003C       [1]    Lcd_Out_i_L0
0x003D       [2]    Soft_I2C_Read_temp_L0
0x003F       [1]    FARG_Lcd_Chr_CP_out_char
0x0040       [1]    FARG_Lcd_Cmd_out_char
0x0070       [1]    R0
0x0071       [1]    R1
0x0072       [1]    R2
0x0073       [1]    R3
0x0074       [1]    R4
0x0075       [1]    R5
0x0076       [1]    R6
0x0077       [1]    R7
0x0078       [1]    R8
0x0079       [1]    R9
0x007A       [1]    R10
0x007B       [1]    R11
0x007C       [1]    R12
0x007D       [1]    R13
0x007E       [1]    R14
0x007F       [1]    R15
0x0086       [1]    TRISB
0x0086       [0]    TRISB0_bit
0x0086       [0]    TRISB1_bit
0x0086       [0]    TRISB5_bit
0x0086       [0]    TRISB2_bit
0x0086       [0]    TRISB3_bit
0x0086       [0]    TRISB4_bit
0x0086       [0]    LCD_D5_Direction
0x0086       [0]    LCD_D4_Direction
0x0086       [0]    LCD_D7_Direction
0x0086       [0]    LCD_D6_Direction
0x0086       [0]    LCD_EN_Direction
0x0086       [0]    LCD_RS_Direction
0x0087       [0]    TRISC3_bit
0x0087       [0]    TRISC4_bit
0x0087       [0]    Soft_I2C_Sda_Direction
0x0087       [0]    Soft_I2C_Scl_Direction
//** Label List: ** 
//----------------------------------------------
  L_main0
  L_main1
  L_end_Read_Time
  _Read_Time
  L_end_Write_Time
  _Write_Time
  L_end_Transform_Time
  _Transform_Time
  L_end_Display_Time
  _Display_Time
  L_end_Init_Main
  _Init_Main
  L_end_main
  _main
  L_ByteToStr0
  L_ByteToStr1
  L_ByteToStr2
  L_ByteToStr3
  L_ByteToStr4
  L_ByteToStr5
  L_WordToStr6
  L_WordToStr7
  L_WordToStr8
  L_WordToStr9
  L_WordToStr10
  L_WordToStr11
  L_WordToStrWithZeros12
  L_WordToStrWithZeros13
  L_WordToStrWithZeros14
  L_WordToStrWithZeros15
  L_WordToStrWithZeros16
  L_ShortToStr17
  L_ShortToStr18
  L_ShortToStr19
  L_ShortToStr20
  L_ShortToStr21
  L_ShortToStr22
  L_IntToStr23
  L_IntToStr24
  L_IntToStr25
  L_IntToStr26
  L_IntToStr27
  L_IntToStr28
  L_IntToStrWithZeros29
  L_IntToStrWithZeros30
  L_IntToStrWithZeros31
  L_IntToStrWithZeros32
  L_IntToStrWithZeros33
  L_IntToStrWithZeros34
  L_IntToStrWithZeros35
  L_IntToStrWithZeros36
  L_IntToStrWithZeros37
  L_LongWordToStr38
  L_LongWordToStr39
  L_LongWordToStr40
  L_LongWordToStr41
  L_LongWordToStr42
  L_LongWordToStr43
  L_LongWordToStrWithZeros44
  L_LongWordToStrWithZeros45
  L_LongWordToStrWithZeros46
  L_LongWordToStrWithZeros47
  L_LongWordToStrWithZeros48
  L_LongToStr49
  L_LongToStr50
  L_LongToStr51
  L_LongToStr52
  L_LongToStr53
  L_LongToStr54
  L_LongIntToStrWithZeros55
  L_LongIntToStrWithZeros56
  L_LongIntToStrWithZeros57
  L_LongIntToStrWithZeros58
  L_LongIntToStrWithZeros59
  L_LongIntToStrWithZeros60
  L_LongIntToStrWithZeros61
  L_LongIntToStrWithZeros62
  L_LongIntToStrWithZeros63
  L_Dec2Bcd64
  L_Dec2Bcd65
  L_Rtrim66
  L_Rtrim67
  L_Rtrim68
  L_Rtrim69
  L_Ltrim70
  L_Ltrim71
  L_Ltrim72
  L_Ltrim73
  L_Ltrim74
  L_Ltrim75
  L_FloatToStr76
  L_FloatToStr77
  L_FloatToStr78
  L_FloatToStr79
  L_FloatToStr80
  L_FloatToStr81
  L_FloatToStr82
  L_FloatToStr83
  L_FloatToStr84
  L_FloatToStr85
  L_FloatToStr86
  L_FloatToStr87
  L_FloatToStr88
  L_FloatToStr89
  L_FloatToStr90
  L_FloatToStr91
  L_FloatToStr92
  L_FloatToStr93
  L_FloatToStr94
  L_FloatToStr95
  L_FloatToStr96
  L_FloatToStr97
  L__Rtrim98
  L__Ltrim99
  L__FloatToStr100
  L_end_ByteToHex
  _ByteToHex
  L_end_ShortToHex
  _ShortToHex
  L_end_WordToHex
  _WordToHex
  L_end_IntToHex
  _IntToHex
  L_end_LongWordToHex
  _LongWordToHex
  L_end_LongIntToHex
  _LongIntToHex
  L_end_ByteToStr
  _ByteToStr
  L_end_WordToStr
  _WordToStr
  L__WordToStr109
  L_end_WordToStrWithZeros
  _WordToStrWithZeros
  L__WordToStrWithZeros111
  L_end_ShortToStr
  _ShortToStr
  L__ShortToStr113
  L_end_IntToStr
  _IntToStr
  L__IntToStr115
  L__IntToStr116
  L_end_IntToStrWithZeros
  _IntToStrWithZeros
  L__IntToStrWithZeros118
  L__IntToStrWithZeros119
  L__IntToStrWithZeros120
  L_end_LongWordToStr
  _LongWordToStr
  L__LongWordToStr122
  L__LongWordToStr123
  L_end_LongWordToStrWithZeros
  _LongWordToStrWithZeros
  L__LongWordToStrWithZeros125
  L_end_LongToStr
  _LongToStr
  L__LongToStr127
  L__LongToStr128
  L_end_LongIntToStrWithZeros
  _LongIntToStrWithZeros
  L__LongIntToStrWithZeros130
  L__LongIntToStrWithZeros131
  L__LongIntToStrWithZeros132
  L_end_Dec2Bcd
  _Dec2Bcd
  L_end_Bcd2Dec
  _Bcd2Dec
  L_end_Bcd2Dec16
  _Bcd2Dec16
  L__Bcd2Dec16136
  L__Bcd2Dec16137
  L_end_Dec2Bcd16
  _Dec2Bcd16
  L__Dec2Bcd16139
  L__Dec2Bcd16140
  L_end_Rtrim
  _Rtrim
  L_end_Ltrim
  _Ltrim
  L_end_FloatToStr
  _FloatToStr
  L__FloatToStr144
  L__FloatToStr145
  L__FloatToStr146
  L__FloatToStr147
  L__FloatToStr148
  L_Delay_10us0
  L_Delay_22us1
  L_Delay_50us2
  L_Delay_80us3
  L_Delay_500us4
  L_Delay_5500us5
  L_Delay_1ms6
  L_Delay_5ms7
  L_Delay_8ms8
  L_Delay_10ms9
  L_Delay_100ms10
  L_Delay_1sec11
  L_boot16_Delay_5ms12
  L_Delay_Cyc13
  L_Delay_Cyc14
  L_VDelay_ms15
  L_VDelay_ms16
  L_VDelay_ms17
  L_VDelay_Advanced_ms18
  L_VDelay_Advanced_ms19
  L_VDelay_Advanced_ms20
  L_end_Get_Fosc_kHz
  _Get_Fosc_kHz
  L_end_Delay_1us
  _Delay_1us
  L_end_Delay_10us
  _Delay_10us
  L_end_Delay_22us
  _Delay_22us
  L_end_Delay_50us
  _Delay_50us
  L_end_Delay_80us
  _Delay_80us
  L_end_Delay_500us
  _Delay_500us
  L_end_Delay_5500us
  _Delay_5500us
  L_end_Delay_1ms
  _Delay_1ms
  L_end_Delay_5ms
  _Delay_5ms
  L_end_Delay_8ms
  _Delay_8ms
  L_end_Delay_10ms
  _Delay_10ms
  L_end_Delay_100ms
  _Delay_100ms
  L_end_Delay_1sec
  _Delay_1sec
  L_end_boot16_Delay_5ms
  _boot16_Delay_5ms
  L_end_Delay_Cyc
  _Delay_Cyc
  L_end_VDelay_ms
  _VDelay_ms
  L__VDelay_ms38
  L__VDelay_ms39
  L__VDelay_ms40
  L_end_VDelay_Advanced_ms
  _VDelay_Advanced_ms
  L__VDelay_Advanced_ms42
  L__VDelay_Advanced_ms43
  L__VDelay_Advanced_ms44
  L_Lcd_Cmd0
  L_Lcd_Cmd1
  L_Lcd_Out_CP2
  L_Lcd_Out_CP3
  L_Lcd_Chr4
  L_Lcd_Chr5
  L_Lcd_Chr6
  L_Lcd_Chr7
  L_Lcd_Chr8
  L_Lcd_Chr9
  L_Lcd_Chr10
  L_Lcd_Out11
  L_Lcd_Out12
  L_Lcd_Out13
  L_Lcd_Out14
  L_Lcd_Out15
  L_Lcd_Out16
  L_Lcd_Out17
  L_Lcd_Out18
  L_Lcd_Out19
  L_end_Lcd_Cmd
  _Lcd_Cmd
  L__Lcd_Cmd21
  L__Lcd_Cmd22
  L__Lcd_Cmd23
  L__Lcd_Cmd24
  L__Lcd_Cmd25
  L__Lcd_Cmd26
  L__Lcd_Cmd27
  L__Lcd_Cmd28
  L__Lcd_Cmd29
  L__Lcd_Cmd30
  L__Lcd_Cmd31
  L__Lcd_Cmd32
  L__Lcd_Cmd33
  L__Lcd_Cmd34
  L__Lcd_Cmd35
  L__Lcd_Cmd36
  L__Lcd_Cmd37
  L__Lcd_Cmd38
  L__Lcd_Cmd39
  L__Lcd_Cmd40
  L_end_Lcd_Chr_CP
  _Lcd_Chr_CP
  L_end_Lcd_Out_CP
  _Lcd_Out_CP
  L_end_Lcd_Chr
  _Lcd_Chr
  L_end_Lcd_Init
  _Lcd_Init
  L_end_Lcd_Out
  _Lcd_Out
  L_Div_16x16_S0
  L_Div_16x16_S1
  LOOPS3232A
  SADD22LA
  SOK22LA
  SADD22L8
  SOK22L8
  LOOPS3232B
  SADD22LB
  SOK22LB
  SADD22L16
  SOK22L16
  LOOPS3232C
  SADD22LC
  SOK22LC
  SADD22L24
  SOK22L24
  LOOPS3232D
  SADD22LD
  SOK22LD
  SOK22L
  L_Div_32x32_S6
  L_Div_32x32_S7
  L_Div_32x32_S8
  L_Div_32x32_S9
  FXD3232S
  END_ALL
  CA3232S
  C3232SX
  C3232SX1
  C3232S
  C3232S2
  C3232SX4
  C3232SOK
  C3232SX3
  C3232SX2
  avoid_comfrem
  LOOPU3232A
  UADD22LA
  UOK22LA
  UADD22L8
  UOK22L8
  LOOPU3232B
  UADD22LB
  UOK22LB
  UADD22L16
  UOK22L16
  LOOPU3232C
  UADD22LC
  UOK22LC
  UADD22L24
  UOK22L24
  LOOPU3232D
  UADD22LD
  UOK22LD
  UOK22L
  _NEXT
  _EXIT2
  _LOOP
  _EXIT1
  _IF_FIRST
  _IF_SECOND
  _INVERCE_FIRST
  _MULT
  _INBERSE_SECOND
  _EXIT
  L_end_Mul_8x8_U
  _Mul_8x8_U
  L_end_Mul_16x16_U
  _Mul_16x16_U
  L_end_Div_8x8_U
  _Div_8x8_U
  L_end_Div_16x16_U
  _Div_16x16_U
  L_end_Mul_8x8_S
  _Mul_8x8_S
  L_end_Mul_16x16_S
  _Mul_16x16_S
  L_end_Div_16x16_S_L
  _Div_16x16_S_L
  L_end_Div_16x16_S
  _Div_16x16_S
  L_end_Div_8x8_S
  _Div_8x8_S
  L_end_SDIV3232L
  _SDIV3232L
  L_end_COMFREM
  _COMFREM
  L_end_Div_32x32_S
  _Div_32x32_S
  L_end_Div_32x32_U
  _Div_32x32_U
  L_end_Mul_32x32_U
  _Mul_32x32_U
  L_end_Mul_32x32_S
  _Mul_32x32_S
  L_Soft_I2C_Init0
  L_Soft_I2C_Init1
  L_Soft_I2C_Init2
  L_Soft_I2C_Read3
  L_Soft_I2C_Read4
  L_Soft_I2C_Read5
  L_Soft_I2C_Read6
  L_Soft_I2C_Read7
  L_Soft_I2C_Read8
  L_Soft_I2C_Read9
  L_Soft_I2C_Read10
  L_Soft_I2C_Read11
  L_Soft_I2C_Read12
  L_Soft_I2C_Stop13
  L_Soft_I2C_Stop14
  L_Soft_I2C_Stop15
  L_Soft_I2C_Write16
  L_Soft_I2C_Write17
  L_Soft_I2C_Write18
  L_Soft_I2C_Write19
  L_Soft_I2C_Write20
  L_Soft_I2C_Write21
  L_Soft_I2C_Write22
  L_Soft_I2C_Write23
  L_Soft_I2C_Write24
  L_Soft_I2C_Write25
  L_Soft_I2C_Write26
  L_end_PutZerosToLATSda
  __Lib_SoftI2C_PutZerosToLATSda
  L_end_PutZerosToLATScl
  __Lib_SoftI2C_PutZerosToLATScl
  L_end_Soft_I2C_Break
  _Soft_I2C_Break
  L_end_Soft_I2C_Init
  _Soft_I2C_Init
  L_end_Soft_I2C_Read
  _Soft_I2C_Read
  L_end_Soft_I2C_Start
  _Soft_I2C_Start
  L_end_Soft_I2C_Stop
  _Soft_I2C_Stop
  L_end_Soft_I2C_Write
  _Soft_I2C_Write
  L_loopCA2AWs
  L_CA2AWend
  _CCA2AW_Loop1
  L_loopCS2Ss
  L_CS2Send
  _CCS2S_Loop1
  L_CCS2Send
  L_loopFZinSWs
  L_FZinSend
  _CC2D_Loop1
  L_end_____DoICP
  _____DoICP
  L_end_____DoIFC
  _____DoIFC
  L_end___CA2AW
  ___CA2AW
  L_end___CCA2AW
  ___CCA2AW
  L_end___CS2S
  ___CS2S
  L_end___CCS2S
  ___CCS2S
  L_end___FZinS
  ___FZinS
  L_end___CC2DW
  ___CC2DW
  L_end_Swap
  _Swap
