;  LST file generated by mikroListExporter - v.2.0 
; Date/Time: 11/6/2017 2:15:28 PM
;----------------------------------------------

;Address Opcode 	ASM
0x0000	0x2AE5      	GOTO       741
_interrupt:
0x0004	0x00FF      	MOVWF      R15
0x0005	0x0E03      	SWAPF      STATUS, 0
0x0006	0x0183      	CLRF       STATUS
0x0007	0x00B5      	MOVWF      ___saveSTATUS
0x0008	0x080A      	MOVF       PCLATH, 0
0x0009	0x00B6      	MOVWF      ___savePCLATH
0x000A	0x018A      	CLRF       PCLATH
0x000B	0x0870      	MOVF       R0, 0
0x000C	0x00A1      	MOVWF      33
0x000D	0x1D0B      	BTFSS      INTCON, 2
0x000E	0x2816      	GOTO       L_interrupt6
0x000F	0x0AAE      	INCF       _cnt, 1
0x0010	0x082E      	MOVF       _cnt, 0
0x0011	0x3A32      	XORLW      50
0x0012	0x1D03      	BTFSS      STATUS, 2
0x0013	0x2816      	GOTO       L_interrupt7
0x0014	0x01AE      	CLRF       _cnt
0x0015	0x2252      	CALL       _get_lm35
L_interrupt7:
L_interrupt6:
0x0016	0x110B      	BCF        INTCON, 2
L_end_interrupt:
L__interrupt13:
0x0017	0x0821      	MOVF       33, 0
0x0018	0x00F0      	MOVWF      R0
0x0019	0x0836      	MOVF       ___savePCLATH, 0
0x001A	0x008A      	MOVWF      PCLATH
0x001B	0x0E35      	SWAPF      ___saveSTATUS, 0
0x001C	0x0083      	MOVWF      STATUS
0x001D	0x0EFF      	SWAPF      R15, 1
0x001E	0x0E7F      	SWAPF      R15, 0
0x001F	0x0009      	RETFIE
; end of _interrupt
_RES032:
0x0020	0x01F2      	CLRF       R2
0x0021	0x01F1      	CLRF       R1
0x0022	0x01F0      	CLRF       R0
0x0023	0x01F8      	CLRF       R8
0x0024	0x01F3      	CLRF       R3
0x0025	0x3000      	MOVLW      0
L_end_RES032:
0x0026	0x0008      	RETURN
; end of _RES032
_SETFUN32:
0x0027	0x157B      	BSF        R11, 2
0x0028	0x1FFB      	BTFSS      R11, 7
0x0029	0x2831      	GOTO       SETFUN32EEE
0x002A	0x3001      	MOVLW      1
0x002B	0x00F3      	MOVWF      R3
0x002C	0x01F2      	CLRF       R2
0x002D	0x01F1      	CLRF       R1
0x002E	0x01F0      	CLRF       R0
0x002F	0x0DFA      	RLF        R10, 1
0x0030	0x0CF2      	RRF        R2, 1
SETFUN32EEE:
0x0031	0x30FF      	MOVLW      255
L_end_SETFUN32:
0x0032	0x0008      	RETURN
; end of _SETFUN32
_FIXSIGN32:
0x0033	0x1FFA      	BTFSS      R10, 7
0x0034	0x13F2      	BCF        R2, 7
0x0035	0x3000      	MOVLW      0
L_end_FIXSIGN32:
0x0036	0x0008      	RETURN
; end of _FIXSIGN32
_SETFOV32:
0x0037	0x14FB      	BSF        R11, 1
0x0038	0x1FFB      	BTFSS      R11, 7
0x0039	0x2841      	GOTO       SETFOV32EEE
0x003A	0x30FF      	MOVLW      255
0x003B	0x00F3      	MOVWF      R3
0x003C	0x00F2      	MOVWF      R2
0x003D	0x00F1      	MOVWF      R1
0x003E	0x00F0      	MOVWF      R0
0x003F	0x0DFA      	RLF        R10, 1
0x0040	0x0CF2      	RRF        R2, 1
SETFOV32EEE:
0x0041	0x30FF      	MOVLW      255
L_end_SETFOV32:
0x0042	0x0008      	RETURN
; end of _SETFOV32
_SETFDZ32:
0x0043	0x15FB      	BSF        R11, 3
0x0044	0x30FF      	MOVLW      255
L_end_SETFDZ32:
0x0045	0x0008      	RETURN
; end of _SETFDZ32
_SETIOV3224:
0x0046	0x147B      	BSF        R11, 0
0x0047	0x1FFB      	BTFSS      R11, 7
0x0048	0x2851      	GOTO       SETIOV3224EEE
0x0049	0x01F2      	CLRF       R2
0x004A	0x1FFA      	BTFSS      R10, 7
0x004B	0x30FF      	MOVLW      255
0x004C	0x00F2      	MOVWF      R2
0x004D	0x00F1      	MOVWF      R1
0x004E	0x00F0      	MOVWF      R0
0x004F	0x0DFA      	RLF        R10, 1
0x0050	0x0CF2      	RRF        R2, 1
SETIOV3224EEE:
0x0051	0x30FF      	MOVLW      255
L_end_SETIOV3224:
0x0052	0x0008      	RETURN
; end of _SETIOV3224
_NRM3232:
0x0053	0x01A0      	CLRF       __math_tempbD
0x0054	0x0872      	MOVF       R2, 0
0x0055	0x1D03      	BTFSS      STATUS, 2
0x0056	0x2868      	GOTO       NORM3232
0x0057	0x0871      	MOVF       R1, 0
0x0058	0x00F2      	MOVWF      R2
0x0059	0x0870      	MOVF       R0, 0
0x005A	0x00F1      	MOVWF      R1
0x005B	0x01F0      	CLRF       R0
0x005C	0x15A0      	BSF        __math_tempbD, 3
0x005D	0x0872      	MOVF       R2, 0
0x005E	0x1D03      	BTFSS      STATUS, 2
0x005F	0x2868      	GOTO       NORM3232
0x0060	0x0871      	MOVF       R1, 0
0x0061	0x00F2      	MOVWF      R2
0x0062	0x01F1      	CLRF       R1
0x0063	0x11A0      	BCF        __math_tempbD, 3
0x0064	0x1620      	BSF        __math_tempbD, 4
0x0065	0x0872      	MOVF       R2, 0
0x0066	0x1903      	BTFSC      STATUS, 2
0x0067	0x2876      	GOTO       JPNRES032
NORM3232:
0x0068	0x0820      	MOVF       __math_tempbD, 0
0x0069	0x02F3      	SUBWF      R3, 1
0x006A	0x1D03      	BTFSS      STATUS, 2
0x006B	0x1C03      	BTFSS      STATUS, 0
0x006C	0x287A      	GOTO       JPNSETFUN32
0x006D	0x1003      	BCF        STATUS, 0
NORM3232A:
0x006E	0x1BF2      	BTFSC      R2, 7
0x006F	0x287E      	GOTO       JMPNFIXSIGN32
0x0070	0x0DF0      	RLF        R0, 1
0x0071	0x0DF1      	RLF        R1, 1
0x0072	0x0DF2      	RLF        R2, 1
0x0073	0x0BF3      	DECFSZ     R3, 1
0x0074	0x286E      	GOTO       NORM3232A
0x0075	0x287A      	GOTO       JPNSETFUN32
JPNRES032:
0x0076	0x3001      	MOVLW      1
0x0077	0x00FC      	MOVWF      R12
0x0078	0x2020      	CALL       _RES032
0x0079	0x2881      	GOTO       NORM32EEE
JPNSETFUN32:
0x007A	0x3002      	MOVLW      2
0x007B	0x00FC      	MOVWF      R12
0x007C	0x2027      	CALL       _SETFUN32
0x007D	0x2881      	GOTO       NORM32EEE
JMPNFIXSIGN32:
0x007E	0x3004      	MOVLW      4
0x007F	0x00FC      	MOVWF      R12
0x0080	0x2033      	CALL       _FIXSIGN32
NORM32EEE:
L_end_NRM3232:
0x0081	0x0008      	RETURN
; end of _NRM3232
_int2double:
0x0082	0x1283      	BCF        STATUS, 5
0x0083	0x1303      	BCF        STATUS, 6
0x0084	0x0870      	MOVF       R0, 0
0x0085	0x00F8      	MOVWF      R8
0x0086	0x0871      	MOVF       R1, 0
0x0087	0x00F0      	MOVWF      R0
0x0088	0x01F1      	CLRF       R1
0x0089	0x01F2      	CLRF       R2
0x008A	0x01F3      	CLRF       R3
0x008B	0x01FB      	CLRF       R11
0x008C	0x01FC      	CLRF       R12
0x008D	0x3096      	MOVLW      150
0x008E	0x00F3      	MOVWF      R3
0x008F	0x01FA      	CLRF       R10
0x0090	0x1FF0      	BTFSS      R0, 7
0x0091	0x2898      	GOTO       FLO1632EEE
0x0092	0x09F8      	COMF       R8, 1
0x0093	0x09F0      	COMF       R0, 1
0x0094	0x0AF8      	INCF       R8, 1
0x0095	0x1903      	BTFSC      STATUS, 2
0x0096	0x0AF0      	INCF       R0, 1
0x0097	0x17FA      	BSF        R10, 7
FLO1632EEE:
0x0098	0x0870      	MOVF       R0, 0
0x0099	0x00F1      	MOVWF      R1
0x009A	0x0878      	MOVF       R8, 0
0x009B	0x00F0      	MOVWF      R0
0x009C	0x01F8      	CLRF       R8
0x009D	0x01F2      	CLRF       R2
0x009E	0x2053      	CALL       _NRM3232
L_end_int2double:
0x009F	0x0008      	RETURN
; end of _int2double
_Div_32x32_FP:
0x00A0	0x1283      	BCF        STATUS, 5
0x00A1	0x0874      	MOVF       R4, 0
0x00A2	0x3A00      	XORLW      0
0x00A3	0x1D03      	BTFSS      STATUS, 2
0x00A4	0x28BA      	GOTO       L_Div_32x32_FP7
0x00A5	0x0875      	MOVF       R5, 0
0x00A6	0x3A00      	XORLW      0
0x00A7	0x1D03      	BTFSS      STATUS, 2
0x00A8	0x28BA      	GOTO       L_Div_32x32_FP8
0x00A9	0x0876      	MOVF       R6, 0
0x00AA	0x3A00      	XORLW      0
0x00AB	0x1D03      	BTFSS      STATUS, 2
0x00AC	0x28BA      	GOTO       L_Div_32x32_FP9
0x00AD	0x0877      	MOVF       R7, 0
0x00AE	0x3A00      	XORLW      0
0x00AF	0x1D03      	BTFSS      STATUS, 2
0x00B0	0x28BA      	GOTO       L_Div_32x32_FP10
0x00B1	0x30FF      	MOVLW      255
0x00B2	0x00F0      	MOVWF      R0
0x00B3	0x30FF      	MOVLW      255
0x00B4	0x00F1      	MOVWF      R1
0x00B5	0x307F      	MOVLW      127
0x00B6	0x00F2      	MOVWF      R2
0x00B7	0x30FF      	MOVLW      255
0x00B8	0x00F3      	MOVWF      R3
0x00B9	0x2955      	GOTO       L_end_Div_32x32_FP
L_Div_32x32_FP10:
L_Div_32x32_FP9:
L_Div_32x32_FP8:
L_Div_32x32_FP7:
0x00BA	0x1283      	BCF        STATUS, 5
0x00BB	0x1303      	BCF        STATUS, 6
0x00BC	0x0877      	MOVF       R7, 0
0x00BD	0x1903      	BTFSC      STATUS, 2
0x00BE	0x2949      	GOTO       JPDSETFDZ32
0x00BF	0x0873      	MOVF       R3, 0
0x00C0	0x1903      	BTFSC      STATUS, 2
0x00C1	0x294C      	GOTO       JPDRES032
0x00C2	0x0872      	MOVF       R2, 0
0x00C3	0x0676      	XORWF      R6, 0
0x00C4	0x3980      	ANDLW      128
0x00C5	0x00FA      	MOVWF      R10
0x00C6	0x17F2      	BSF        R2, 7
0x00C7	0x17F6      	BSF        R6, 7
0x00C8	0x01A0      	CLRF       __math_tempbD
0x00C9	0x0872      	MOVF       R2, 0
0x00CA	0x00F8      	MOVWF      R8
0x00CB	0x0871      	MOVF       R1, 0
0x00CC	0x00FC      	MOVWF      R12
0x00CD	0x0870      	MOVF       R0, 0
0x00CE	0x00FD      	MOVWF      R13
0x00CF	0x0874      	MOVF       R4, 0
0x00D0	0x02FD      	SUBWF      R13, 1
0x00D1	0x0875      	MOVF       R5, 0
0x00D2	0x1C03      	BTFSS      STATUS, 0
0x00D3	0x0F75      	INCFSZ     R5, 0
0x00D4	0x02FC      	SUBWF      R12, 1
0x00D5	0x0876      	MOVF       R6, 0
0x00D6	0x1C03      	BTFSS      STATUS, 0
0x00D7	0x0F76      	INCFSZ     R6, 0
0x00D8	0x02F8      	SUBWF      R8, 1
0x00D9	0x01F8      	CLRF       R8
0x00DA	0x01FC      	CLRF       R12
0x00DB	0x01FD      	CLRF       R13
0x00DC	0x1C03      	BTFSS      STATUS, 0
0x00DD	0x28E5      	GOTO       DALIGN32OK
0x00DE	0x1003      	BCF        STATUS, 0
0x00DF	0x0CF2      	RRF        R2, 1
0x00E0	0x0CF1      	RRF        R1, 1
0x00E1	0x0CF0      	RRF        R0, 1
0x00E2	0x0CF8      	RRF        R8, 1
0x00E3	0x3001      	MOVLW      1
0x00E4	0x00A0      	MOVWF      __math_tempbD
DALIGN32OK:
0x00E5	0x0877      	MOVF       R7, 0
0x00E6	0x02F3      	SUBWF      R3, 1
0x00E7	0x1C03      	BTFSS      STATUS, 0
0x00E8	0x28EF      	GOTO       ALTB32
0x00E9	0x307E      	MOVLW      126
0x00EA	0x0720      	ADDWF      __math_tempbD, 0
0x00EB	0x07F3      	ADDWF      R3, 1
0x00EC	0x1803      	BTFSC      STATUS, 0
0x00ED	0x294F      	GOTO       JPDSETFOV32
0x00EE	0x28F4      	GOTO       DARGOK32
ALTB32:
0x00EF	0x307E      	MOVLW      126
0x00F0	0x0720      	ADDWF      __math_tempbD, 0
0x00F1	0x07F3      	ADDWF      R3, 1
0x00F2	0x1C03      	BTFSS      STATUS, 0
0x00F3	0x2952      	GOTO       JPDSETFUN32
DARGOK32:
0x00F4	0x3018      	MOVLW      24
0x00F5	0x07FA      	ADDWF      R10, 1
DLOOP32:
0x00F6	0x0DFD      	RLF        R13, 1
0x00F7	0x0DFC      	RLF        R12, 1
0x00F8	0x0DF8      	RLF        R8, 1
0x00F9	0x0DF0      	RLF        R0, 1
0x00FA	0x0DF1      	RLF        R1, 1
0x00FB	0x0DF2      	RLF        R2, 1
0x00FC	0x0DA0      	RLF        __math_tempbD, 1
0x00FD	0x0874      	MOVF       R4, 0
0x00FE	0x02F0      	SUBWF      R0, 1
0x00FF	0x0875      	MOVF       R5, 0
0x0100	0x1C03      	BTFSS      STATUS, 0
0x0101	0x0F75      	INCFSZ     R5, 0
0x0102	0x02F1      	SUBWF      R1, 1
0x0103	0x0876      	MOVF       R6, 0
0x0104	0x1C03      	BTFSS      STATUS, 0
0x0105	0x0F76      	INCFSZ     R6, 0
0x0106	0x02F2      	SUBWF      R2, 1
0x0107	0x0D76      	RLF        R6, 0
0x0108	0x04A0      	IORWF      __math_tempbD, 1
0x0109	0x1C20      	BTFSS      __math_tempbD, 0
0x010A	0x290D      	GOTO       DREST32
0x010B	0x147D      	BSF        R13, 0
0x010C	0x2918      	GOTO       DOK32
DREST32:
0x010D	0x0874      	MOVF       R4, 0
0x010E	0x07F0      	ADDWF      R0, 1
0x010F	0x0875      	MOVF       R5, 0
0x0110	0x1803      	BTFSC      STATUS, 0
0x0111	0x0F75      	INCFSZ     R5, 0
0x0112	0x07F1      	ADDWF      R1, 1
0x0113	0x0876      	MOVF       R6, 0
0x0114	0x1803      	BTFSC      STATUS, 0
0x0115	0x0A76      	INCF       R6, 0
0x0116	0x07F2      	ADDWF      R2, 1
0x0117	0x107D      	BCF        R13, 0
DOK32:
0x0118	0x03FA      	DECF       R10, 1
0x0119	0x301F      	MOVLW      31
0x011A	0x057A      	ANDWF      R10, 0
0x011B	0x1D03      	BTFSS      STATUS, 2
0x011C	0x28F6      	GOTO       DLOOP32
0x011D	0x1B7B      	BTFSC      R11, 6
0x011E	0x1C7D      	BTFSS      R13, 0
0x011F	0x293F      	GOTO       DIV32OK
0x0120	0x1003      	BCF        STATUS, 0
0x0121	0x0DF0      	RLF        R0, 1
0x0122	0x0DF1      	RLF        R1, 1
0x0123	0x0DF2      	RLF        R2, 1
0x0124	0x0DA0      	RLF        __math_tempbD, 1
0x0125	0x0874      	MOVF       R4, 0
0x0126	0x02F0      	SUBWF      R0, 1
0x0127	0x0875      	MOVF       R5, 0
0x0128	0x1C03      	BTFSS      STATUS, 0
0x0129	0x0F75      	INCFSZ     R5, 0
0x012A	0x02F1      	SUBWF      R1, 1
0x012B	0x0876      	MOVF       R6, 0
0x012C	0x1C03      	BTFSS      STATUS, 0
0x012D	0x0F76      	INCFSZ     R6, 0
0x012E	0x02F2      	SUBWF      R2, 1
0x012F	0x0D76      	RLF        R6, 0
0x0130	0x0420      	IORWF      __math_tempbD, 0
0x0131	0x3901      	ANDLW      1
0x0132	0x07FD      	ADDWF      R13, 1
0x0133	0x1803      	BTFSC      STATUS, 0
0x0134	0x0AFC      	INCF       R12, 1
0x0135	0x1903      	BTFSC      STATUS, 2
0x0136	0x0AF8      	INCF       R8, 1
0x0137	0x1D03      	BTFSS      STATUS, 2
0x0138	0x293F      	GOTO       DIV32OK
0x0139	0x0CF8      	RRF        R8, 1
0x013A	0x0CFC      	RRF        R12, 1
0x013B	0x0CFD      	RRF        R13, 1
0x013C	0x0AF3      	INCF       R3, 1
0x013D	0x1903      	BTFSC      STATUS, 2
0x013E	0x294F      	GOTO       JPDSETFOV32
DIV32OK:
0x013F	0x1FFA      	BTFSS      R10, 7
0x0140	0x13F8      	BCF        R8, 7
0x0141	0x0878      	MOVF       R8, 0
0x0142	0x00F2      	MOVWF      R2
0x0143	0x087C      	MOVF       R12, 0
0x0144	0x00F1      	MOVWF      R1
0x0145	0x087D      	MOVF       R13, 0
0x0146	0x00F0      	MOVWF      R0
0x0147	0x3000      	MOVLW      0
0x0148	0x2954      	GOTO       DIV32EEE
JPDSETFDZ32:
0x0149	0x3001      	MOVLW      1
0x014A	0x2043      	CALL       _SETFDZ32
0x014B	0x2954      	GOTO       DIV32EEE
JPDRES032:
0x014C	0x3002      	MOVLW      2
0x014D	0x2020      	CALL       _RES032
0x014E	0x2954      	GOTO       DIV32EEE
JPDSETFOV32:
0x014F	0x3004      	MOVLW      4
0x0150	0x2037      	CALL       _SETFOV32
0x0151	0x2954      	GOTO       DIV32EEE
JPDSETFUN32:
0x0152	0x3008      	MOVLW      8
0x0153	0x2027      	CALL       _SETFUN32
DIV32EEE:
0x0154	0x0000      	NOP
L_end_Div_32x32_FP:
0x0155	0x0008      	RETURN
; end of _Div_32x32_FP
_double2word:
0x0156	0x1283      	BCF        STATUS, 5
0x0157	0x1303      	BCF        STATUS, 6
0x0158	0x01FB      	CLRF       R11
0x0159	0x01FC      	CLRF       R12
0x015A	0x01FA      	CLRF       R10
0x015B	0x0873      	MOVF       R3, 0
0x015C	0x1903      	BTFSC      STATUS, 2
0x015D	0x2995      	GOTO       IRES016U
0x015E	0x17F2      	BSF        R2, 7
0x015F	0x308E      	MOVLW      142
0x0160	0x02F3      	SUBWF      R3, 1
0x0161	0x1BF3      	BTFSC      R3, 7
0x0162	0x2966      	GOTO       SETEXP16U
0x0163	0x1903      	BTFSC      STATUS, 2
0x0164	0x2966      	GOTO       SETEXP16U
0x0165	0x2998      	GOTO       SETIOV16U
SETEXP16U:
0x0166	0x09F3      	COMF       R3, 1
0x0167	0x0AF3      	INCF       R3, 1
0x0168	0x3008      	MOVLW      8
0x0169	0x0273      	SUBWF      R3, 0
0x016A	0x1C03      	BTFSS      STATUS, 0
0x016B	0x297B      	GOTO       TSHIFT3216U
0x016C	0x00F3      	MOVWF      R3
0x016D	0x0DF1      	RLF        R1, 1
0x016E	0x0872      	MOVF       R2, 0
0x016F	0x00F1      	MOVWF      R1
0x0170	0x01F2      	CLRF       R2
0x0171	0x3008      	MOVLW      8
0x0172	0x0273      	SUBWF      R3, 0
0x0173	0x1C03      	BTFSS      STATUS, 0
0x0174	0x297B      	GOTO       TSHIFT3216U
0x0175	0x0DF1      	RLF        R1, 1
0x0176	0x01F1      	CLRF       R1
0x0177	0x0873      	MOVF       R3, 0
0x0178	0x1D03      	BTFSS      STATUS, 2
0x0179	0x1003      	BCF        STATUS, 0
0x017A	0x2983      	GOTO       SHIFT3216UOK
TSHIFT3216U:
0x017B	0x0873      	MOVF       R3, 0
0x017C	0x1903      	BTFSC      STATUS, 2
0x017D	0x2983      	GOTO       SHIFT3216UOK
SHIFT3216U:
0x017E	0x1003      	BCF        STATUS, 0
0x017F	0x0CF2      	RRF        R2, 1
0x0180	0x0CF1      	RRF        R1, 1
0x0181	0x0BF3      	DECFSZ     R3, 1
0x0182	0x297E      	GOTO       SHIFT3216U
SHIFT3216UOK:
0x0183	0x1B7B      	BTFSC      R11, 6
0x0184	0x1C71      	BTFSS      R1, 0
0x0185	0x298D      	GOTO       INT3216UOK
0x0186	0x1C03      	BTFSS      STATUS, 0
0x0187	0x298D      	GOTO       INT3216UOK
0x0188	0x0AF1      	INCF       R1, 1
0x0189	0x1903      	BTFSC      STATUS, 2
0x018A	0x0AF2      	INCF       R2, 1
0x018B	0x1BF2      	BTFSC      R2, 7
0x018C	0x29A4      	GOTO       JPKSETIOV3224
INT3216UOK:
0x018D	0x1FFA      	BTFSS      R10, 7
0x018E	0x29A7      	GOTO       INT3216UEOK
0x018F	0x09F2      	COMF       R2, 1
0x0190	0x09F1      	COMF       R1, 1
0x0191	0x0AF1      	INCF       R1, 1
0x0192	0x1903      	BTFSC      STATUS, 2
0x0193	0x0AF2      	INCF       R2, 1
0x0194	0x29A7      	GOTO       INT3216UEOK
IRES016U:
0x0195	0x01F2      	CLRF       R2
0x0196	0x01F1      	CLRF       R1
0x0197	0x29A7      	GOTO       INT3216UEOK
SETIOV16U:
0x0198	0x147B      	BSF        R11, 0
0x0199	0x1FFB      	BTFSS      R11, 7
0x019A	0x29AA      	GOTO       INT3216UEER
0x019B	0x01F2      	CLRF       R2
0x019C	0x1FFA      	BTFSS      R10, 7
0x019D	0x29AA      	GOTO       INT3216UEER
0x019E	0x30FF      	MOVLW      255
0x019F	0x00F2      	MOVWF      R2
0x01A0	0x00F1      	MOVWF      R1
0x01A1	0x0DFA      	RLF        R10, 1
0x01A2	0x0CF2      	RRF        R2, 1
0x01A3	0x29AA      	GOTO       INT3216UEER
JPKSETIOV3224:
0x01A4	0x3001      	MOVLW      1
0x01A5	0x00FC      	MOVWF      R12
0x01A6	0x29AC      	GOTO       INT3216UEEE
INT3216UEOK:
0x01A7	0x3000      	MOVLW      0
0x01A8	0x00FC      	MOVWF      R12
0x01A9	0x29AC      	GOTO       INT3216UEEE
INT3216UEER:
0x01AA	0x30FF      	MOVLW      255
0x01AB	0x00FC      	MOVWF      R12
INT3216UEEE:
0x01AC	0x08FC      	MOVF       R12, 1
0x01AD	0x1903      	BTFSC      STATUS, 2
0x01AE	0x29B0      	GOTO       L_Double2Word_0
0x01AF	0x2046      	CALL       _SETIOV3224
L_Double2Word_0:
0x01B0	0x0871      	MOVF       R1, 0
0x01B1	0x00F0      	MOVWF      R0
0x01B2	0x0872      	MOVF       R2, 0
0x01B3	0x00F1      	MOVWF      R1
L_end_double2word:
0x01B4	0x0008      	RETURN
; end of _double2word
_Mul_8X8_U:
0x01B5	0x1283      	BCF        STATUS, 5
0x01B6	0x1303      	BCF        STATUS, 6
0x01B7	0x0870      	MOVF       R0, 0
0x01B8	0x00F1      	MOVWF      R1
0x01B9	0x01F0      	CLRF       R0
0x01BA	0x3008      	MOVLW      8
0x01BB	0x00FC      	MOVWF      R12
0x01BC	0x0871      	MOVF       R1, 0
0x01BD	0x0CF4      	RRF        R4, 1
0x01BE	0x1803      	BTFSC      STATUS, 0
0x01BF	0x29C4      	GOTO       $+5
0x01C0	0x0BFC      	DECFSZ     R12, 1
0x01C1	0x29BD      	GOTO       $-4
0x01C2	0x01F1      	CLRF       R1
0x01C3	0x3400      	RETLW      0
0x01C4	0x1003      	BCF        STATUS, 0
0x01C5	0x29C9      	GOTO       $+4
0x01C6	0x0CF4      	RRF        R4, 1
0x01C7	0x1803      	BTFSC      STATUS, 0
0x01C8	0x07F1      	ADDWF      R1, 1
0x01C9	0x0CF1      	RRF        R1, 1
0x01CA	0x0CF0      	RRF        R0, 1
0x01CB	0x0BFC      	DECFSZ     R12, 1
0x01CC	0x29C6      	GOTO       $-6
L_end_Mul_8X8_U:
0x01CD	0x0008      	RETURN
; end of _Mul_8X8_U
_Div_16X16_U:
0x01CE	0x1283      	BCF        STATUS, 5
0x01CF	0x1303      	BCF        STATUS, 6
0x01D0	0x01F8      	CLRF       R8
0x01D1	0x01F9      	CLRF       R9
0x01D2	0x3010      	MOVLW      16
0x01D3	0x00FC      	MOVWF      R12
0x01D4	0x0D71      	RLF        R1, 0
0x01D5	0x0DF8      	RLF        R8, 1
0x01D6	0x0DF9      	RLF        R9, 1
0x01D7	0x0874      	MOVF       R4, 0
0x01D8	0x02F8      	SUBWF      R8, 1
0x01D9	0x0875      	MOVF       R5, 0
0x01DA	0x1C03      	BTFSS      STATUS, 0
0x01DB	0x0F75      	INCFSZ     R5, 0
0x01DC	0x02F9      	SUBWF      R9, 1
0x01DD	0x1803      	BTFSC      STATUS, 0
0x01DE	0x29E6      	GOTO       $+8
0x01DF	0x0874      	MOVF       R4, 0
0x01E0	0x07F8      	ADDWF      R8, 1
0x01E1	0x0875      	MOVF       R5, 0
0x01E2	0x1803      	BTFSC      STATUS, 0
0x01E3	0x0F75      	INCFSZ     R5, 0
0x01E4	0x07F9      	ADDWF      R9, 1
0x01E5	0x1003      	BCF        STATUS, 0
0x01E6	0x0DF0      	RLF        R0, 1
0x01E7	0x0DF1      	RLF        R1, 1
0x01E8	0x0BFC      	DECFSZ     R12, 1
0x01E9	0x29D4      	GOTO       $-21
L_end_Div_16X16_U:
0x01EA	0x0008      	RETURN
; end of _Div_16X16_U
_Mul_32x32_FP:
0x01EB	0x1283      	BCF        STATUS, 5
0x01EC	0x1303      	BCF        STATUS, 6
0x01ED	0x01FB      	CLRF       R11
0x01EE	0x0873      	MOVF       R3, 0
0x01EF	0x1D03      	BTFSS      STATUS, 2
0x01F0	0x0877      	MOVF       R7, 0
0x01F1	0x1903      	BTFSC      STATUS, 2
0x01F2	0x2A42      	GOTO       JPMRES032
0x01F3	0x0872      	MOVF       R2, 0
0x01F4	0x0676      	XORWF      R6, 0
0x01F5	0x00FA      	MOVWF      R10
0x01F6	0x0877      	MOVF       R7, 0
0x01F7	0x07F3      	ADDWF      R3, 1
0x01F8	0x307E      	MOVLW      126
0x01F9	0x1C03      	BTFSS      STATUS, 0
0x01FA	0x29FF      	GOTO       MTUN32
0x01FB	0x02F3      	SUBWF      R3, 1
0x01FC	0x1803      	BTFSC      STATUS, 0
0x01FD	0x2A45      	GOTO       JPMSETFOV32
0x01FE	0x2A02      	GOTO       MOK32
MTUN32:
0x01FF	0x02F3      	SUBWF      R3, 1
0x0200	0x1C03      	BTFSS      STATUS, 0
0x0201	0x2A48      	GOTO       JPMSETFUN32
MOK32:
0x0202	0x0872      	MOVF       R2, 0
0x0203	0x00F8      	MOVWF      R8
0x0204	0x0871      	MOVF       R1, 0
0x0205	0x00FC      	MOVWF      R12
0x0206	0x0870      	MOVF       R0, 0
0x0207	0x00FD      	MOVWF      R13
0x0208	0x17F8      	BSF        R8, 7
0x0209	0x17F6      	BSF        R6, 7
0x020A	0x1003      	BCF        STATUS, 0
0x020B	0x01F2      	CLRF       R2
0x020C	0x01F1      	CLRF       R1
0x020D	0x01F0      	CLRF       R0
0x020E	0x3018      	MOVLW      24
0x020F	0x00A0      	MOVWF      __math_tempbD
MLOOP32:
0x0210	0x1C7D      	BTFSS      R13, 0
0x0211	0x2A1C      	GOTO       MNOADD32
0x0212	0x0874      	MOVF       R4, 0
0x0213	0x07F0      	ADDWF      R0, 1
0x0214	0x0875      	MOVF       R5, 0
0x0215	0x1803      	BTFSC      STATUS, 0
0x0216	0x0F75      	INCFSZ     R5, 0
0x0217	0x07F1      	ADDWF      R1, 1
0x0218	0x0876      	MOVF       R6, 0
0x0219	0x1803      	BTFSC      STATUS, 0
0x021A	0x0F76      	INCFSZ     R6, 0
0x021B	0x07F2      	ADDWF      R2, 1
MNOADD32:
0x021C	0x0CF2      	RRF        R2, 1
0x021D	0x0CF1      	RRF        R1, 1
0x021E	0x0CF0      	RRF        R0, 1
0x021F	0x0CF8      	RRF        R8, 1
0x0220	0x0CFC      	RRF        R12, 1
0x0221	0x0CFD      	RRF        R13, 1
0x0222	0x1003      	BCF        STATUS, 0
0x0223	0x0BA0      	DECFSZ     __math_tempbD, 1
0x0224	0x2A10      	GOTO       MLOOP32
0x0225	0x1BF2      	BTFSC      R2, 7
0x0226	0x2A2C      	GOTO       MROUND32
0x0227	0x0DF8      	RLF        R8, 1
0x0228	0x0DF0      	RLF        R0, 1
0x0229	0x0DF1      	RLF        R1, 1
0x022A	0x0DF2      	RLF        R2, 1
0x022B	0x03F3      	DECF       R3, 1
MROUND32:
0x022C	0x1B7B      	BTFSC      R11, 6
0x022D	0x1C70      	BTFSS      R0, 0
0x022E	0x2A3E      	GOTO       MUL32OK
0x022F	0x1FF8      	BTFSS      R8, 7
0x0230	0x2A3E      	GOTO       MUL32OK
0x0231	0x0AF0      	INCF       R0, 1
0x0232	0x1903      	BTFSC      STATUS, 2
0x0233	0x0AF1      	INCF       R1, 1
0x0234	0x1903      	BTFSC      STATUS, 2
0x0235	0x0AF2      	INCF       R2, 1
0x0236	0x1D03      	BTFSS      STATUS, 2
0x0237	0x2A3E      	GOTO       MUL32OK
0x0238	0x0CF2      	RRF        R2, 1
0x0239	0x0CF1      	RRF        R1, 1
0x023A	0x0CF0      	RRF        R0, 1
0x023B	0x0AF3      	INCF       R3, 1
0x023C	0x1903      	BTFSC      STATUS, 2
0x023D	0x2A45      	GOTO       JPMSETFOV32
MUL32OK:
0x023E	0x1FFA      	BTFSS      R10, 7
0x023F	0x13F2      	BCF        R2, 7
0x0240	0x3000      	MOVLW      0
0x0241	0x2A4A      	GOTO       MUL32EEE
JPMRES032:
0x0242	0x3001      	MOVLW      1
0x0243	0x2020      	CALL       _RES032
0x0244	0x2A4A      	GOTO       MUL32EEE
JPMSETFOV32:
0x0245	0x3002      	MOVLW      2
0x0246	0x2037      	CALL       _SETFOV32
0x0247	0x2A4A      	GOTO       MUL32EEE
JPMSETFUN32:
0x0248	0x3004      	MOVLW      4
0x0249	0x2027      	CALL       _SETFUN32
MUL32EEE:
0x024A	0x0000      	NOP
L_end_Mul_32x32_FP:
0x024B	0x0008      	RETURN
; end of _Mul_32x32_FP
_____DoICP:
0x024C	0x1283      	BCF        STATUS, 5
0x024D	0x0834      	MOVF       ___DoICPAddr+1, 0
0x024E	0x008A      	MOVWF      PCLATH
0x024F	0x0833      	MOVF       ___DoICPAddr, 0
0x0250	0x0082      	MOVWF      PCL
L_end_____DoICP:
0x0251	0x0008      	RETURN
; end of _____DoICP
_get_lm35:
0x0252	0x1283      	BCF        STATUS, 5
0x0253	0x151F      	BSF        ADCON0, 2
L_get_lm350:
0x0254	0x1D1F      	BTFSS      ADCON0, 2
0x0255	0x2A57      	GOTO       L_get_lm351
0x0256	0x2A54      	GOTO       L_get_lm350
L_get_lm351:
0x0257	0x081E      	MOVF       ADRES, 0
0x0258	0x00F0      	MOVWF      R0
L_end_get_lm35:
0x0259	0x0008      	RETURN
; end of _get_lm35
_SSD:
0x025A	0x3064      	MOVLW      100
0x025B	0x1283      	BCF        STATUS, 5
0x025C	0x00F0      	MOVWF      R0
0x025D	0x081E      	MOVF       ADRES, 0
0x025E	0x00F4      	MOVWF      R4
0x025F	0x21B5      	CALL       _Mul_8X8_U
0x0260	0x2082      	CALL       _int2double
0x0261	0x3000      	MOVLW      0
0x0262	0x00F4      	MOVWF      R4
0x0263	0x3000      	MOVLW      0
0x0264	0x00F5      	MOVWF      R4+1
0x0265	0x3020      	MOVLW      32
0x0266	0x00F6      	MOVWF      R4+2
0x0267	0x3080      	MOVLW      128
0x0268	0x00F7      	MOVWF      R4+3
0x0269	0x21EB      	CALL       _Mul_32x32_FP
0x026A	0x3000      	MOVLW      0
0x026B	0x00F4      	MOVWF      R4
0x026C	0x3000      	MOVLW      0
0x026D	0x00F5      	MOVWF      R4+1
0x026E	0x3000      	MOVLW      0
0x026F	0x00F6      	MOVWF      R4+2
0x0270	0x3087      	MOVLW      135
0x0271	0x00F7      	MOVWF      R4+3
0x0272	0x20A0      	CALL       _Div_32x32_FP
0x0273	0x2156      	CALL       _double2word
0x0274	0x0870      	MOVF       R0, 0
0x0275	0x00B9      	MOVWF      FLOC__SSD+2
0x0276	0x0871      	MOVF       R0+1, 0
0x0277	0x00BA      	MOVWF      FLOC__SSD+3
0x0278	0x0839      	MOVF       FLOC__SSD+2, 0
0x0279	0x00AF      	MOVWF      _temperature
0x027A	0x083A      	MOVF       FLOC__SSD+3, 0
0x027B	0x00B0      	MOVWF      _temperature+1
0x027C	0x300A      	MOVLW      10
0x027D	0x00F4      	MOVWF      R4
0x027E	0x3000      	MOVLW      0
0x027F	0x00F5      	MOVWF      R4+1
0x0280	0x0839      	MOVF       FLOC__SSD+2, 0
0x0281	0x00F0      	MOVWF      R0
0x0282	0x083A      	MOVF       FLOC__SSD+3, 0
0x0283	0x00F1      	MOVWF      R0+1
0x0284	0x21CE      	CALL       _Div_16X16_U
0x0285	0x0870      	MOVF       R0, 0
0x0286	0x00B7      	MOVWF      FLOC__SSD
0x0287	0x0871      	MOVF       R0+1, 0
0x0288	0x00B8      	MOVWF      FLOC__SSD+1
0x0289	0x0837      	MOVF       FLOC__SSD, 0
0x028A	0x00B1      	MOVWF      _D1
0x028B	0x0838      	MOVF       FLOC__SSD+1, 0
0x028C	0x00B2      	MOVWF      _D1+1
0x028D	0x300A      	MOVLW      10
0x028E	0x00F4      	MOVWF      R4
0x028F	0x3000      	MOVLW      0
0x0290	0x00F5      	MOVWF      R4+1
0x0291	0x0839      	MOVF       FLOC__SSD+2, 0
0x0292	0x00F0      	MOVWF      R0
0x0293	0x083A      	MOVF       FLOC__SSD+3, 0
0x0294	0x00F1      	MOVWF      R0+1
0x0295	0x21CE      	CALL       _Div_16X16_U
0x0296	0x0878      	MOVF       R8, 0
0x0297	0x00F0      	MOVWF      R0
0x0298	0x0879      	MOVF       R8+1, 0
0x0299	0x00F1      	MOVWF      R0+1
0x029A	0x0870      	MOVF       R0, 0
0x029B	0x00A2      	MOVWF      _D0
0x029C	0x0871      	MOVF       R0+1, 0
0x029D	0x00A3      	MOVWF      _D0+1
0x029E	0x0837      	MOVF       FLOC__SSD, 0
0x029F	0x3E24      	ADDLW      _SSD_MAP
0x02A0	0x0084      	MOVWF      FSR
0x02A1	0x0800      	MOVF       INDF, 0
0x02A2	0x0086      	MOVWF      PORTB
0x02A3	0x3002      	MOVLW      2
0x02A4	0x0085      	MOVWF      PORTA
0x02A5	0x3024      	MOVLW      36
0x02A6	0x00FC      	MOVWF      R12
0x02A7	0x30E7      	MOVLW      231
0x02A8	0x00FD      	MOVWF      R13
L_SSD2:
0x02A9	0x0BFD      	DECFSZ     R13, 1
0x02AA	0x2AA9      	GOTO       L_SSD2
0x02AB	0x0BFC      	DECFSZ     R12, 1
0x02AC	0x2AA9      	GOTO       L_SSD2
0x02AD	0x0185      	CLRF       PORTA
0x02AE	0x0822      	MOVF       _D0, 0
0x02AF	0x3E24      	ADDLW      _SSD_MAP
0x02B0	0x0084      	MOVWF      FSR
0x02B1	0x0800      	MOVF       INDF, 0
0x02B2	0x0086      	MOVWF      PORTB
0x02B3	0x3004      	MOVLW      4
0x02B4	0x0085      	MOVWF      PORTA
0x02B5	0x3024      	MOVLW      36
0x02B6	0x00FC      	MOVWF      R12
0x02B7	0x30E7      	MOVLW      231
0x02B8	0x00FD      	MOVWF      R13
L_SSD3:
0x02B9	0x0BFD      	DECFSZ     R13, 1
0x02BA	0x2AB9      	GOTO       L_SSD3
0x02BB	0x0BFC      	DECFSZ     R12, 1
0x02BC	0x2AB9      	GOTO       L_SSD3
0x02BD	0x0185      	CLRF       PORTA
0x02BE	0x309C      	MOVLW      156
0x02BF	0x0086      	MOVWF      PORTB
0x02C0	0x3010      	MOVLW      16
0x02C1	0x0085      	MOVWF      PORTA
0x02C2	0x3012      	MOVLW      18
0x02C3	0x00FC      	MOVWF      R12
0x02C4	0x30F3      	MOVLW      243
0x02C5	0x00FD      	MOVWF      R13
L_SSD4:
0x02C6	0x0BFD      	DECFSZ     R13, 1
0x02C7	0x2AC6      	GOTO       L_SSD4
0x02C8	0x0BFC      	DECFSZ     R12, 1
0x02C9	0x2AC6      	GOTO       L_SSD4
0x02CA	0x0185      	CLRF       PORTA
0x02CB	0x30C6      	MOVLW      198
0x02CC	0x0086      	MOVWF      PORTB
0x02CD	0x1786      	BSF        PORTB, 7
0x02CE	0x3012      	MOVLW      18
0x02CF	0x00FC      	MOVWF      R12
0x02D0	0x30F3      	MOVLW      243
0x02D1	0x00FD      	MOVWF      R13
L_SSD5:
0x02D2	0x0BFD      	DECFSZ     R13, 1
0x02D3	0x2AD2      	GOTO       L_SSD5
0x02D4	0x0BFC      	DECFSZ     R12, 1
0x02D5	0x2AD2      	GOTO       L_SSD5
0x02D6	0x307F      	MOVLW      127
0x02D7	0x0586      	ANDWF      PORTB, 1
L_end_SSD:
0x02D8	0x0008      	RETURN
; end of _SSD
___CC2DW:
_CC2D_Loop1:
0x02D9	0x224C      	CALL       _____DoICP
0x02DA	0x118A      	BCF        PCLATH, 3
0x02DB	0x120A      	BCF        PCLATH, 4
0x02DC	0x0080      	MOVWF      INDF
0x02DD	0x0A84      	INCF       FSR, 1
0x02DE	0x0AB3      	INCF       ___DoICPAddr, 1
0x02DF	0x1903      	BTFSC      STATUS, 2
0x02E0	0x0AB4      	INCF       ___DoICPAddr+1, 1
0x02E1	0x03F0      	DECF       R0, 1
0x02E2	0x1D03      	BTFSS      STATUS, 2
0x02E3	0x2AD9      	GOTO       _CC2D_Loop1
L_end___CC2DW:
0x02E4	0x0008      	RETURN
; end of ___CC2DW
_main:
0x02E5	0x1283      	BCF        STATUS, 5
0x02E6	0x01A2      	CLRF       _D0
0x02E7	0x01A3      	CLRF       35
0x02E8	0x30C0      	MOVLW      192
0x02E9	0x00A4      	MOVWF      _SSD_MAP
0x02EA	0x30F9      	MOVLW      249
0x02EB	0x00A5      	MOVWF      37
0x02EC	0x30A4      	MOVLW      164
0x02ED	0x00A6      	MOVWF      38
0x02EE	0x30B0      	MOVLW      176
0x02EF	0x00A7      	MOVWF      39
0x02F0	0x3099      	MOVLW      153
0x02F1	0x00A8      	MOVWF      40
0x02F2	0x3092      	MOVLW      146
0x02F3	0x00A9      	MOVWF      41
0x02F4	0x3082      	MOVLW      130
0x02F5	0x00AA      	MOVWF      42
0x02F6	0x30F8      	MOVLW      248
0x02F7	0x00AB      	MOVWF      43
0x02F8	0x3080      	MOVLW      128
0x02F9	0x00AC      	MOVWF      44
0x02FA	0x3090      	MOVLW      144
0x02FB	0x00AD      	MOVWF      45
0x02FC	0x01AE      	CLRF       _cnt
0x02FD	0x01AF      	CLRF       _temperature
0x02FE	0x01B0      	CLRF       48
0x02FF	0x01B1      	CLRF       _D1
0x0300	0x01B2      	CLRF       50
0x0301	0x0186      	CLRF       PORTB
0x0302	0x0185      	CLRF       PORTA
0x0303	0x3009      	MOVLW      9
0x0304	0x1683      	BSF        STATUS, 5
0x0305	0x0085      	MOVWF      TRISA
0x0306	0x0186      	CLRF       TRISB
0x0307	0x1281      	BCF        OPTION_REG, 5
0x0308	0x1181      	BCF        OPTION_REG, 3
0x0309	0x3007      	MOVLW      7
0x030A	0x0581      	ANDWF      OPTION_REG, 1
0x030B	0x178B      	BSF        INTCON, 7
0x030C	0x168B      	BSF        INTCON, 5
0x030D	0x3005      	MOVLW      5
0x030E	0x009F      	MOVWF      ADCON1
0x030F	0x1283      	BCF        STATUS, 5
0x0310	0x171F      	BSF        ADCON0, 6
0x0311	0x179F      	BSF        ADCON0, 7
0x0312	0x119F      	BCF        ADCON0, 3
0x0313	0x121F      	BCF        ADCON0, 4
0x0314	0x129F      	BCF        ADCON0, 5
0x0315	0x141F      	BSF        ADCON0, 0
0x0316	0x110B      	BCF        INTCON, 2
0x0317	0x2252      	CALL       _get_lm35
0x0318	0x0181      	CLRF       TMR0
L_main8:
0x0319	0x225A      	CALL       _SSD
0x031A	0x2B19      	GOTO       L_main8
L_end_main:
0x031B	0x2B1B      	GOTO       $+0
; end of _main
Symbol List:
//** Routines locations **
//ADDRESS    SIZE    PROCEDURE
//----------------------------------------------
0x0004      [28]    _interrupt
0x0020       [7]    _RES032
0x0027      [12]    _SETFUN32
0x0033       [4]    _FIXSIGN32
0x0037      [12]    _SETFOV32
0x0043       [3]    _SETFDZ32
0x0046      [13]    _SETIOV3224
0x0053      [47]    _NRM3232
0x0082      [30]    _int2double
0x00A0     [182]    _Div_32x32_FP
0x0156      [95]    _double2word
0x01B5      [25]    _Mul_8X8_U
0x01CE      [29]    _Div_16X16_U
0x01EB      [97]    _Mul_32x32_FP
0x024C       [6]    _____DoICP
0x0252       [8]    _get_lm35
0x025A     [127]    _SSD
0x02D9      [12]    ___CC2DW
0x02E5      [55]    _main
//** Variables locations ** 
//ADDRESS    SIZE    VARIABLE
//----------------------------------------------
0x0000       [1]    INDF
0x0001       [1]    TMR0
0x0002       [1]    PCL
0x0003       [1]    STATUS
0x0004       [1]    FSR
0x0005       [1]    PORTA
0x0006       [1]    PORTB
0x000A       [1]    PCLATH
0x000B       [1]    INTCON
0x001E       [1]    ADRES
0x001F       [1]    ADCON0
0x0020       [1]    __math_tempbD
0x0022       [2]    _D0
0x0024      [10]    _SSD_MAP
0x002E       [1]    _cnt
0x002F       [2]    _temperature
0x0031       [2]    _D1
0x0033       [2]    ___DoICPAddr
0x0035       [1]    ___saveSTATUS
0x0036       [1]    ___savePCLATH
0x0037       [4]    FLOC__SSD
0x0070       [1]    R0
0x0071       [1]    R1
0x0072       [1]    R2
0x0073       [1]    R3
0x0074       [1]    R4
0x0075       [1]    R5
0x0076       [1]    R6
0x0077       [1]    R7
0x0078       [1]    R8
0x0079       [1]    R9
0x007A       [1]    R10
0x007B       [1]    R11
0x007C       [1]    R12
0x007D       [1]    R13
0x007E       [1]    R14
0x007F       [1]    R15
0x0081       [1]    OPTION_REG
0x0085       [1]    TRISA
0x0086       [1]    TRISB
0x009F       [1]    ADCON1
