;  LST file generated by mikroListExporter - v.2.0 
; Date/Time: 10/30/2018 12:04:15 PM
;----------------------------------------------

;Address Opcode 	ASM
0x0000	0x2A54      	GOTO       596
_interrupt:
0x0004	0x00FF      	MOVWF      R15
0x0005	0x0E03      	SWAPF      STATUS, 0
0x0006	0x0183      	CLRF       STATUS
0x0007	0x00AE      	MOVWF      ___saveSTATUS
0x0008	0x080A      	MOVF       PCLATH, 0
0x0009	0x00AF      	MOVWF      ___savePCLATH
0x000A	0x018A      	CLRF       PCLATH
0x000B	0x0064      	CLRWDT
0x000C	0x1D0B      	BTFSS      INTCON, 2
0x000D	0x2810      	GOTO       L_interrupt0
0x000E	0x0AA2      	INCF       _T0Cnt, 1
0x000F	0x110B      	BCF        INTCON, 2
L_interrupt0:
L_end_interrupt:
L__interrupt31:
0x0010	0x082F      	MOVF       ___savePCLATH, 0
0x0011	0x008A      	MOVWF      PCLATH
0x0012	0x0E2E      	SWAPF      ___saveSTATUS, 0
0x0013	0x0083      	MOVWF      STATUS
0x0014	0x0EFF      	SWAPF      R15, 1
0x0015	0x0E7F      	SWAPF      R15, 0
0x0016	0x0009      	RETFIE
; end of _interrupt
_Delay_1us:
0x0017	0x0000      	NOP
L_end_Delay_1us:
0x0018	0x0008      	RETURN
; end of _Delay_1us
_Delay_500us:
0x0019	0x3094      	MOVLW      148
0x001A	0x1283      	BCF        STATUS, 5
0x001B	0x1303      	BCF        STATUS, 6
0x001C	0x00FD      	MOVWF      R13
L_Delay_500us4:
0x001D	0x0BFD      	DECFSZ     R13, 1
0x001E	0x281D      	GOTO       L_Delay_500us4
0x001F	0x0000      	NOP
L_end_Delay_500us:
0x0020	0x0008      	RETURN
; end of _Delay_500us
_Delay_80us:
0x0021	0x3017      	MOVLW      23
0x0022	0x1283      	BCF        STATUS, 5
0x0023	0x1303      	BCF        STATUS, 6
0x0024	0x00FD      	MOVWF      R13
L_Delay_80us3:
0x0025	0x0BFD      	DECFSZ     R13, 1
0x0026	0x2825      	GOTO       L_Delay_80us3
L_end_Delay_80us:
0x0027	0x0008      	RETURN
; end of _Delay_80us
_Delay_50us:
0x0028	0x300E      	MOVLW      14
0x0029	0x1283      	BCF        STATUS, 5
0x002A	0x1303      	BCF        STATUS, 6
0x002B	0x00FD      	MOVWF      R13
L_Delay_50us2:
0x002C	0x0BFD      	DECFSZ     R13, 1
0x002D	0x282C      	GOTO       L_Delay_50us2
0x002E	0x0000      	NOP
0x002F	0x0000      	NOP
L_end_Delay_50us:
0x0030	0x0008      	RETURN
; end of _Delay_50us
_Div_16X16_U:
0x0031	0x1283      	BCF        STATUS, 5
0x0032	0x1303      	BCF        STATUS, 6
0x0033	0x01F8      	CLRF       R8
0x0034	0x01F9      	CLRF       R9
0x0035	0x3010      	MOVLW      16
0x0036	0x00FC      	MOVWF      R12
0x0037	0x0D71      	RLF        R1, 0
0x0038	0x0DF8      	RLF        R8, 1
0x0039	0x0DF9      	RLF        R9, 1
0x003A	0x0874      	MOVF       R4, 0
0x003B	0x02F8      	SUBWF      R8, 1
0x003C	0x0875      	MOVF       R5, 0
0x003D	0x1C03      	BTFSS      STATUS, 0
0x003E	0x0F75      	INCFSZ     R5, 0
0x003F	0x02F9      	SUBWF      R9, 1
0x0040	0x1803      	BTFSC      STATUS, 0
0x0041	0x2849      	GOTO       $+8
0x0042	0x0874      	MOVF       R4, 0
0x0043	0x07F8      	ADDWF      R8, 1
0x0044	0x0875      	MOVF       R5, 0
0x0045	0x1803      	BTFSC      STATUS, 0
0x0046	0x0F75      	INCFSZ     R5, 0
0x0047	0x07F9      	ADDWF      R9, 1
0x0048	0x1003      	BCF        STATUS, 0
0x0049	0x0DF0      	RLF        R0, 1
0x004A	0x0DF1      	RLF        R1, 1
0x004B	0x0BFC      	DECFSZ     R12, 1
0x004C	0x2837      	GOTO       $-21
L_end_Div_16X16_U:
0x004D	0x0008      	RETURN
; end of _Div_16X16_U
_Ow_Write:
0x004E	0x1283      	BCF        STATUS, 5
0x004F	0x1303      	BCF        STATUS, 6
0x0050	0x0838      	MOVF       FARG_Ow_Write_pin, 0
0x0051	0x00F1      	MOVWF      R1
0x0052	0x3001      	MOVLW      1
0x0053	0x00F0      	MOVWF      R0
0x0054	0x0871      	MOVF       R1, 0
L__Ow_Write17:
0x0055	0x1903      	BTFSC      STATUS, 2
0x0056	0x285B      	GOTO       L__Ow_Write18
0x0057	0x0DF0      	RLF        R0, 1
0x0058	0x1070      	BCF        R0, 0
0x0059	0x3EFF      	ADDLW      255
0x005A	0x2855      	GOTO       L__Ow_Write17
L__Ow_Write18:
0x005B	0x0870      	MOVF       R0, 0
0x005C	0x00BC      	MOVWF      Ow_Write_bit_mask_1_L0
0x005D	0x09F0      	COMF       R0, 1
0x005E	0x0870      	MOVF       R0, 0
0x005F	0x00BB      	MOVWF      Ow_Write_bit_mask_0_L0
0x0060	0x0837      	MOVF       FARG_Ow_Write_port, 0
0x0061	0x0084      	MOVWF      FSR
0x0062	0x0870      	MOVF       R0, 0
0x0063	0x0580      	ANDWF      INDF, 1
0x0064	0x1784      	BSF        FSR, 7
0x0065	0x01BA      	CLRF       Ow_Write_i_L0
L_Ow_Write4:
0x0066	0x083A      	MOVF       Ow_Write_i_L0, 0
0x0067	0x3C07      	SUBLW      7
0x0068	0x1C03      	BTFSS      STATUS, 0
0x0069	0x2880      	GOTO       L_Ow_Write5
0x006A	0x083A      	MOVF       Ow_Write_i_L0, 0
0x006B	0x00F0      	MOVWF      R0
0x006C	0x0839      	MOVF       FARG_Ow_Write_data_, 0
0x006D	0x00F1      	MOVWF      R1
0x006E	0x0870      	MOVF       R0, 0
L__Ow_Write19:
0x006F	0x1903      	BTFSC      STATUS, 2
0x0070	0x2875      	GOTO       L__Ow_Write20
0x0071	0x0CF1      	RRF        R1, 1
0x0072	0x13F1      	BCF        R1, 7
0x0073	0x3EFF      	ADDLW      255
0x0074	0x286F      	GOTO       L__Ow_Write19
L__Ow_Write20:
0x0075	0x083B      	MOVF       Ow_Write_bit_mask_0_L0, 0
0x0076	0x0580      	ANDWF      INDF, 1
0x0077	0x1C71      	BTFSS      R1, 0
0x0078	0x287B      	GOTO       L_Ow_Write7
0x0079	0x083C      	MOVF       Ow_Write_bit_mask_1_L0, 0
0x007A	0x0480      	IORWF      INDF, 1
L_Ow_Write7:
0x007B	0x2021      	CALL       _Delay_80us
0x007C	0x083C      	MOVF       Ow_Write_bit_mask_1_L0, 0
0x007D	0x0480      	IORWF      INDF, 1
0x007E	0x0ABA      	INCF       Ow_Write_i_L0, 1
0x007F	0x2866      	GOTO       L_Ow_Write4
L_Ow_Write5:
0x0080	0x1384      	BCF        FSR, 7
0x0081	0x2028      	CALL       _Delay_50us
0x0082	0x2028      	CALL       _Delay_50us
L_end_Ow_Write:
0x0083	0x0008      	RETURN
; end of _Ow_Write
_Ow_Reset:
0x0084	0x1283      	BCF        STATUS, 5
0x0085	0x1303      	BCF        STATUS, 6
0x0086	0x0838      	MOVF       FARG_Ow_Reset_pin, 0
0x0087	0x00F1      	MOVWF      R1
0x0088	0x3001      	MOVLW      1
0x0089	0x00F0      	MOVWF      R0
0x008A	0x0871      	MOVF       R1, 0
L__Ow_Reset9:
0x008B	0x1903      	BTFSC      STATUS, 2
0x008C	0x2891      	GOTO       L__Ow_Reset10
0x008D	0x0DF0      	RLF        R0, 1
0x008E	0x1070      	BCF        R0, 0
0x008F	0x3EFF      	ADDLW      255
0x0090	0x288B      	GOTO       L__Ow_Reset9
L__Ow_Reset10:
0x0091	0x0870      	MOVF       R0, 0
0x0092	0x00BA      	MOVWF      Ow_Reset_bit_mask_1_L0
0x0093	0x09F0      	COMF       R0, 1
0x0094	0x0837      	MOVF       FARG_Ow_Reset_port, 0
0x0095	0x0084      	MOVWF      FSR
0x0096	0x0870      	MOVF       R0, 0
0x0097	0x0580      	ANDWF      INDF, 1
0x0098	0x1784      	BSF        FSR, 7
0x0099	0x0870      	MOVF       R0, 0
0x009A	0x0580      	ANDWF      INDF, 1
0x009B	0x2019      	CALL       _Delay_500us
0x009C	0x083A      	MOVF       Ow_Reset_bit_mask_1_L0, 0
0x009D	0x0480      	IORWF      INDF, 1
0x009E	0x1384      	BCF        FSR, 7
0x009F	0x2021      	CALL       _Delay_80us
0x00A0	0x083A      	MOVF       Ow_Reset_bit_mask_1_L0, 0
0x00A1	0x0500      	ANDWF      INDF, 0
0x00A2	0x00B9      	MOVWF      Ow_Reset_res_L0
0x00A3	0x0839      	MOVF       Ow_Reset_res_L0, 0
0x00A4	0x3A00      	XORLW      0
0x00A5	0x3001      	MOVLW      1
0x00A6	0x1903      	BTFSC      STATUS, 2
0x00A7	0x3000      	MOVLW      0
0x00A8	0x00B9      	MOVWF      Ow_Reset_res_L0
0x00A9	0x2019      	CALL       _Delay_500us
0x00AA	0x0839      	MOVF       Ow_Reset_res_L0, 0
0x00AB	0x00F0      	MOVWF      R0
L_end_Ow_Reset:
0x00AC	0x0008      	RETURN
; end of _Ow_Reset
_EEPROM_Write:
L_EEPROM_Write0:
0x00AD	0x1683      	BSF        STATUS, 5
0x00AE	0x1303      	BCF        STATUS, 6
0x00AF	0x1C9C      	BTFSS      EECON1, 1
0x00B0	0x28B3      	GOTO       L_EEPROM_Write1
0x00B1	0x0000      	NOP
0x00B2	0x28AD      	GOTO       L_EEPROM_Write0
L_EEPROM_Write1:
0x00B3	0x1283      	BCF        STATUS, 5
0x00B4	0x0837      	MOVF       FARG_EEPROM_Write_Address, 0
0x00B5	0x1683      	BSF        STATUS, 5
0x00B6	0x009B      	MOVWF      EEADR
0x00B7	0x1283      	BCF        STATUS, 5
0x00B8	0x0838      	MOVF       FARG_EEPROM_Write_data_, 0
0x00B9	0x1683      	BSF        STATUS, 5
0x00BA	0x009A      	MOVWF      EEDATA
0x00BB	0x139C      	BCF        EECON1, 7
0x00BC	0x151C      	BSF        EECON1, 2
0x00BD	0x080B      	MOVF       INTCON, 0
0x00BE	0x00F0      	MOVWF      R0
0x00BF	0x138B      	BCF        INTCON, 7
0x00C0	0x3055      	MOVLW      85
0x00C1	0x009D      	MOVWF      EECON2
0x00C2	0x30AA      	MOVLW      170
0x00C3	0x009D      	MOVWF      EECON2
0x00C4	0x149C      	BSF        EECON1, 1
0x00C5	0x1BF0      	BTFSC      R0, 7
0x00C6	0x28C9      	GOTO       L__EEPROM_Write4
0x00C7	0x138B      	BCF        INTCON, 7
0x00C8	0x28CA      	GOTO       L__EEPROM_Write5
L__EEPROM_Write4:
0x00C9	0x178B      	BSF        INTCON, 7
L__EEPROM_Write5:
0x00CA	0x111C      	BCF        EECON1, 2
L_end_EEPROM_Write:
0x00CB	0x0008      	RETURN
; end of _EEPROM_Write
_Ow_Read:
0x00CC	0x1283      	BCF        STATUS, 5
0x00CD	0x1303      	BCF        STATUS, 6
0x00CE	0x0838      	MOVF       FARG_Ow_Read_pin, 0
0x00CF	0x00F1      	MOVWF      R1
0x00D0	0x3001      	MOVLW      1
0x00D1	0x00F0      	MOVWF      R0
0x00D2	0x0871      	MOVF       R1, 0
L__Ow_Read12:
0x00D3	0x1903      	BTFSC      STATUS, 2
0x00D4	0x28D9      	GOTO       L__Ow_Read13
0x00D5	0x0DF0      	RLF        R0, 1
0x00D6	0x1070      	BCF        R0, 0
0x00D7	0x3EFF      	ADDLW      255
0x00D8	0x28D3      	GOTO       L__Ow_Read12
L__Ow_Read13:
0x00D9	0x0870      	MOVF       R0, 0
0x00DA	0x00BC      	MOVWF      Ow_Read_bit_mask_1_L0
0x00DB	0x0970      	COMF       R0, 0
0x00DC	0x00BB      	MOVWF      Ow_Read_bit_mask_0_L0
0x00DD	0x0837      	MOVF       FARG_Ow_Read_port, 0
0x00DE	0x0084      	MOVWF      FSR
0x00DF	0x01BA      	CLRF       Ow_Read_tmp_L0
0x00E0	0x01B9      	CLRF       Ow_Read_i_L0
L_Ow_Read0:
0x00E1	0x0839      	MOVF       Ow_Read_i_L0, 0
0x00E2	0x3C07      	SUBLW      7
0x00E3	0x1C03      	BTFSS      STATUS, 0
0x00E4	0x2905      	GOTO       L_Ow_Read1
0x00E5	0x083B      	MOVF       Ow_Read_bit_mask_0_L0, 0
0x00E6	0x0580      	ANDWF      INDF, 1
0x00E7	0x1784      	BSF        FSR, 7
0x00E8	0x083B      	MOVF       Ow_Read_bit_mask_0_L0, 0
0x00E9	0x0580      	ANDWF      INDF, 1
0x00EA	0x2017      	CALL       _Delay_1us
0x00EB	0x083C      	MOVF       Ow_Read_bit_mask_1_L0, 0
0x00EC	0x0480      	IORWF      INDF, 1
0x00ED	0x2017      	CALL       _Delay_1us
0x00EE	0x1384      	BCF        FSR, 7
0x00EF	0x083C      	MOVF       Ow_Read_bit_mask_1_L0, 0
0x00F0	0x0500      	ANDWF      INDF, 0
0x00F1	0x00F0      	MOVWF      R0
0x00F2	0x1903      	BTFSC      STATUS, 2
0x00F3	0x2901      	GOTO       L_Ow_Read3
0x00F4	0x0839      	MOVF       Ow_Read_i_L0, 0
0x00F5	0x00F1      	MOVWF      R1
0x00F6	0x3001      	MOVLW      1
0x00F7	0x00F0      	MOVWF      R0
0x00F8	0x0871      	MOVF       R1, 0
L__Ow_Read14:
0x00F9	0x1903      	BTFSC      STATUS, 2
0x00FA	0x28FF      	GOTO       L__Ow_Read15
0x00FB	0x0DF0      	RLF        R0, 1
0x00FC	0x1070      	BCF        R0, 0
0x00FD	0x3EFF      	ADDLW      255
0x00FE	0x28F9      	GOTO       L__Ow_Read14
L__Ow_Read15:
0x00FF	0x0870      	MOVF       R0, 0
0x0100	0x04BA      	IORWF      Ow_Read_tmp_L0, 1
L_Ow_Read3:
0x0101	0x2028      	CALL       _Delay_50us
0x0102	0x2028      	CALL       _Delay_50us
0x0103	0x0AB9      	INCF       Ow_Read_i_L0, 1
0x0104	0x28E1      	GOTO       L_Ow_Read0
L_Ow_Read1:
0x0105	0x083A      	MOVF       Ow_Read_tmp_L0, 0
0x0106	0x00F0      	MOVWF      R0
L_end_Ow_Read:
0x0107	0x0008      	RETURN
; end of _Ow_Read
_EEPROM_Read:
0x0108	0x1283      	BCF        STATUS, 5
0x0109	0x1303      	BCF        STATUS, 6
0x010A	0x0837      	MOVF       FARG_EEPROM_Read_Address, 0
0x010B	0x1683      	BSF        STATUS, 5
0x010C	0x009B      	MOVWF      EEADR
0x010D	0x139C      	BCF        EECON1, 7
0x010E	0x141C      	BSF        EECON1, 0
0x010F	0x081A      	MOVF       EEDATA, 0
0x0110	0x00F0      	MOVWF      R0
L_end_EEPROM_Read:
0x0111	0x0008      	RETURN
; end of _EEPROM_Read
_____DoICP:
0x0112	0x1283      	BCF        STATUS, 5
0x0113	0x1303      	BCF        STATUS, 6
0x0114	0x0821      	MOVF       ___DoICPAddr+1, 0
0x0115	0x008A      	MOVWF      PCLATH
0x0116	0x0820      	MOVF       ___DoICPAddr, 0
0x0117	0x0082      	MOVWF      PCL
L_end_____DoICP:
0x0118	0x0008      	RETURN
; end of _____DoICP
_ssdOut:
0x0119	0x3064      	MOVLW      100
0x011A	0x1283      	BCF        STATUS, 5
0x011B	0x1303      	BCF        STATUS, 6
0x011C	0x00F4      	MOVWF      R4
0x011D	0x3000      	MOVLW      0
0x011E	0x00F5      	MOVWF      R4+1
0x011F	0x0832      	MOVF       FARG_ssdOut_temp, 0
0x0120	0x00F0      	MOVWF      R0
0x0121	0x0833      	MOVF       FARG_ssdOut_temp+1, 0
0x0122	0x00F1      	MOVWF      R0+1
0x0123	0x2031      	CALL       _Div_16X16_U
0x0124	0x0870      	MOVF       R0, 0
0x0125	0x00B4      	MOVWF      ssdOut_d1_L0
0x0126	0x3064      	MOVLW      100
0x0127	0x00F4      	MOVWF      R4
0x0128	0x3000      	MOVLW      0
0x0129	0x00F5      	MOVWF      R4+1
0x012A	0x0832      	MOVF       FARG_ssdOut_temp, 0
0x012B	0x00F0      	MOVWF      R0
0x012C	0x0833      	MOVF       FARG_ssdOut_temp+1, 0
0x012D	0x00F1      	MOVWF      R0+1
0x012E	0x2031      	CALL       _Div_16X16_U
0x012F	0x0878      	MOVF       R8, 0
0x0130	0x00F0      	MOVWF      R0
0x0131	0x0879      	MOVF       R8+1, 0
0x0132	0x00F1      	MOVWF      R0+1
0x0133	0x300A      	MOVLW      10
0x0134	0x00F4      	MOVWF      R4
0x0135	0x3000      	MOVLW      0
0x0136	0x00F5      	MOVWF      R4+1
0x0137	0x2031      	CALL       _Div_16X16_U
0x0138	0x0870      	MOVF       R0, 0
0x0139	0x00B5      	MOVWF      ssdOut_d2_L0
0x013A	0x300A      	MOVLW      10
0x013B	0x00F4      	MOVWF      R4
0x013C	0x3000      	MOVLW      0
0x013D	0x00F5      	MOVWF      R4+1
0x013E	0x0832      	MOVF       FARG_ssdOut_temp, 0
0x013F	0x00F0      	MOVWF      R0
0x0140	0x0833      	MOVF       FARG_ssdOut_temp+1, 0
0x0141	0x00F1      	MOVWF      R0+1
0x0142	0x2031      	CALL       _Div_16X16_U
0x0143	0x0878      	MOVF       R8, 0
0x0144	0x00F0      	MOVWF      R0
0x0145	0x0879      	MOVF       R8+1, 0
0x0146	0x00F1      	MOVWF      R0+1
0x0147	0x0870      	MOVF       R0, 0
0x0148	0x00B6      	MOVWF      ssdOut_d3_L0
0x0149	0x296A      	GOTO       L_ssdOut10
L_ssdOut12:
0x014A	0x0186      	CLRF       PORTB
0x014B	0x300F      	MOVLW      15
0x014C	0x0534      	ANDWF      ssdOut_d1_L0, 0
0x014D	0x0086      	MOVWF      PORTB
0x014E	0x1686      	BSF        PORTB, 5
0x014F	0x297A      	GOTO       L_ssdOut11
L_ssdOut13:
0x0150	0x0186      	CLRF       PORTB
0x0151	0x300F      	MOVLW      15
0x0152	0x0535      	ANDWF      ssdOut_d2_L0, 0
0x0153	0x0086      	MOVWF      PORTB
0x0154	0x1706      	BSF        PORTB, 6
0x0155	0x297A      	GOTO       L_ssdOut11
L_ssdOut14:
0x0156	0x0186      	CLRF       PORTB
0x0157	0x300F      	MOVLW      15
0x0158	0x0536      	ANDWF      ssdOut_d3_L0, 0
0x0159	0x0086      	MOVWF      PORTB
0x015A	0x1786      	BSF        PORTB, 7
0x015B	0x297A      	GOTO       L_ssdOut11
L_ssdOut15:
0x015C	0x0AA3      	INCF       _Cnt1, 1
0x015D	0x1903      	BTFSC      STATUS, 2
0x015E	0x0AA4      	INCF       _Cnt1+1, 1
0x015F	0x0AA8      	INCF       _Cnt2, 1
0x0160	0x1903      	BTFSC      STATUS, 2
0x0161	0x0AA9      	INCF       _Cnt2+1, 1
0x0162	0x0AAA      	INCF       _Cnt3, 1
0x0163	0x1903      	BTFSC      STATUS, 2
0x0164	0x0AAB      	INCF       _Cnt3+1, 1
0x0165	0x0AAC      	INCF       _Cnt4, 1
0x0166	0x1903      	BTFSC      STATUS, 2
0x0167	0x0AAD      	INCF       _Cnt4+1, 1
0x0168	0x01A2      	CLRF       _T0Cnt
0x0169	0x297A      	GOTO       L_ssdOut11
L_ssdOut10:
0x016A	0x0822      	MOVF       _T0Cnt, 0
0x016B	0x3A02      	XORLW      2
0x016C	0x1903      	BTFSC      STATUS, 2
0x016D	0x294A      	GOTO       L_ssdOut12
0x016E	0x0822      	MOVF       _T0Cnt, 0
0x016F	0x3A03      	XORLW      3
0x0170	0x1903      	BTFSC      STATUS, 2
0x0171	0x2950      	GOTO       L_ssdOut13
0x0172	0x0822      	MOVF       _T0Cnt, 0
0x0173	0x3A04      	XORLW      4
0x0174	0x1903      	BTFSC      STATUS, 2
0x0175	0x2956      	GOTO       L_ssdOut14
0x0176	0x0822      	MOVF       _T0Cnt, 0
0x0177	0x3A05      	XORLW      5
0x0178	0x1903      	BTFSC      STATUS, 2
0x0179	0x295C      	GOTO       L_ssdOut15
L_ssdOut11:
L_end_ssdOut:
0x017A	0x0008      	RETURN
; end of _ssdOut
_tempSet:
0x017B	0x1283      	BCF        STATUS, 5
0x017C	0x1303      	BCF        STATUS, 6
0x017D	0x1885      	BTFSC      PORTA, 1
0x017E	0x2996      	GOTO       L_tempSet21
0x017F	0x3000      	MOVLW      0
0x0180	0x0229      	SUBWF      _Cnt2+1, 0
0x0181	0x1D03      	BTFSS      STATUS, 2
0x0182	0x2985      	GOTO       L__tempSet40
0x0183	0x300A      	MOVLW      10
0x0184	0x0228      	SUBWF      _Cnt2, 0
L__tempSet40:
0x0185	0x1C03      	BTFSS      STATUS, 0
0x0186	0x2996      	GOTO       L_tempSet21
L__tempSet29:
0x0187	0x1025      	BCF        _ssdOn, BitPos(_ssdOn+0)
0x0188	0x3078      	MOVLW      120
0x0189	0x0226      	SUBWF      _setTemp, 0
0x018A	0x1803      	BTFSC      STATUS, 0
0x018B	0x298D      	GOTO       L_tempSet22
0x018C	0x0AA6      	INCF       _setTemp, 1
L_tempSet22:
0x018D	0x01B7      	CLRF       FARG_EEPROM_Write_Address
0x018E	0x0826      	MOVF       _setTemp, 0
0x018F	0x00B8      	MOVWF      FARG_EEPROM_Write_data_
0x0190	0x20AD      	CALL       _EEPROM_Write
0x0191	0x1283      	BCF        STATUS, 5
0x0192	0x01AA      	CLRF       _Cnt3
0x0193	0x01AB      	CLRF       _Cnt3+1
0x0194	0x01A8      	CLRF       _Cnt2
0x0195	0x01A9      	CLRF       _Cnt2+1
L_tempSet21:
0x0196	0x1805      	BTFSC      PORTA, 0
0x0197	0x29AF      	GOTO       L_tempSet25
0x0198	0x3000      	MOVLW      0
0x0199	0x0229      	SUBWF      _Cnt2+1, 0
0x019A	0x1D03      	BTFSS      STATUS, 2
0x019B	0x299E      	GOTO       L__tempSet41
0x019C	0x300A      	MOVLW      10
0x019D	0x0228      	SUBWF      _Cnt2, 0
L__tempSet41:
0x019E	0x1C03      	BTFSS      STATUS, 0
0x019F	0x29AF      	GOTO       L_tempSet25
L__tempSet28:
0x01A0	0x1025      	BCF        _ssdOn, BitPos(_ssdOn+0)
0x01A1	0x3078      	MOVLW      120
0x01A2	0x0226      	SUBWF      _setTemp, 0
0x01A3	0x1803      	BTFSC      STATUS, 0
0x01A4	0x29A6      	GOTO       L_tempSet26
0x01A5	0x03A6      	DECF       _setTemp, 1
L_tempSet26:
0x01A6	0x01B7      	CLRF       FARG_EEPROM_Write_Address
0x01A7	0x0826      	MOVF       _setTemp, 0
0x01A8	0x00B8      	MOVWF      FARG_EEPROM_Write_data_
0x01A9	0x20AD      	CALL       _EEPROM_Write
0x01AA	0x1283      	BCF        STATUS, 5
0x01AB	0x01AA      	CLRF       _Cnt3
0x01AC	0x01AB      	CLRF       _Cnt3+1
0x01AD	0x01A8      	CLRF       _Cnt2
0x01AE	0x01A9      	CLRF       _Cnt2+1
L_tempSet25:
0x01AF	0x0826      	MOVF       _setTemp, 0
0x01B0	0x00A7      	MOVWF      _setRead
0x01B1	0x3000      	MOVLW      0
0x01B2	0x022B      	SUBWF      _Cnt3+1, 0
0x01B3	0x1D03      	BTFSS      STATUS, 2
0x01B4	0x29B7      	GOTO       L__tempSet42
0x01B5	0x3096      	MOVLW      150
0x01B6	0x022A      	SUBWF      _Cnt3, 0
L__tempSet42:
0x01B7	0x1C03      	BTFSS      STATUS, 0
0x01B8	0x29BC      	GOTO       L_tempSet27
0x01B9	0x1425      	BSF        _ssdOn, BitPos(_ssdOn+0)
0x01BA	0x01AA      	CLRF       _Cnt3
0x01BB	0x01AB      	CLRF       _Cnt3+1
L_tempSet27:
L_end_tempSet:
0x01BC	0x0008      	RETURN
; end of _tempSet
___CC2DW:
_CC2D_Loop1:
0x01BD	0x2112      	CALL       _____DoICP
0x01BE	0x118A      	BCF        PCLATH, 3
0x01BF	0x120A      	BCF        PCLATH, 4
0x01C0	0x0080      	MOVWF      INDF
0x01C1	0x0A84      	INCF       FSR, 1
0x01C2	0x0AA0      	INCF       ___DoICPAddr, 1
0x01C3	0x1903      	BTFSC      STATUS, 2
0x01C4	0x0AA1      	INCF       ___DoICPAddr+1, 1
0x01C5	0x03F0      	DECF       R0, 1
0x01C6	0x1D03      	BTFSS      STATUS, 2
0x01C7	0x29BD      	GOTO       _CC2D_Loop1
L_end___CC2DW:
0x01C8	0x0008      	RETURN
; end of ___CC2DW
_ioInit:
0x01C9	0x1683      	BSF        STATUS, 5
0x01CA	0x1303      	BCF        STATUS, 6
0x01CB	0x158E      	BSF        PCON, 3
0x01CC	0x0186      	CLRF       TRISB
0x01CD	0x3003      	MOVLW      3
0x01CE	0x0085      	MOVWF      TRISA
0x01CF	0x3007      	MOVLW      7
0x01D0	0x1283      	BCF        STATUS, 5
0x01D1	0x009F      	MOVWF      CMCON
0x01D2	0x0185      	CLRF       PORTA
0x01D3	0x3003      	MOVLW      3
0x01D4	0x1683      	BSF        STATUS, 5
0x01D5	0x0081      	MOVWF      OPTION_REG
0x01D6	0x178B      	BSF        INTCON, 7
0x01D7	0x168B      	BSF        INTCON, 5
0x01D8	0x110B      	BCF        INTCON, 2
0x01D9	0x1283      	BCF        STATUS, 5
0x01DA	0x0186      	CLRF       PORTB
0x01DB	0x01A2      	CLRF       _T0Cnt
0x01DC	0x01A3      	CLRF       _Cnt1
0x01DD	0x01A4      	CLRF       _Cnt1+1
0x01DE	0x01A8      	CLRF       _Cnt2
0x01DF	0x01A9      	CLRF       _Cnt2+1
0x01E0	0x01AA      	CLRF       _Cnt3
0x01E1	0x01AB      	CLRF       _Cnt3+1
0x01E2	0x01AC      	CLRF       _Cnt4
0x01E3	0x01AD      	CLRF       _Cnt4+1
0x01E4	0x10A5      	BCF        _minus, BitPos(_minus+0)
0x01E5	0x1425      	BSF        _ssdOn, BitPos(_ssdOn+0)
L_end_ioInit:
0x01E6	0x0008      	RETURN
; end of _ioInit
_dataRead:
0x01E7	0x1283      	BCF        STATUS, 5
0x01E8	0x1303      	BCF        STATUS, 6
0x01E9	0x01B7      	CLRF       FARG_EEPROM_Read_Address
0x01EA	0x2108      	CALL       _EEPROM_Read
0x01EB	0x0870      	MOVF       R0, 0
0x01EC	0x1283      	BCF        STATUS, 5
0x01ED	0x00A6      	MOVWF      _setTemp
L_end_dataRead:
0x01EE	0x0008      	RETURN
; end of _dataRead
_gettemp:
0x01EF	0x3005      	MOVLW      PORTA
0x01F0	0x1283      	BCF        STATUS, 5
0x01F1	0x1303      	BCF        STATUS, 6
0x01F2	0x00B7      	MOVWF      FARG_Ow_Reset_port
0x01F3	0x3004      	MOVLW      4
0x01F4	0x00B8      	MOVWF      FARG_Ow_Reset_pin
0x01F5	0x2084      	CALL       _Ow_Reset
0x01F6	0x3005      	MOVLW      PORTA
0x01F7	0x00B7      	MOVWF      FARG_Ow_Write_port
0x01F8	0x3004      	MOVLW      4
0x01F9	0x00B8      	MOVWF      FARG_Ow_Write_pin
0x01FA	0x30CC      	MOVLW      204
0x01FB	0x00B9      	MOVWF      FARG_Ow_Write_data_
0x01FC	0x204E      	CALL       _Ow_Write
0x01FD	0x3005      	MOVLW      PORTA
0x01FE	0x00B7      	MOVWF      FARG_Ow_Write_port
0x01FF	0x3004      	MOVLW      4
0x0200	0x00B8      	MOVWF      FARG_Ow_Write_pin
0x0201	0x3044      	MOVLW      68
0x0202	0x00B9      	MOVWF      FARG_Ow_Write_data_
0x0203	0x204E      	CALL       _Ow_Write
0x0204	0x3023      	MOVLW      35
0x0205	0x00FD      	MOVWF      R13
L_gettemp16:
0x0206	0x0BFD      	DECFSZ     R13, 1
0x0207	0x2A06      	GOTO       L_gettemp16
0x0208	0x0000      	NOP
0x0209	0x3005      	MOVLW      PORTA
0x020A	0x00B7      	MOVWF      FARG_Ow_Reset_port
0x020B	0x3004      	MOVLW      4
0x020C	0x00B8      	MOVWF      FARG_Ow_Reset_pin
0x020D	0x2084      	CALL       _Ow_Reset
0x020E	0x3005      	MOVLW      PORTA
0x020F	0x00B7      	MOVWF      FARG_Ow_Write_port
0x0210	0x3004      	MOVLW      4
0x0211	0x00B8      	MOVWF      FARG_Ow_Write_pin
0x0212	0x30CC      	MOVLW      204
0x0213	0x00B9      	MOVWF      FARG_Ow_Write_data_
0x0214	0x204E      	CALL       _Ow_Write
0x0215	0x3005      	MOVLW      PORTA
0x0216	0x00B7      	MOVWF      FARG_Ow_Write_port
0x0217	0x3004      	MOVLW      4
0x0218	0x00B8      	MOVWF      FARG_Ow_Write_pin
0x0219	0x30BE      	MOVLW      190
0x021A	0x00B9      	MOVWF      FARG_Ow_Write_data_
0x021B	0x204E      	CALL       _Ow_Write
0x021C	0x3005      	MOVLW      PORTA
0x021D	0x00B7      	MOVWF      FARG_Ow_Read_port
0x021E	0x3004      	MOVLW      4
0x021F	0x00B8      	MOVWF      FARG_Ow_Read_pin
0x0220	0x20CC      	CALL       _Ow_Read
0x0221	0x0870      	MOVF       R0, 0
0x0222	0x00B2      	MOVWF      gettemp_temp_L0
0x0223	0x01B3      	CLRF       gettemp_temp_L0+1
0x0224	0x3005      	MOVLW      PORTA
0x0225	0x00B7      	MOVWF      FARG_Ow_Read_port
0x0226	0x3004      	MOVLW      4
0x0227	0x00B8      	MOVWF      FARG_Ow_Read_pin
0x0228	0x20CC      	CALL       _Ow_Read
0x0229	0x0870      	MOVF       R0, 0
0x022A	0x00F5      	MOVWF      R4+1
0x022B	0x01F4      	CLRF       R4
0x022C	0x0832      	MOVF       gettemp_temp_L0, 0
0x022D	0x0774      	ADDWF      R4, 0
0x022E	0x00F2      	MOVWF      R2
0x022F	0x0875      	MOVF       R4+1, 0
0x0230	0x1803      	BTFSC      STATUS, 0
0x0231	0x3E01      	ADDLW      1
0x0232	0x0733      	ADDWF      gettemp_temp_L0+1, 0
0x0233	0x00F3      	MOVWF      R2+1
0x0234	0x0872      	MOVF       R2, 0
0x0235	0x00B2      	MOVWF      gettemp_temp_L0
0x0236	0x0873      	MOVF       R2+1, 0
0x0237	0x00B3      	MOVWF      gettemp_temp_L0+1
0x0238	0x1FF3      	BTFSS      R2+1, 7
0x0239	0x2A3E      	GOTO       L_gettemp17
0x023A	0x14A5      	BSF        _minus, BitPos(_minus+0)
0x023B	0x09B2      	COMF       gettemp_temp_L0, 1
0x023C	0x09B3      	COMF       gettemp_temp_L0+1, 1
0x023D	0x2A3F      	GOTO       L_gettemp18
L_gettemp17:
0x023E	0x10A5      	BCF        _minus, BitPos(_minus+0)
L_gettemp18:
0x023F	0x0832      	MOVF       gettemp_temp_L0, 0
0x0240	0x00F0      	MOVWF      R0
0x0241	0x0833      	MOVF       gettemp_temp_L0+1, 0
0x0242	0x00F1      	MOVWF      R0+1
0x0243	0x0CF1      	RRF        R0+1, 1
0x0244	0x0CF0      	RRF        R0, 1
0x0245	0x13F1      	BCF        R0+1, 7
0x0246	0x0CF1      	RRF        R0+1, 1
0x0247	0x0CF0      	RRF        R0, 1
0x0248	0x13F1      	BCF        R0+1, 7
0x0249	0x0CF1      	RRF        R0+1, 1
0x024A	0x0CF0      	RRF        R0, 1
0x024B	0x13F1      	BCF        R0+1, 7
0x024C	0x0CF1      	RRF        R0+1, 1
0x024D	0x0CF0      	RRF        R0, 1
0x024E	0x13F1      	BCF        R0+1, 7
0x024F	0x0870      	MOVF       R0, 0
0x0250	0x00B2      	MOVWF      gettemp_temp_L0
0x0251	0x0871      	MOVF       R0+1, 0
0x0252	0x00B3      	MOVWF      gettemp_temp_L0+1
L_end_gettemp:
0x0253	0x0008      	RETURN
; end of _gettemp
_main:
0x0254	0x21C9      	CALL       _ioInit
0x0255	0x21E7      	CALL       _dataRead
0x0256	0x21EF      	CALL       _gettemp
0x0257	0x0870      	MOVF       R0, 0
0x0258	0x00B0      	MOVWF      main_tempData_L0
0x0259	0x0871      	MOVF       R0+1, 0
0x025A	0x00B1      	MOVWF      main_tempData_L0+1
0x025B	0x01B0      	CLRF       main_tempData_L0
0x025C	0x01B1      	CLRF       main_tempData_L0+1
0x025D	0x3018      	MOVLW      24
0x025E	0x00FC      	MOVWF      R12
0x025F	0x303C      	MOVLW      60
0x0260	0x00FD      	MOVWF      R13
L_main1:
0x0261	0x0BFD      	DECFSZ     R13, 1
0x0262	0x2A61      	GOTO       L_main1
0x0263	0x0BFC      	DECFSZ     R12, 1
0x0264	0x2A61      	GOTO       L_main1
L_main2:
0x0265	0x1C25      	BTFSS      _ssdOn, BitPos(_ssdOn+0)
0x0266	0x2A81      	GOTO       L_main4
0x0267	0x3000      	MOVLW      0
0x0268	0x0224      	SUBWF      _Cnt1+1, 0
0x0269	0x1D03      	BTFSS      STATUS, 2
0x026A	0x2A6D      	GOTO       L__main33
0x026B	0x304B      	MOVLW      75
0x026C	0x0223      	SUBWF      _Cnt1, 0
L__main33:
0x026D	0x1C03      	BTFSS      STATUS, 0
0x026E	0x2A7B      	GOTO       L_main5
0x026F	0x21EF      	CALL       _gettemp
0x0270	0x0870      	MOVF       R0, 0
0x0271	0x00B0      	MOVWF      main_tempData_L0
0x0272	0x0871      	MOVF       R0+1, 0
0x0273	0x00B1      	MOVWF      main_tempData_L0+1
0x0274	0x21EF      	CALL       _gettemp
0x0275	0x0870      	MOVF       R0, 0
0x0276	0x00B0      	MOVWF      main_tempData_L0
0x0277	0x0871      	MOVF       R0+1, 0
0x0278	0x00B1      	MOVWF      main_tempData_L0+1
0x0279	0x01A3      	CLRF       _Cnt1
0x027A	0x01A4      	CLRF       _Cnt1+1
L_main5:
0x027B	0x0830      	MOVF       main_tempData_L0, 0
0x027C	0x00B2      	MOVWF      FARG_ssdOut_temp
0x027D	0x0831      	MOVF       main_tempData_L0+1, 0
0x027E	0x00B3      	MOVWF      FARG_ssdOut_temp+1
0x027F	0x2119      	CALL       _ssdOut
0x0280	0x2A85      	GOTO       L_main6
L_main4:
0x0281	0x0826      	MOVF       _setTemp, 0
0x0282	0x00B2      	MOVWF      FARG_ssdOut_temp
0x0283	0x01B3      	CLRF       FARG_ssdOut_temp+1
0x0284	0x2119      	CALL       _ssdOut
L_main6:
0x0285	0x217B      	CALL       _tempSet
0x0286	0x3000      	MOVLW      0
0x0287	0x022D      	SUBWF      _Cnt4+1, 0
0x0288	0x1D03      	BTFSS      STATUS, 2
0x0289	0x2A8C      	GOTO       L__main34
0x028A	0x3032      	MOVLW      50
0x028B	0x022C      	SUBWF      _Cnt4, 0
L__main34:
0x028C	0x1C03      	BTFSS      STATUS, 0
0x028D	0x2A9D      	GOTO       L_main7
0x028E	0x3000      	MOVLW      0
0x028F	0x0231      	SUBWF      main_tempData_L0+1, 0
0x0290	0x1D03      	BTFSS      STATUS, 2
0x0291	0x2A94      	GOTO       L__main35
0x0292	0x0826      	MOVF       _setTemp, 0
0x0293	0x0230      	SUBWF      main_tempData_L0, 0
L__main35:
0x0294	0x1C03      	BTFSS      STATUS, 0
0x0295	0x2A9A      	GOTO       L_main8
0x0296	0x1585      	BSF        PORTA, 3
0x0297	0x01AC      	CLRF       _Cnt4
0x0298	0x01AD      	CLRF       _Cnt4+1
0x0299	0x2A9D      	GOTO       L_main9
L_main8:
0x029A	0x1185      	BCF        PORTA, 3
0x029B	0x01AC      	CLRF       _Cnt4
0x029C	0x01AD      	CLRF       _Cnt4+1
L_main9:
L_main7:
0x029D	0x2A65      	GOTO       L_main2
L_end_main:
0x029E	0x2A9E      	GOTO       $+0
; end of _main
Symbol List:
//** Routines locations **
//ADDRESS    SIZE    PROCEDURE
//----------------------------------------------
0x0004      [19]    _interrupt
0x0017       [2]    _Delay_1us
0x0019       [8]    _Delay_500us
0x0021       [7]    _Delay_80us
0x0028       [9]    _Delay_50us
0x0031      [29]    _Div_16X16_U
0x004E      [54]    _Ow_Write
0x0084      [41]    _Ow_Reset
0x00AD      [31]    _EEPROM_Write
0x00CC      [60]    _Ow_Read
0x0108      [10]    _EEPROM_Read
0x0112       [7]    _____DoICP
0x0119      [98]    _ssdOut
0x017B      [66]    _tempSet
0x01BD      [12]    ___CC2DW
0x01C9      [30]    _ioInit
0x01E7       [8]    _dataRead
0x01EF     [101]    _gettemp
0x0254      [75]    _main
//** Variables locations ** 
//ADDRESS    SIZE    VARIABLE
//----------------------------------------------
0x0000       [1]    INDF
0x0002       [1]    PCL
0x0003       [1]    STATUS
0x0004       [1]    FSR
0x0005       [1]    PORTA
0x0006       [1]    PORTB
0x000A       [1]    PCLATH
0x000B       [1]    INTCON
0x001F       [1]    CMCON
0x0020       [2]    ___DoICPAddr
0x0022       [1]    _T0Cnt
0x0023       [2]    _Cnt1
0x0025       [0]    _minus
0x0025       [0]    _ssdOn
0x0026       [1]    _setTemp
0x0027       [1]    _setRead
0x0028       [2]    _Cnt2
0x002A       [2]    _Cnt3
0x002C       [2]    _Cnt4
0x002E       [1]    ___saveSTATUS
0x002F       [1]    ___savePCLATH
0x0030       [2]    main_tempData_L0
0x0032       [2]    gettemp_temp_L0
0x0032       [2]    FARG_ssdOut_temp
0x0034       [1]    ssdOut_d1_L0
0x0035       [1]    ssdOut_d2_L0
0x0036       [1]    ssdOut_d3_L0
0x0037       [1]    FARG_EEPROM_Write_Address
0x0037       [1]    FARG_Ow_Read_port
0x0037       [1]    FARG_EEPROM_Read_Address
0x0037       [1]    FARG_Ow_Write_port
0x0037       [1]    FARG_Ow_Reset_port
0x0038       [1]    FARG_Ow_Write_pin
0x0038       [1]    FARG_Ow_Read_pin
0x0038       [1]    FARG_Ow_Reset_pin
0x0038       [1]    FARG_EEPROM_Write_data_
0x0039       [1]    Ow_Reset_res_L0
0x0039       [1]    Ow_Read_i_L0
0x0039       [1]    FARG_Ow_Write_data_
0x003A       [1]    Ow_Write_i_L0
0x003A       [1]    Ow_Reset_bit_mask_1_L0
0x003A       [1]    Ow_Read_tmp_L0
0x003B       [1]    Ow_Write_bit_mask_0_L0
0x003B       [1]    Ow_Read_bit_mask_0_L0
0x003C       [1]    Ow_Write_bit_mask_1_L0
0x003C       [1]    Ow_Read_bit_mask_1_L0
0x0070       [1]    R0
0x0071       [1]    R1
0x0072       [1]    R2
0x0073       [1]    R3
0x0074       [1]    R4
0x0075       [1]    R5
0x0076       [1]    R6
0x0077       [1]    R7
0x0078       [1]    R8
0x0079       [1]    R9
0x007A       [1]    R10
0x007B       [1]    R11
0x007C       [1]    R12
0x007D       [1]    R13
0x007E       [1]    R14
0x007F       [1]    R15
0x0081       [1]    OPTION_REG
0x0085       [1]    TRISA
0x0086       [1]    TRISB
0x008E       [1]    PCON
0x009A       [1]    EEDATA
0x009B       [1]    EEADR
0x009C       [1]    EECON1
0x009D       [1]    EECON2
