;  LST file generated by mikroListExporter - v.2.0 
; Date/Time: 5/9/2018 10:27:20 AM
;----------------------------------------------

;Address Opcode 	ASM
0x0000	0x29CD      	GOTO       461
_Delay_1us:
0x0003	0x0000      	NOP
0x0004	0x0000      	NOP
0x0005	0x0000      	NOP
0x0006	0x0000      	NOP
0x0007	0x0000      	NOP
L_end_Delay_1us:
0x0008	0x0008      	RETURN
; end of _Delay_1us
_Delay_50us:
0x0009	0x3053      	MOVLW      83
0x000A	0x1283      	BCF        STATUS, 5
0x000B	0x1303      	BCF        STATUS, 6
0x000C	0x00FD      	MOVWF      R13
L_Delay_50us2:
0x000D	0x0BFD      	DECFSZ     R13, 1
0x000E	0x280D      	GOTO       L_Delay_50us2
L_end_Delay_50us:
0x000F	0x0008      	RETURN
; end of _Delay_50us
_Delay_5500us:
0x0010	0x3024      	MOVLW      36
0x0011	0x1283      	BCF        STATUS, 5
0x0012	0x1303      	BCF        STATUS, 6
0x0013	0x00FC      	MOVWF      R12
0x0014	0x30B5      	MOVLW      181
0x0015	0x00FD      	MOVWF      R13
L_Delay_5500us5:
0x0016	0x0BFD      	DECFSZ     R13, 1
0x0017	0x2816      	GOTO       L_Delay_5500us5
0x0018	0x0BFC      	DECFSZ     R12, 1
0x0019	0x2816      	GOTO       L_Delay_5500us5
0x001A	0x0000      	NOP
0x001B	0x0000      	NOP
L_end_Delay_5500us:
0x001C	0x0008      	RETURN
; end of _Delay_5500us
_Div_16X16_U:
0x001D	0x1283      	BCF        STATUS, 5
0x001E	0x1303      	BCF        STATUS, 6
0x001F	0x01F8      	CLRF       R8
0x0020	0x01F9      	CLRF       R9
0x0021	0x3010      	MOVLW      16
0x0022	0x00FC      	MOVWF      R12
0x0023	0x0D71      	RLF        R1, 0
0x0024	0x0DF8      	RLF        R8, 1
0x0025	0x0DF9      	RLF        R9, 1
0x0026	0x0874      	MOVF       R4, 0
0x0027	0x02F8      	SUBWF      R8, 1
0x0028	0x0875      	MOVF       R5, 0
0x0029	0x1C03      	BTFSS      STATUS, 0
0x002A	0x0F75      	INCFSZ     R5, 0
0x002B	0x02F9      	SUBWF      R9, 1
0x002C	0x1803      	BTFSC      STATUS, 0
0x002D	0x2835      	GOTO       $+8
0x002E	0x0874      	MOVF       R4, 0
0x002F	0x07F8      	ADDWF      R8, 1
0x0030	0x0875      	MOVF       R5, 0
0x0031	0x1803      	BTFSC      STATUS, 0
0x0032	0x0F75      	INCFSZ     R5, 0
0x0033	0x07F9      	ADDWF      R9, 1
0x0034	0x1003      	BCF        STATUS, 0
0x0035	0x0DF0      	RLF        R0, 1
0x0036	0x0DF1      	RLF        R1, 1
0x0037	0x0BFC      	DECFSZ     R12, 1
0x0038	0x2823      	GOTO       $-21
L_end_Div_16X16_U:
0x0039	0x0008      	RETURN
; end of _Div_16X16_U
_Lcd_Cmd:
0x003A	0x1283      	BCF        STATUS, 5
0x003B	0x1303      	BCF        STATUS, 6
0x003C	0x1BEF      	BTFSC      FARG_Lcd_Cmd_out_char, 7
0x003D	0x2840      	GOTO       L__Lcd_Cmd21
0x003E	0x1186      	BCF        LCD_D7, BitPos(LCD_D7+0)
0x003F	0x2841      	GOTO       L__Lcd_Cmd22
L__Lcd_Cmd21:
0x0040	0x1586      	BSF        LCD_D7, BitPos(LCD_D7+0)
L__Lcd_Cmd22:
0x0041	0x1B6F      	BTFSC      FARG_Lcd_Cmd_out_char, 6
0x0042	0x2845      	GOTO       L__Lcd_Cmd23
0x0043	0x1106      	BCF        LCD_D6, BitPos(LCD_D6+0)
0x0044	0x2846      	GOTO       L__Lcd_Cmd24
L__Lcd_Cmd23:
0x0045	0x1506      	BSF        LCD_D6, BitPos(LCD_D6+0)
L__Lcd_Cmd24:
0x0046	0x1AEF      	BTFSC      FARG_Lcd_Cmd_out_char, 5
0x0047	0x284A      	GOTO       L__Lcd_Cmd25
0x0048	0x1086      	BCF        LCD_D5, BitPos(LCD_D5+0)
0x0049	0x284B      	GOTO       L__Lcd_Cmd26
L__Lcd_Cmd25:
0x004A	0x1486      	BSF        LCD_D5, BitPos(LCD_D5+0)
L__Lcd_Cmd26:
0x004B	0x1A6F      	BTFSC      FARG_Lcd_Cmd_out_char, 4
0x004C	0x284F      	GOTO       L__Lcd_Cmd27
0x004D	0x1006      	BCF        LCD_D4, BitPos(LCD_D4+0)
0x004E	0x2850      	GOTO       L__Lcd_Cmd28
L__Lcd_Cmd27:
0x004F	0x1406      	BSF        LCD_D4, BitPos(LCD_D4+0)
L__Lcd_Cmd28:
0x0050	0x184A      	BTFSC      __Lib_Lcd_cmd_status, BitPos(__Lib_Lcd_cmd_status+0)
0x0051	0x2854      	GOTO       L__Lcd_Cmd29
0x0052	0x1606      	BSF        LCD_RS, BitPos(LCD_RS+0)
0x0053	0x2855      	GOTO       L__Lcd_Cmd30
L__Lcd_Cmd29:
0x0054	0x1206      	BCF        LCD_RS, BitPos(LCD_RS+0)
L__Lcd_Cmd30:
0x0055	0x1686      	BSF        LCD_EN, BitPos(LCD_EN+0)
0x0056	0x2003      	CALL       _Delay_1us
0x0057	0x1286      	BCF        LCD_EN, BitPos(LCD_EN+0)
0x0058	0x19EF      	BTFSC      FARG_Lcd_Cmd_out_char, 3
0x0059	0x285C      	GOTO       L__Lcd_Cmd31
0x005A	0x1186      	BCF        LCD_D7, BitPos(LCD_D7+0)
0x005B	0x285D      	GOTO       L__Lcd_Cmd32
L__Lcd_Cmd31:
0x005C	0x1586      	BSF        LCD_D7, BitPos(LCD_D7+0)
L__Lcd_Cmd32:
0x005D	0x196F      	BTFSC      FARG_Lcd_Cmd_out_char, 2
0x005E	0x2861      	GOTO       L__Lcd_Cmd33
0x005F	0x1106      	BCF        LCD_D6, BitPos(LCD_D6+0)
0x0060	0x2862      	GOTO       L__Lcd_Cmd34
L__Lcd_Cmd33:
0x0061	0x1506      	BSF        LCD_D6, BitPos(LCD_D6+0)
L__Lcd_Cmd34:
0x0062	0x18EF      	BTFSC      FARG_Lcd_Cmd_out_char, 1
0x0063	0x2866      	GOTO       L__Lcd_Cmd35
0x0064	0x1086      	BCF        LCD_D5, BitPos(LCD_D5+0)
0x0065	0x2867      	GOTO       L__Lcd_Cmd36
L__Lcd_Cmd35:
0x0066	0x1486      	BSF        LCD_D5, BitPos(LCD_D5+0)
L__Lcd_Cmd36:
0x0067	0x186F      	BTFSC      FARG_Lcd_Cmd_out_char, 0
0x0068	0x286B      	GOTO       L__Lcd_Cmd37
0x0069	0x1006      	BCF        LCD_D4, BitPos(LCD_D4+0)
0x006A	0x286C      	GOTO       L__Lcd_Cmd38
L__Lcd_Cmd37:
0x006B	0x1406      	BSF        LCD_D4, BitPos(LCD_D4+0)
L__Lcd_Cmd38:
0x006C	0x184A      	BTFSC      __Lib_Lcd_cmd_status, BitPos(__Lib_Lcd_cmd_status+0)
0x006D	0x2870      	GOTO       L__Lcd_Cmd39
0x006E	0x1606      	BSF        LCD_RS, BitPos(LCD_RS+0)
0x006F	0x2871      	GOTO       L__Lcd_Cmd40
L__Lcd_Cmd39:
0x0070	0x1206      	BCF        LCD_RS, BitPos(LCD_RS+0)
L__Lcd_Cmd40:
0x0071	0x1686      	BSF        LCD_EN, BitPos(LCD_EN+0)
0x0072	0x2003      	CALL       _Delay_1us
0x0073	0x1286      	BCF        LCD_EN, BitPos(LCD_EN+0)
0x0074	0x1C4A      	BTFSS      __Lib_Lcd_cmd_status, BitPos(__Lib_Lcd_cmd_status+0)
0x0075	0x2878      	GOTO       L_Lcd_Cmd0
0x0076	0x2010      	CALL       _Delay_5500us
0x0077	0x2879      	GOTO       L_Lcd_Cmd1
L_Lcd_Cmd0:
0x0078	0x2009      	CALL       _Delay_50us
L_Lcd_Cmd1:
L_end_Lcd_Cmd:
0x0079	0x0008      	RETURN
; end of _Lcd_Cmd
_Lcd_Chr_CP:
0x007A	0x1283      	BCF        STATUS, 5
0x007B	0x1303      	BCF        STATUS, 6
0x007C	0x104A      	BCF        __Lib_Lcd_cmd_status, BitPos(__Lib_Lcd_cmd_status+0)
0x007D	0x086A      	MOVF       FARG_Lcd_Chr_CP_out_char, 0
0x007E	0x00EF      	MOVWF      FARG_Lcd_Cmd_out_char
0x007F	0x203A      	CALL       _Lcd_Cmd
0x0080	0x144A      	BSF        __Lib_Lcd_cmd_status, BitPos(__Lib_Lcd_cmd_status+0)
L_end_Lcd_Chr_CP:
0x0081	0x0008      	RETURN
; end of _Lcd_Chr_CP
_____DoICP:
0x0082	0x1283      	BCF        STATUS, 5
0x0083	0x1303      	BCF        STATUS, 6
0x0084	0x084C      	MOVF       ___DoICPAddr+1, 0
0x0085	0x008A      	MOVWF      PCLATH
0x0086	0x084B      	MOVF       ___DoICPAddr, 0
0x0087	0x0082      	MOVWF      PCL
L_end_____DoICP:
0x0088	0x0008      	RETURN
; end of _____DoICP
_WordToStr:
0x0089	0x1283      	BCF        STATUS, 5
0x008A	0x1303      	BCF        STATUS, 6
0x008B	0x01ED      	CLRF       WordToStr_len_L0
L_WordToStr11:
0x008C	0x3005      	MOVLW      5
0x008D	0x026D      	SUBWF      WordToStr_len_L0, 0
0x008E	0x1803      	BTFSC      STATUS, 0
0x008F	0x2897      	GOTO       L_WordToStr12
0x0090	0x086D      	MOVF       WordToStr_len_L0, 0
0x0091	0x076C      	ADDWF      FARG_WordToStr_output, 0
0x0092	0x0084      	MOVWF      FSR
0x0093	0x3020      	MOVLW      32
0x0094	0x0080      	MOVWF      INDF
0x0095	0x0AED      	INCF       WordToStr_len_L0, 1
0x0096	0x288C      	GOTO       L_WordToStr11
L_WordToStr12:
0x0097	0x086D      	MOVF       WordToStr_len_L0, 0
0x0098	0x076C      	ADDWF      FARG_WordToStr_output, 0
0x0099	0x0084      	MOVWF      FSR
0x009A	0x0180      	CLRF       INDF
0x009B	0x03ED      	DECF       WordToStr_len_L0, 1
L_WordToStr14:
0x009C	0x086D      	MOVF       WordToStr_len_L0, 0
0x009D	0x076C      	ADDWF      FARG_WordToStr_output, 0
0x009E	0x00EE      	MOVWF      FLOC__WordToStr
0x009F	0x300A      	MOVLW      10
0x00A0	0x00F4      	MOVWF      R4
0x00A1	0x01F5      	CLRF       R4+1
0x00A2	0x086A      	MOVF       FARG_WordToStr_input, 0
0x00A3	0x00F0      	MOVWF      R0
0x00A4	0x086B      	MOVF       FARG_WordToStr_input+1, 0
0x00A5	0x00F1      	MOVWF      R0+1
0x00A6	0x201D      	CALL       _Div_16X16_U
0x00A7	0x0878      	MOVF       R8, 0
0x00A8	0x00F0      	MOVWF      R0
0x00A9	0x0879      	MOVF       R8+1, 0
0x00AA	0x00F1      	MOVWF      R0+1
0x00AB	0x3030      	MOVLW      48
0x00AC	0x07F0      	ADDWF      R0, 1
0x00AD	0x086E      	MOVF       FLOC__WordToStr, 0
0x00AE	0x0084      	MOVWF      FSR
0x00AF	0x0870      	MOVF       R0, 0
0x00B0	0x0080      	MOVWF      INDF
0x00B1	0x300A      	MOVLW      10
0x00B2	0x00F4      	MOVWF      R4
0x00B3	0x01F5      	CLRF       R4+1
0x00B4	0x086A      	MOVF       FARG_WordToStr_input, 0
0x00B5	0x00F0      	MOVWF      R0
0x00B6	0x086B      	MOVF       FARG_WordToStr_input+1, 0
0x00B7	0x00F1      	MOVWF      R0+1
0x00B8	0x201D      	CALL       _Div_16X16_U
0x00B9	0x0870      	MOVF       R0, 0
0x00BA	0x00EA      	MOVWF      FARG_WordToStr_input
0x00BB	0x0871      	MOVF       R0+1, 0
0x00BC	0x00EB      	MOVWF      FARG_WordToStr_input+1
0x00BD	0x3000      	MOVLW      0
0x00BE	0x0671      	XORWF      R0+1, 0
0x00BF	0x1D03      	BTFSS      STATUS, 2
0x00C0	0x28C3      	GOTO       L__WordToStr159
0x00C1	0x3000      	MOVLW      0
0x00C2	0x0670      	XORWF      R0, 0
L__WordToStr159:
0x00C3	0x1D03      	BTFSS      STATUS, 2
0x00C4	0x28C6      	GOTO       L_WordToStr16
0x00C5	0x28C8      	GOTO       L_WordToStr15
L_WordToStr16:
0x00C6	0x03ED      	DECF       WordToStr_len_L0, 1
0x00C7	0x289C      	GOTO       L_WordToStr14
L_WordToStr15:
L_end_WordToStr:
0x00C8	0x0008      	RETURN
; end of _WordToStr
_IntToStr:
0x00C9	0x1283      	BCF        STATUS, 5
0x00CA	0x1303      	BCF        STATUS, 6
0x00CB	0x01E6      	CLRF       IntToStr_negative_L0
0x00CC	0x01E7      	CLRF       IntToStr_negative_L0+1
0x00CD	0x0861      	MOVF       FARG_IntToStr_input, 0
0x00CE	0x00E8      	MOVWF      IntToStr_inword_L0
0x00CF	0x0862      	MOVF       FARG_IntToStr_input+1, 0
0x00D0	0x00E9      	MOVWF      IntToStr_inword_L0+1
0x00D1	0x3080      	MOVLW      128
0x00D2	0x0662      	XORWF      FARG_IntToStr_input+1, 0
0x00D3	0x00F0      	MOVWF      R0
0x00D4	0x3080      	MOVLW      128
0x00D5	0x0270      	SUBWF      R0, 0
0x00D6	0x1D03      	BTFSS      STATUS, 2
0x00D7	0x28DA      	GOTO       L__IntToStr167
0x00D8	0x3000      	MOVLW      0
0x00D9	0x0261      	SUBWF      FARG_IntToStr_input, 0
L__IntToStr167:
0x00DA	0x1803      	BTFSC      STATUS, 0
0x00DB	0x28E8      	GOTO       L_IntToStr37
0x00DC	0x3001      	MOVLW      1
0x00DD	0x00E6      	MOVWF      IntToStr_negative_L0
0x00DE	0x3000      	MOVLW      0
0x00DF	0x00E7      	MOVWF      IntToStr_negative_L0+1
0x00E0	0x0861      	MOVF       FARG_IntToStr_input, 0
0x00E1	0x3C00      	SUBLW      0
0x00E2	0x00E8      	MOVWF      IntToStr_inword_L0
0x00E3	0x0862      	MOVF       FARG_IntToStr_input+1, 0
0x00E4	0x1C03      	BTFSS      STATUS, 0
0x00E5	0x3E01      	ADDLW      1
0x00E6	0x01E9      	CLRF       IntToStr_inword_L0+1
0x00E7	0x02E9      	SUBWF      IntToStr_inword_L0+1, 1
L_IntToStr37:
0x00E8	0x0868      	MOVF       IntToStr_inword_L0, 0
0x00E9	0x00EA      	MOVWF      FARG_WordToStr_input
0x00EA	0x0869      	MOVF       IntToStr_inword_L0+1, 0
0x00EB	0x00EB      	MOVWF      FARG_WordToStr_input+1
0x00EC	0x0863      	MOVF       FARG_IntToStr_output, 0
0x00ED	0x00EC      	MOVWF      FARG_WordToStr_output
0x00EE	0x2089      	CALL       _WordToStr
0x00EF	0x3006      	MOVLW      6
0x00F0	0x00E4      	MOVWF      IntToStr_i_L0
0x00F1	0x3000      	MOVLW      0
0x00F2	0x00E5      	MOVWF      IntToStr_i_L0+1
L_IntToStr38:
0x00F3	0x0865      	MOVF       IntToStr_i_L0+1, 0
0x00F4	0x3C00      	SUBLW      0
0x00F5	0x1D03      	BTFSS      STATUS, 2
0x00F6	0x28F9      	GOTO       L__IntToStr168
0x00F7	0x0864      	MOVF       IntToStr_i_L0, 0
0x00F8	0x3C00      	SUBLW      0
L__IntToStr168:
0x00F9	0x1803      	BTFSC      STATUS, 0
0x00FA	0x2914      	GOTO       L_IntToStr39
0x00FB	0x0864      	MOVF       IntToStr_i_L0, 0
0x00FC	0x0763      	ADDWF      FARG_IntToStr_output, 0
0x00FD	0x00F2      	MOVWF      R2
0x00FE	0x3001      	MOVLW      1
0x00FF	0x0264      	SUBWF      IntToStr_i_L0, 0
0x0100	0x00F0      	MOVWF      R0
0x0101	0x3000      	MOVLW      0
0x0102	0x1C03      	BTFSS      STATUS, 0
0x0103	0x3E01      	ADDLW      1
0x0104	0x0265      	SUBWF      IntToStr_i_L0+1, 0
0x0105	0x00F1      	MOVWF      R0+1
0x0106	0x0870      	MOVF       R0, 0
0x0107	0x0763      	ADDWF      FARG_IntToStr_output, 0
0x0108	0x0084      	MOVWF      FSR
0x0109	0x0800      	MOVF       INDF, 0
0x010A	0x00F0      	MOVWF      R0
0x010B	0x0872      	MOVF       R2, 0
0x010C	0x0084      	MOVWF      FSR
0x010D	0x0870      	MOVF       R0, 0
0x010E	0x0080      	MOVWF      INDF
0x010F	0x3001      	MOVLW      1
0x0110	0x02E4      	SUBWF      IntToStr_i_L0, 1
0x0111	0x1C03      	BTFSS      STATUS, 0
0x0112	0x03E5      	DECF       IntToStr_i_L0+1, 1
0x0113	0x28F3      	GOTO       L_IntToStr38
L_IntToStr39:
0x0114	0x0863      	MOVF       FARG_IntToStr_output, 0
0x0115	0x0084      	MOVWF      FSR
0x0116	0x3020      	MOVLW      32
0x0117	0x0080      	MOVWF      INDF
0x0118	0x0866      	MOVF       IntToStr_negative_L0, 0
0x0119	0x0467      	IORWF      IntToStr_negative_L0+1, 0
0x011A	0x1903      	BTFSC      STATUS, 2
0x011B	0x2932      	GOTO       L_IntToStr40
0x011C	0x01E4      	CLRF       IntToStr_i_L0
0x011D	0x01E5      	CLRF       IntToStr_i_L0+1
L_IntToStr41:
0x011E	0x0864      	MOVF       IntToStr_i_L0, 0
0x011F	0x0763      	ADDWF      FARG_IntToStr_output, 0
0x0120	0x0084      	MOVWF      FSR
0x0121	0x0800      	MOVF       INDF, 0
0x0122	0x3A20      	XORLW      32
0x0123	0x1D03      	BTFSS      STATUS, 2
0x0124	0x2929      	GOTO       L_IntToStr42
0x0125	0x0AE4      	INCF       IntToStr_i_L0, 1
0x0126	0x1903      	BTFSC      STATUS, 2
0x0127	0x0AE5      	INCF       IntToStr_i_L0+1, 1
0x0128	0x291E      	GOTO       L_IntToStr41
L_IntToStr42:
0x0129	0x3001      	MOVLW      1
0x012A	0x02E4      	SUBWF      IntToStr_i_L0, 1
0x012B	0x1C03      	BTFSS      STATUS, 0
0x012C	0x03E5      	DECF       IntToStr_i_L0+1, 1
0x012D	0x0864      	MOVF       IntToStr_i_L0, 0
0x012E	0x0763      	ADDWF      FARG_IntToStr_output, 0
0x012F	0x0084      	MOVWF      FSR
0x0130	0x302D      	MOVLW      45
0x0131	0x0080      	MOVWF      INDF
L_IntToStr40:
L_end_IntToStr:
0x0132	0x0008      	RETURN
; end of _IntToStr
_Lcd_Out:
0x0133	0x2945      	GOTO       L_Lcd_Out11
L_Lcd_Out13:
0x0134	0x3080      	MOVLW      128
0x0135	0x1283      	BCF        STATUS, 5
0x0136	0x1303      	BCF        STATUS, 6
0x0137	0x00E1      	MOVWF      FARG_Lcd_Out_row
0x0138	0x2958      	GOTO       L_Lcd_Out12
L_Lcd_Out14:
0x0139	0x30C0      	MOVLW      192
0x013A	0x00E1      	MOVWF      FARG_Lcd_Out_row
0x013B	0x2958      	GOTO       L_Lcd_Out12
L_Lcd_Out15:
0x013C	0x3094      	MOVLW      148
0x013D	0x00E1      	MOVWF      FARG_Lcd_Out_row
0x013E	0x2958      	GOTO       L_Lcd_Out12
L_Lcd_Out16:
0x013F	0x30D4      	MOVLW      212
0x0140	0x00E1      	MOVWF      FARG_Lcd_Out_row
0x0141	0x2958      	GOTO       L_Lcd_Out12
L_Lcd_Out17:
0x0142	0x3080      	MOVLW      128
0x0143	0x00E1      	MOVWF      FARG_Lcd_Out_row
0x0144	0x2958      	GOTO       L_Lcd_Out12
L_Lcd_Out11:
0x0145	0x1283      	BCF        STATUS, 5
0x0146	0x1303      	BCF        STATUS, 6
0x0147	0x0861      	MOVF       FARG_Lcd_Out_row, 0
0x0148	0x3A01      	XORLW      1
0x0149	0x1903      	BTFSC      STATUS, 2
0x014A	0x2934      	GOTO       L_Lcd_Out13
0x014B	0x0861      	MOVF       FARG_Lcd_Out_row, 0
0x014C	0x3A02      	XORLW      2
0x014D	0x1903      	BTFSC      STATUS, 2
0x014E	0x2939      	GOTO       L_Lcd_Out14
0x014F	0x0861      	MOVF       FARG_Lcd_Out_row, 0
0x0150	0x3A03      	XORLW      3
0x0151	0x1903      	BTFSC      STATUS, 2
0x0152	0x293C      	GOTO       L_Lcd_Out15
0x0153	0x0861      	MOVF       FARG_Lcd_Out_row, 0
0x0154	0x3A04      	XORLW      4
0x0155	0x1903      	BTFSC      STATUS, 2
0x0156	0x293F      	GOTO       L_Lcd_Out16
0x0157	0x2942      	GOTO       L_Lcd_Out17
L_Lcd_Out12:
0x0158	0x0362      	DECF       FARG_Lcd_Out_column, 0
0x0159	0x00F0      	MOVWF      R0
0x015A	0x0861      	MOVF       FARG_Lcd_Out_row, 0
0x015B	0x07F0      	ADDWF      R0, 1
0x015C	0x0870      	MOVF       R0, 0
0x015D	0x00E1      	MOVWF      FARG_Lcd_Out_row
0x015E	0x0870      	MOVF       R0, 0
0x015F	0x00EF      	MOVWF      FARG_Lcd_Cmd_out_char
0x0160	0x203A      	CALL       _Lcd_Cmd
0x0161	0x104A      	BCF        __Lib_Lcd_cmd_status, BitPos(__Lib_Lcd_cmd_status+0)
0x0162	0x01E4      	CLRF       Lcd_Out_i_L0
L_Lcd_Out18:
0x0163	0x0864      	MOVF       Lcd_Out_i_L0, 0
0x0164	0x0763      	ADDWF      FARG_Lcd_Out_text, 0
0x0165	0x0084      	MOVWF      FSR
0x0166	0x0800      	MOVF       INDF, 0
0x0167	0x1903      	BTFSC      STATUS, 2
0x0168	0x2971      	GOTO       L_Lcd_Out19
0x0169	0x0864      	MOVF       Lcd_Out_i_L0, 0
0x016A	0x0763      	ADDWF      FARG_Lcd_Out_text, 0
0x016B	0x0084      	MOVWF      FSR
0x016C	0x0800      	MOVF       INDF, 0
0x016D	0x00EA      	MOVWF      FARG_Lcd_Chr_CP_out_char
0x016E	0x207A      	CALL       _Lcd_Chr_CP
0x016F	0x0AE4      	INCF       Lcd_Out_i_L0, 1
0x0170	0x2963      	GOTO       L_Lcd_Out18
L_Lcd_Out19:
0x0171	0x144A      	BSF        __Lib_Lcd_cmd_status, BitPos(__Lib_Lcd_cmd_status+0)
L_end_Lcd_Out:
0x0172	0x0008      	RETURN
; end of _Lcd_Out
___CC2DW:
_CC2D_Loop1:
0x0173	0x2082      	CALL       _____DoICP
0x0174	0x118A      	BCF        PCLATH, 3
0x0175	0x120A      	BCF        PCLATH, 4
0x0176	0x0080      	MOVWF      INDF
0x0177	0x0A84      	INCF       FSR, 1
0x0178	0x0ACB      	INCF       ___DoICPAddr, 1
0x0179	0x1903      	BTFSC      STATUS, 2
0x017A	0x0ACC      	INCF       ___DoICPAddr+1, 1
0x017B	0x03F0      	DECF       R0, 1
0x017C	0x1D03      	BTFSS      STATUS, 2
0x017D	0x2973      	GOTO       _CC2D_Loop1
L_end___CC2DW:
0x017E	0x0008      	RETURN
; end of ___CC2DW
_Lcd_Init:
0x017F	0x1683      	BSF        STATUS, 5
0x0180	0x1303      	BCF        STATUS, 6
0x0181	0x1286      	BCF        LCD_EN_Direction, BitPos(LCD_EN_Direction+0)
0x0182	0x1206      	BCF        LCD_RS_Direction, BitPos(LCD_RS_Direction+0)
0x0183	0x1006      	BCF        LCD_D4_Direction, BitPos(LCD_D4_Direction+0)
0x0184	0x1086      	BCF        LCD_D5_Direction, BitPos(LCD_D5_Direction+0)
0x0185	0x1106      	BCF        LCD_D6_Direction, BitPos(LCD_D6_Direction+0)
0x0186	0x1186      	BCF        LCD_D7_Direction, BitPos(LCD_D7_Direction+0)
0x0187	0x1283      	BCF        STATUS, 5
0x0188	0x1286      	BCF        LCD_EN, BitPos(LCD_EN+0)
0x0189	0x1206      	BCF        LCD_RS, BitPos(LCD_RS+0)
0x018A	0x1186      	BCF        LCD_D7, BitPos(LCD_D7+0)
0x018B	0x1106      	BCF        LCD_D6, BitPos(LCD_D6+0)
0x018C	0x1086      	BCF        LCD_D5, BitPos(LCD_D5+0)
0x018D	0x1006      	BCF        LCD_D4, BitPos(LCD_D4+0)
0x018E	0x2010      	CALL       _Delay_5500us
0x018F	0x2010      	CALL       _Delay_5500us
0x0190	0x2010      	CALL       _Delay_5500us
0x0191	0x1486      	BSF        LCD_D5, BitPos(LCD_D5+0)
0x0192	0x1406      	BSF        LCD_D4, BitPos(LCD_D4+0)
0x0193	0x1686      	BSF        LCD_EN, BitPos(LCD_EN+0)
0x0194	0x2003      	CALL       _Delay_1us
0x0195	0x1286      	BCF        LCD_EN, BitPos(LCD_EN+0)
0x0196	0x2010      	CALL       _Delay_5500us
0x0197	0x1686      	BSF        LCD_EN, BitPos(LCD_EN+0)
0x0198	0x2003      	CALL       _Delay_1us
0x0199	0x1286      	BCF        LCD_EN, BitPos(LCD_EN+0)
0x019A	0x2010      	CALL       _Delay_5500us
0x019B	0x1686      	BSF        LCD_EN, BitPos(LCD_EN+0)
0x019C	0x2003      	CALL       _Delay_1us
0x019D	0x1286      	BCF        LCD_EN, BitPos(LCD_EN+0)
0x019E	0x2010      	CALL       _Delay_5500us
0x019F	0x1006      	BCF        LCD_D4, BitPos(LCD_D4+0)
0x01A0	0x1686      	BSF        LCD_EN, BitPos(LCD_EN+0)
0x01A1	0x2003      	CALL       _Delay_1us
0x01A2	0x1286      	BCF        LCD_EN, BitPos(LCD_EN+0)
0x01A3	0x2010      	CALL       _Delay_5500us
0x01A4	0x1686      	BSF        LCD_EN, BitPos(LCD_EN+0)
0x01A5	0x2003      	CALL       _Delay_1us
0x01A6	0x1286      	BCF        LCD_EN, BitPos(LCD_EN+0)
0x01A7	0x1086      	BCF        LCD_D5, BitPos(LCD_D5+0)
0x01A8	0x1586      	BSF        LCD_D7, BitPos(LCD_D7+0)
0x01A9	0x1686      	BSF        LCD_EN, BitPos(LCD_EN+0)
0x01AA	0x2003      	CALL       _Delay_1us
0x01AB	0x1286      	BCF        LCD_EN, BitPos(LCD_EN+0)
0x01AC	0x2010      	CALL       _Delay_5500us
0x01AD	0x1186      	BCF        LCD_D7, BitPos(LCD_D7+0)
0x01AE	0x1406      	BSF        LCD_D4, BitPos(LCD_D4+0)
0x01AF	0x1686      	BSF        LCD_EN, BitPos(LCD_EN+0)
0x01B0	0x2003      	CALL       _Delay_1us
0x01B1	0x1286      	BCF        LCD_EN, BitPos(LCD_EN+0)
0x01B2	0x1006      	BCF        LCD_D4, BitPos(LCD_D4+0)
0x01B3	0x1686      	BSF        LCD_EN, BitPos(LCD_EN+0)
0x01B4	0x2003      	CALL       _Delay_1us
0x01B5	0x1286      	BCF        LCD_EN, BitPos(LCD_EN+0)
0x01B6	0x2010      	CALL       _Delay_5500us
0x01B7	0x1686      	BSF        LCD_EN, BitPos(LCD_EN+0)
0x01B8	0x2003      	CALL       _Delay_1us
0x01B9	0x1286      	BCF        LCD_EN, BitPos(LCD_EN+0)
0x01BA	0x1406      	BSF        LCD_D4, BitPos(LCD_D4+0)
0x01BB	0x1686      	BSF        LCD_EN, BitPos(LCD_EN+0)
0x01BC	0x2003      	CALL       _Delay_1us
0x01BD	0x1286      	BCF        LCD_EN, BitPos(LCD_EN+0)
0x01BE	0x2010      	CALL       _Delay_5500us
0x01BF	0x1006      	BCF        LCD_D4, BitPos(LCD_D4+0)
0x01C0	0x1686      	BSF        LCD_EN, BitPos(LCD_EN+0)
0x01C1	0x2003      	CALL       _Delay_1us
0x01C2	0x1286      	BCF        LCD_EN, BitPos(LCD_EN+0)
0x01C3	0x1586      	BSF        LCD_D7, BitPos(LCD_D7+0)
0x01C4	0x1506      	BSF        LCD_D6, BitPos(LCD_D6+0)
0x01C5	0x1486      	BSF        LCD_D5, BitPos(LCD_D5+0)
0x01C6	0x1406      	BSF        LCD_D4, BitPos(LCD_D4+0)
0x01C7	0x1686      	BSF        LCD_EN, BitPos(LCD_EN+0)
0x01C8	0x2003      	CALL       _Delay_1us
0x01C9	0x1286      	BCF        LCD_EN, BitPos(LCD_EN+0)
0x01CA	0x2010      	CALL       _Delay_5500us
0x01CB	0x144A      	BSF        __Lib_Lcd_cmd_status, BitPos(__Lib_Lcd_cmd_status+0)
L_end_Lcd_Init:
0x01CC	0x0008      	RETURN
; end of _Lcd_Init
_main:
0x01CD	0x228E      	CALL       654
0x01CE	0x1283      	BCF        STATUS, 5
0x01CF	0x1303      	BCF        STATUS, 6
0x01D0	0x01DD      	CLRF       main_freq_L0
0x01D1	0x01DE      	CLRF       main_freq_L0+1
0x01D2	0x01DF      	CLRF       main_freq_L0+2
0x01D3	0x01E0      	CLRF       main_freq_L0+3
0x01D4	0x30FF      	MOVLW      255
0x01D5	0x1683      	BSF        STATUS, 5
0x01D6	0x0087      	MOVWF      TRISC
0x01D7	0x1283      	BCF        STATUS, 5
0x01D8	0x0187      	CLRF       PORTC
0x01D9	0x217F      	CALL       _Lcd_Init
0x01DA	0x300C      	MOVLW      12
0x01DB	0x00EF      	MOVWF      FARG_Lcd_Cmd_out_char
0x01DC	0x203A      	CALL       _Lcd_Cmd
0x01DD	0x3001      	MOVLW      1
0x01DE	0x00E1      	MOVWF      FARG_Lcd_Out_row
0x01DF	0x3004      	MOVLW      4
0x01E0	0x00E2      	MOVWF      FARG_Lcd_Out_column
0x01E1	0x303F      	MOVLW      ?lstr1_PIC16F876A_FREQ
0x01E2	0x00E3      	MOVWF      FARG_Lcd_Out_text
0x01E3	0x2133      	CALL       _Lcd_Out
0x01E4	0x3002      	MOVLW      2
0x01E5	0x00E1      	MOVWF      FARG_Lcd_Out_row
0x01E6	0x3002      	MOVLW      2
0x01E7	0x00E2      	MOVWF      FARG_Lcd_Out_column
0x01E8	0x302F      	MOVLW      ?lstr2_PIC16F876A_FREQ
0x01E9	0x00E3      	MOVWF      FARG_Lcd_Out_text
0x01EA	0x2133      	CALL       _Lcd_Out
0x01EB	0x301A      	MOVLW      26
0x01EC	0x00FB      	MOVWF      R11
0x01ED	0x305E      	MOVLW      94
0x01EE	0x00FC      	MOVWF      R12
0x01EF	0x306E      	MOVLW      110
0x01F0	0x00FD      	MOVWF      R13
L_main0:
0x01F1	0x0BFD      	DECFSZ     R13, 1
0x01F2	0x29F1      	GOTO       L_main0
0x01F3	0x0BFC      	DECFSZ     R12, 1
0x01F4	0x29F1      	GOTO       L_main0
0x01F5	0x0BFB      	DECFSZ     R11, 1
0x01F6	0x29F1      	GOTO       L_main0
0x01F7	0x0000      	NOP
0x01F8	0x3001      	MOVLW      1
0x01F9	0x00EF      	MOVWF      FARG_Lcd_Cmd_out_char
0x01FA	0x203A      	CALL       _Lcd_Cmd
0x01FB	0x3001      	MOVLW      1
0x01FC	0x00E1      	MOVWF      FARG_Lcd_Out_row
0x01FD	0x3001      	MOVLW      1
0x01FE	0x00E2      	MOVWF      FARG_Lcd_Out_column
0x01FF	0x3020      	MOVLW      ?lstr3_PIC16F876A_FREQ
0x0200	0x00E3      	MOVWF      FARG_Lcd_Out_text
0x0201	0x2133      	CALL       _Lcd_Out
L_main1:
0x0202	0x01CD      	CLRF       main_i_L0
0x0203	0x01CE      	CLRF       main_i_L0+1
0x0204	0x01CF      	CLRF       main_i_L0+2
0x0205	0x01D0      	CLRF       main_i_L0+3
L_main3:
0x0206	0x3000      	MOVLW      0
0x0207	0x0250      	SUBWF      main_i_L0+3, 0
0x0208	0x1D03      	BTFSS      STATUS, 2
0x0209	0x2A14      	GOTO       L__main10
0x020A	0x3000      	MOVLW      0
0x020B	0x024F      	SUBWF      main_i_L0+2, 0
0x020C	0x1D03      	BTFSS      STATUS, 2
0x020D	0x2A14      	GOTO       L__main10
0x020E	0x30D9      	MOVLW      217
0x020F	0x024E      	SUBWF      main_i_L0+1, 0
0x0210	0x1D03      	BTFSS      STATUS, 2
0x0211	0x2A14      	GOTO       L__main10
0x0212	0x30F8      	MOVLW      248
0x0213	0x024D      	SUBWF      main_i_L0, 0
L__main10:
0x0214	0x1803      	BTFSC      STATUS, 0
0x0215	0x2A4A      	GOTO       L_main4
0x0216	0x1C07      	BTFSS      PORTC, 0
0x0217	0x2A32      	GOTO       L_main6
L_main7:
0x0218	0x1C07      	BTFSS      PORTC, 0
0x0219	0x2A1B      	GOTO       L_main8
0x021A	0x2A18      	GOTO       L_main7
L_main8:
0x021B	0x085D      	MOVF       main_freq_L0, 0
0x021C	0x00F0      	MOVWF      R0
0x021D	0x085E      	MOVF       main_freq_L0+1, 0
0x021E	0x00F1      	MOVWF      R0+1
0x021F	0x085F      	MOVF       main_freq_L0+2, 0
0x0220	0x00F2      	MOVWF      R0+2
0x0221	0x0860      	MOVF       main_freq_L0+3, 0
0x0222	0x00F3      	MOVWF      R0+3
0x0223	0x0AF0      	INCF       R0, 1
0x0224	0x1903      	BTFSC      STATUS, 2
0x0225	0x0AF1      	INCF       R0+1, 1
0x0226	0x1903      	BTFSC      STATUS, 2
0x0227	0x0AF2      	INCF       R0+2, 1
0x0228	0x1903      	BTFSC      STATUS, 2
0x0229	0x0AF3      	INCF       R0+3, 1
0x022A	0x0870      	MOVF       R0, 0
0x022B	0x00DD      	MOVWF      main_freq_L0
0x022C	0x0871      	MOVF       R0+1, 0
0x022D	0x00DE      	MOVWF      main_freq_L0+1
0x022E	0x0872      	MOVF       R0+2, 0
0x022F	0x00DF      	MOVWF      main_freq_L0+2
0x0230	0x0873      	MOVF       R0+3, 0
0x0231	0x00E0      	MOVWF      main_freq_L0+3
L_main6:
0x0232	0x084D      	MOVF       main_i_L0, 0
0x0233	0x00F0      	MOVWF      R0
0x0234	0x084E      	MOVF       main_i_L0+1, 0
0x0235	0x00F1      	MOVWF      R0+1
0x0236	0x084F      	MOVF       main_i_L0+2, 0
0x0237	0x00F2      	MOVWF      R0+2
0x0238	0x0850      	MOVF       main_i_L0+3, 0
0x0239	0x00F3      	MOVWF      R0+3
0x023A	0x0AF0      	INCF       R0, 1
0x023B	0x1903      	BTFSC      STATUS, 2
0x023C	0x0AF1      	INCF       R0+1, 1
0x023D	0x1903      	BTFSC      STATUS, 2
0x023E	0x0AF2      	INCF       R0+2, 1
0x023F	0x1903      	BTFSC      STATUS, 2
0x0240	0x0AF3      	INCF       R0+3, 1
0x0241	0x0870      	MOVF       R0, 0
0x0242	0x00CD      	MOVWF      main_i_L0
0x0243	0x0871      	MOVF       R0+1, 0
0x0244	0x00CE      	MOVWF      main_i_L0+1
0x0245	0x0872      	MOVF       R0+2, 0
0x0246	0x00CF      	MOVWF      main_i_L0+2
0x0247	0x0873      	MOVF       R0+3, 0
0x0248	0x00D0      	MOVWF      main_i_L0+3
0x0249	0x2A06      	GOTO       L_main3
L_main4:
0x024A	0x085D      	MOVF       main_freq_L0, 0
0x024B	0x00E1      	MOVWF      FARG_IntToStr_input
0x024C	0x085E      	MOVF       main_freq_L0+1, 0
0x024D	0x00E2      	MOVWF      FARG_IntToStr_input+1
0x024E	0x3051      	MOVLW      main_freq_data_L0
0x024F	0x00E3      	MOVWF      FARG_IntToStr_output
0x0250	0x20C9      	CALL       _IntToStr
0x0251	0x3002      	MOVLW      2
0x0252	0x00E1      	MOVWF      FARG_Lcd_Out_row
0x0253	0x3001      	MOVLW      1
0x0254	0x00E2      	MOVWF      FARG_Lcd_Out_column
0x0255	0x3051      	MOVLW      main_freq_data_L0
0x0256	0x00E3      	MOVWF      FARG_Lcd_Out_text
0x0257	0x2133      	CALL       _Lcd_Out
0x0258	0x01DD      	CLRF       main_freq_L0
0x0259	0x01DE      	CLRF       main_freq_L0+1
0x025A	0x01DF      	CLRF       main_freq_L0+2
0x025B	0x01E0      	CLRF       main_freq_L0+3
0x025C	0x2A02      	GOTO       L_main1
L_end_main:
0x025D	0x2A5D      	GOTO       $+0
; end of _main
0x028E	0x3020      	MOVLW      32
0x028F	0x0084      	MOVWF      FSR
0x0290	0x302A      	MOVLW      42
0x0291	0x1283      	BCF        STATUS, 5
0x0292	0x1303      	BCF        STATUS, 6
0x0293	0x00F0      	MOVWF      R0
0x0294	0x3063      	MOVLW      99
0x0295	0x00CB      	MOVWF      ___DoICPAddr
0x0296	0x3002      	MOVLW      2
0x0297	0x00CC      	MOVWF      76
0x0298	0x2173      	CALL       371
0x0299	0x0008      	RETURN
;PIC16F876A_FREQ.c,0 :: ?ICS?lstr3_PIC16F876A_FREQ
0x0263	0x3446 ;?ICS?lstr3_PIC16F876A_FREQ+0
0x0264	0x3452 ;?ICS?lstr3_PIC16F876A_FREQ+1
0x0265	0x3445 ;?ICS?lstr3_PIC16F876A_FREQ+2
0x0266	0x3451 ;?ICS?lstr3_PIC16F876A_FREQ+3
0x0267	0x3455 ;?ICS?lstr3_PIC16F876A_FREQ+4
0x0268	0x3445 ;?ICS?lstr3_PIC16F876A_FREQ+5
0x0269	0x344E ;?ICS?lstr3_PIC16F876A_FREQ+6
0x026A	0x3443 ;?ICS?lstr3_PIC16F876A_FREQ+7
0x026B	0x3459 ;?ICS?lstr3_PIC16F876A_FREQ+8
0x026C	0x3420 ;?ICS?lstr3_PIC16F876A_FREQ+9
0x026D	0x3428 ;?ICS?lstr3_PIC16F876A_FREQ+10
0x026E	0x3448 ;?ICS?lstr3_PIC16F876A_FREQ+11
0x026F	0x347A ;?ICS?lstr3_PIC16F876A_FREQ+12
0x0270	0x3429 ;?ICS?lstr3_PIC16F876A_FREQ+13
0x0271	0x3400 ;?ICS?lstr3_PIC16F876A_FREQ+14
; end of ?ICS?lstr3_PIC16F876A_FREQ
;PIC16F876A_FREQ.c,0 :: ?ICS?lstr2_PIC16F876A_FREQ
0x0272	0x3446 ;?ICS?lstr2_PIC16F876A_FREQ+0
0x0273	0x3452 ;?ICS?lstr2_PIC16F876A_FREQ+1
0x0274	0x3445 ;?ICS?lstr2_PIC16F876A_FREQ+2
0x0275	0x3451 ;?ICS?lstr2_PIC16F876A_FREQ+3
0x0276	0x3455 ;?ICS?lstr2_PIC16F876A_FREQ+4
0x0277	0x3445 ;?ICS?lstr2_PIC16F876A_FREQ+5
0x0278	0x344E ;?ICS?lstr2_PIC16F876A_FREQ+6
0x0279	0x3443 ;?ICS?lstr2_PIC16F876A_FREQ+7
0x027A	0x3459 ;?ICS?lstr2_PIC16F876A_FREQ+8
0x027B	0x3420 ;?ICS?lstr2_PIC16F876A_FREQ+9
0x027C	0x344D ;?ICS?lstr2_PIC16F876A_FREQ+10
0x027D	0x3445 ;?ICS?lstr2_PIC16F876A_FREQ+11
0x027E	0x3454 ;?ICS?lstr2_PIC16F876A_FREQ+12
0x027F	0x3445 ;?ICS?lstr2_PIC16F876A_FREQ+13
0x0280	0x3452 ;?ICS?lstr2_PIC16F876A_FREQ+14
0x0281	0x3400 ;?ICS?lstr2_PIC16F876A_FREQ+15
; end of ?ICS?lstr2_PIC16F876A_FREQ
;PIC16F876A_FREQ.c,0 :: ?ICS?lstr1_PIC16F876A_FREQ
0x0282	0x3450 ;?ICS?lstr1_PIC16F876A_FREQ+0
0x0283	0x3449 ;?ICS?lstr1_PIC16F876A_FREQ+1
0x0284	0x3443 ;?ICS?lstr1_PIC16F876A_FREQ+2
0x0285	0x3431 ;?ICS?lstr1_PIC16F876A_FREQ+3
0x0286	0x3436 ;?ICS?lstr1_PIC16F876A_FREQ+4
0x0287	0x3446 ;?ICS?lstr1_PIC16F876A_FREQ+5
0x0288	0x3438 ;?ICS?lstr1_PIC16F876A_FREQ+6
0x0289	0x3437 ;?ICS?lstr1_PIC16F876A_FREQ+7
0x028A	0x3436 ;?ICS?lstr1_PIC16F876A_FREQ+8
0x028B	0x3441 ;?ICS?lstr1_PIC16F876A_FREQ+9
0x028C	0x3400 ;?ICS?lstr1_PIC16F876A_FREQ+10
; end of ?ICS?lstr1_PIC16F876A_FREQ
Symbol List:
//** Routines locations **
//ADDRESS    SIZE    PROCEDURE
//----------------------------------------------
0x0003       [6]    _Delay_1us
0x0009       [7]    _Delay_50us
0x0010      [13]    _Delay_5500us
0x001D      [29]    _Div_16X16_U
0x003A      [64]    _Lcd_Cmd
0x007A       [8]    _Lcd_Chr_CP
0x0082       [7]    _____DoICP
0x0089      [64]    _WordToStr
0x00C9     [106]    _IntToStr
0x0133      [64]    _Lcd_Out
0x0173      [12]    ___CC2DW
0x017F      [78]    _Lcd_Init
0x01CD     [144]    _main
//** Variables locations ** 
//ADDRESS    SIZE    VARIABLE
//----------------------------------------------
0x0000       [1]    INDF
0x0002       [1]    PCL
0x0003       [1]    STATUS
0x0004       [1]    FSR
0x0006       [0]    LCD_D7
0x0006       [0]    LCD_D6
0x0006       [0]    RB1_bit
0x0006       [0]    RB0_bit
0x0006       [0]    LCD_EN
0x0006       [0]    LCD_RS
0x0006       [0]    LCD_D5
0x0006       [0]    LCD_D4
0x0006       [0]    RB2_bit
0x0006       [0]    RB5_bit
0x0006       [0]    RB3_bit
0x0006       [0]    RB4_bit
0x0007       [1]    PORTC
0x000A       [1]    PCLATH
0x0020      [15]    ?lstr3_PIC16F876A_FREQ
0x002F      [16]    ?lstr2_PIC16F876A_FREQ
0x003F      [11]    ?lstr1_PIC16F876A_FREQ
0x004A       [0]    __Lib_Lcd_cmd_status
0x004B       [2]    ___DoICPAddr
0x004D       [4]    main_i_L0
0x0051      [12]    main_freq_data_L0
0x005D       [4]    main_freq_L0
0x0061       [2]    FARG_IntToStr_input
0x0061       [1]    FARG_Lcd_Out_row
0x0062       [1]    FARG_Lcd_Out_column
0x0063       [1]    FARG_Lcd_Out_text
0x0063       [1]    FARG_IntToStr_output
0x0064       [1]    Lcd_Out_i_L0
0x0064       [2]    IntToStr_i_L0
0x0066       [2]    IntToStr_negative_L0
0x0068       [2]    IntToStr_inword_L0
0x006A       [2]    FARG_WordToStr_input
0x006A       [1]    FARG_Lcd_Chr_CP_out_char
0x006C       [1]    FARG_WordToStr_output
0x006D       [1]    WordToStr_len_L0
0x006E       [1]    FLOC__WordToStr
0x006F       [1]    FARG_Lcd_Cmd_out_char
0x0070       [1]    R0
0x0071       [1]    R1
0x0072       [1]    R2
0x0073       [1]    R3
0x0074       [1]    R4
0x0075       [1]    R5
0x0076       [1]    R6
0x0077       [1]    R7
0x0078       [1]    R8
0x0079       [1]    R9
0x007A       [1]    R10
0x007B       [1]    R11
0x007C       [1]    R12
0x007D       [1]    R13
0x007E       [1]    R14
0x007F       [1]    R15
0x0086       [0]    LCD_D4_Direction
0x0086       [0]    LCD_EN_Direction
0x0086       [0]    LCD_RS_Direction
0x0086       [0]    LCD_D5_Direction
0x0086       [0]    LCD_D7_Direction
0x0086       [0]    LCD_D6_Direction
0x0086       [0]    TRISB5_bit
0x0086       [0]    TRISB4_bit
0x0086       [0]    TRISB1_bit
0x0086       [0]    TRISB0_bit
0x0086       [0]    TRISB3_bit
0x0086       [0]    TRISB2_bit
0x0087       [1]    TRISC
//** Constants locations ** 
//ADDRESS    SIZE    CONSTANT
//----------------------------------------------
0x0263      [15]    ?ICS?lstr3_PIC16F876A_FREQ
0x0272      [16]    ?ICS?lstr2_PIC16F876A_FREQ
0x0282      [11]    ?ICS?lstr1_PIC16F876A_FREQ
