;  LST file generated by mikroListExporter - v.2.0 
; Date/Time: 03/05/2018 16:13:01
;----------------------------------------------

;Address Opcode 	ASM
0x0000	0x2AE3      	GOTO       739
_interrupt:
0x0004	0x00FF      	MOVWF      R15
0x0005	0x0E03      	SWAPF      STATUS, 0
0x0006	0x0183      	CLRF       STATUS
0x0007	0x00A7      	MOVWF      ___saveSTATUS
0x0008	0x080A      	MOVF       PCLATH, 0
0x0009	0x00A8      	MOVWF      ___savePCLATH
0x000A	0x018A      	CLRF       PCLATH
0x000B	0x0870      	MOVF       R0, 0
0x000C	0x00A3      	MOVWF      35
0x000D	0x087B      	MOVF       R11, 0
0x000E	0x00A2      	MOVWF      34
0x000F	0x087C      	MOVF       R12, 0
0x0010	0x00A1      	MOVWF      33
0x0011	0x087D      	MOVF       R13, 0
0x0012	0x00A0      	MOVWF      32
;P877_Keypad_Matrix.c,22 :: 		void interrupt(){
;P877_Keypad_Matrix.c,25 :: 		if(INTCON.RBIF){
0x0013	0x1C0B      	BTFSS      INTCON, 0
0x0014	0x281B      	GOTO       L_interrupt0
;P877_Keypad_Matrix.c,26 :: 		key_val = GetKey();
0x0015	0x22D4      	CALL       _GetKey
0x0016	0x0870      	MOVF       R0, 0
0x0017	0x00A6      	MOVWF      _key_val
;P877_Keypad_Matrix.c,27 :: 		PORTB = 0b11110000;
0x0018	0x30F0      	MOVLW      240
0x0019	0x0086      	MOVWF      PORTB
;P877_Keypad_Matrix.c,28 :: 		INTCON.RBIF = 0;
0x001A	0x100B      	BCF        INTCON, 0
;P877_Keypad_Matrix.c,29 :: 		}
L_interrupt0:
;P877_Keypad_Matrix.c,30 :: 		}
L_end_interrupt:
L__interrupt5:
0x001B	0x0823      	MOVF       35, 0
0x001C	0x00F0      	MOVWF      R0
0x001D	0x0822      	MOVF       34, 0
0x001E	0x00FB      	MOVWF      R11
0x001F	0x0821      	MOVF       33, 0
0x0020	0x00FC      	MOVWF      R12
0x0021	0x0820      	MOVF       32, 0
0x0022	0x00FD      	MOVWF      R13
0x0023	0x0828      	MOVF       ___savePCLATH, 0
0x0024	0x008A      	MOVWF      PCLATH
0x0025	0x0E27      	SWAPF      ___saveSTATUS, 0
0x0026	0x0083      	MOVWF      STATUS
0x0027	0x0EFF      	SWAPF      R15, 1
0x0028	0x0E7F      	SWAPF      R15, 0
0x0029	0x0009      	RETFIE
; end of _interrupt
_ToggleEpinOfLCD:
;LCD_HD44780.c,8 :: 		void ToggleEpinOfLCD(void){
;LCD_HD44780.c,9 :: 		LCD_EN = 1;                // Give a pulse on E pin
0x002A	0x1283      	BCF        STATUS, 5
0x002B	0x1303      	BCF        STATUS, 6
0x002C	0x1487      	BSF        PORTC, 1
;LCD_HD44780.c,10 :: 		Delay_us(E_Delay);         // so that LCD can latch the
0x002D	0x3021      	MOVLW      33
0x002E	0x00FD      	MOVWF      R13
L_ToggleEpinOfLCD0:
0x002F	0x0BFD      	DECFSZ     R13, 1
0x0030	0x282F      	GOTO       L_ToggleEpinOfLCD0
;LCD_HD44780.c,11 :: 		LCD_EN = 0;                // data from data bus
0x0031	0x1087      	BCF        PORTC, 1
;LCD_HD44780.c,12 :: 		Delay_us(E_Delay);
0x0032	0x3021      	MOVLW      33
0x0033	0x00FD      	MOVWF      R13
L_ToggleEpinOfLCD1:
0x0034	0x0BFD      	DECFSZ     R13, 1
0x0035	0x2834      	GOTO       L_ToggleEpinOfLCD1
;LCD_HD44780.c,13 :: 		}
L_end_ToggleEpinOfLCD:
0x0036	0x0008      	RETURN
; end of _ToggleEpinOfLCD
_WriteDataToLCD:
;LCD_HD44780.c,30 :: 		void WriteDataToLCD(char LCDChar){
;LCD_HD44780.c,31 :: 		LCD_RS = 1;                           // It is data
0x0037	0x1283      	BCF        STATUS, 5
0x0038	0x1303      	BCF        STATUS, 6
0x0039	0x1407      	BSF        PORTC, 0
;LCD_HD44780.c,32 :: 		LCD_PORT &= 0x0F;                     // Make Data pins zero
0x003A	0x300F      	MOVLW      15
0x003B	0x0588      	ANDWF      PORTD, 1
;LCD_HD44780.c,33 :: 		LCD_PORT |= (LCDChar&0xF0);           // Write Upper nibble of data
0x003C	0x30F0      	MOVLW      240
0x003D	0x052D      	ANDWF      FARG_WriteDataToLCD_LCDChar, 0
0x003E	0x00F0      	MOVWF      R0
0x003F	0x0870      	MOVF       R0, 0
0x0040	0x0488      	IORWF      PORTD, 1
;LCD_HD44780.c,34 :: 		ToggleEpinOfLCD();                    // Give pulse on E pin
0x0041	0x202A      	CALL       _ToggleEpinOfLCD
;LCD_HD44780.c,35 :: 		LCD_PORT &= 0x0F;                     // Make Data pins zero
0x0042	0x300F      	MOVLW      15
0x0043	0x0588      	ANDWF      PORTD, 1
;LCD_HD44780.c,36 :: 		LCD_PORT |= ((LCDChar<<4)&0xF0);      // Write Lower nibble of data
0x0044	0x082D      	MOVF       FARG_WriteDataToLCD_LCDChar, 0
0x0045	0x00F0      	MOVWF      R0
0x0046	0x0DF0      	RLF        R0, 1
0x0047	0x1070      	BCF        R0, 0
0x0048	0x0DF0      	RLF        R0, 1
0x0049	0x1070      	BCF        R0, 0
0x004A	0x0DF0      	RLF        R0, 1
0x004B	0x1070      	BCF        R0, 0
0x004C	0x0DF0      	RLF        R0, 1
0x004D	0x1070      	BCF        R0, 0
0x004E	0x30F0      	MOVLW      240
0x004F	0x05F0      	ANDWF      R0, 1
0x0050	0x0870      	MOVF       R0, 0
0x0051	0x0488      	IORWF      PORTD, 1
;LCD_HD44780.c,37 :: 		ToggleEpinOfLCD();                    // Give pulse on E pin
0x0052	0x202A      	CALL       _ToggleEpinOfLCD
;LCD_HD44780.c,38 :: 		}
L_end_WriteDataToLCD:
0x0053	0x0008      	RETURN
; end of _WriteDataToLCD
_____DoICP:
;__Lib_System.c,6 :: 		
;__Lib_System.c,9 :: 		
0x0054	0x1283      	BCF        STATUS, 5
0x0055	0x1303      	BCF        STATUS, 6
0x0056	0x0825      	MOVF       ___DoICPAddr+1, 0
0x0057	0x008A      	MOVWF      PCLATH
;__Lib_System.c,10 :: 		
0x0058	0x0824      	MOVF       ___DoICPAddr, 0
0x0059	0x0082      	MOVWF      PCL
;__Lib_System.c,12 :: 		
L_end_____DoICP:
0x005A	0x0008      	RETURN
; end of _____DoICP
_WriteCommandToLCD:
;LCD_HD44780.c,17 :: 		void WriteCommandToLCD(unsigned char Command){
;LCD_HD44780.c,18 :: 		LCD_RS = 0;                          // It is a command
0x005B	0x1283      	BCF        STATUS, 5
0x005C	0x1303      	BCF        STATUS, 6
0x005D	0x1007      	BCF        PORTC, 0
;LCD_HD44780.c,19 :: 		LCD_PORT &= 0x0F;                    // Make Data pins zero
0x005E	0x300F      	MOVLW      15
0x005F	0x0588      	ANDWF      PORTD, 1
;LCD_HD44780.c,20 :: 		LCD_PORT |= (Command&0xF0);          // Write Upper nibble of data
0x0060	0x30F0      	MOVLW      240
0x0061	0x052D      	ANDWF      FARG_WriteCommandToLCD_Command, 0
0x0062	0x00F0      	MOVWF      R0
0x0063	0x0870      	MOVF       R0, 0
0x0064	0x0488      	IORWF      PORTD, 1
;LCD_HD44780.c,21 :: 		ToggleEpinOfLCD();                   // Give pulse on E pin
0x0065	0x202A      	CALL       _ToggleEpinOfLCD
;LCD_HD44780.c,22 :: 		LCD_PORT &= 0x0F;                    // Make Data pins zero
0x0066	0x300F      	MOVLW      15
0x0067	0x0588      	ANDWF      PORTD, 1
;LCD_HD44780.c,23 :: 		LCD_PORT |= ((Command<<4)&0xF0);     // Write Lower nibble of data
0x0068	0x082D      	MOVF       FARG_WriteCommandToLCD_Command, 0
0x0069	0x00F0      	MOVWF      R0
0x006A	0x0DF0      	RLF        R0, 1
0x006B	0x1070      	BCF        R0, 0
0x006C	0x0DF0      	RLF        R0, 1
0x006D	0x1070      	BCF        R0, 0
0x006E	0x0DF0      	RLF        R0, 1
0x006F	0x1070      	BCF        R0, 0
0x0070	0x0DF0      	RLF        R0, 1
0x0071	0x1070      	BCF        R0, 0
0x0072	0x30F0      	MOVLW      240
0x0073	0x05F0      	ANDWF      R0, 1
0x0074	0x0870      	MOVF       R0, 0
0x0075	0x0488      	IORWF      PORTD, 1
;LCD_HD44780.c,24 :: 		ToggleEpinOfLCD();                   // Give pulse on E pin
0x0076	0x202A      	CALL       _ToggleEpinOfLCD
;LCD_HD44780.c,25 :: 		}
L_end_WriteCommandToLCD:
0x0077	0x0008      	RETURN
; end of _WriteCommandToLCD
_GotoYXPositionOnLCD:
;LCD_HD44780.c,99 :: 		void GotoYXPositionOnLCD(unsigned char LineNumber, unsigned char OFFSET)   // LineNumber can have two values, LCD_LINE1 and LCD_LINE2
;LCD_HD44780.c,101 :: 		WriteCommandToLCD(0x80|((LineNumber*0x40)+OFFSET));                    // Line1 is from 0x0 to 0x27 and Line2 is from 0x40 to 0x67
0x0078	0x3006      	MOVLW      6
0x0079	0x1283      	BCF        STATUS, 5
0x007A	0x1303      	BCF        STATUS, 6
0x007B	0x00F1      	MOVWF      R1
0x007C	0x082B      	MOVF       FARG_GotoYXPositionOnLCD_LineNumber, 0
0x007D	0x00F0      	MOVWF      R0
0x007E	0x0871      	MOVF       R1, 0
L__GotoYXPositionOnLCD18:
0x007F	0x1903      	BTFSC      STATUS, 2
0x0080	0x2885      	GOTO       L__GotoYXPositionOnLCD19
0x0081	0x0DF0      	RLF        R0, 1
0x0082	0x1070      	BCF        R0, 0
0x0083	0x3EFF      	ADDLW      255
0x0084	0x287F      	GOTO       L__GotoYXPositionOnLCD18
L__GotoYXPositionOnLCD19:
0x0085	0x082C      	MOVF       FARG_GotoYXPositionOnLCD_OFFSET, 0
0x0086	0x07F0      	ADDWF      R0, 1
0x0087	0x3080      	MOVLW      128
0x0088	0x0470      	IORWF      R0, 0
0x0089	0x00AD      	MOVWF      FARG_WriteCommandToLCD_Command
0x008A	0x205B      	CALL       _WriteCommandToLCD
;LCD_HD44780.c,102 :: 		}
L_end_GotoYXPositionOnLCD:
0x008B	0x0008      	RETURN
; end of _GotoYXPositionOnLCD
_WriteStringToLCD:
;LCD_HD44780.c,83 :: 		void WriteStringToLCD(const char *s){
;LCD_HD44780.c,84 :: 		while(*s) WriteDataToLCD(*s++);   // print first character on LCD
L_WriteStringToLCD7:
0x008C	0x1283      	BCF        STATUS, 5
0x008D	0x1303      	BCF        STATUS, 6
0x008E	0x082B      	MOVF       FARG_WriteStringToLCD_s, 0
0x008F	0x00A4      	MOVWF      ___DoICPAddr
0x0090	0x082C      	MOVF       FARG_WriteStringToLCD_s+1, 0
0x0091	0x00A5      	MOVWF      ___DoICPAddr+1
0x0092	0x2054      	CALL       _____DoICP
0x0093	0x118A      	BCF        PCLATH, 3
0x0094	0x120A      	BCF        PCLATH, 4
0x0095	0x00F0      	MOVWF      R0
0x0096	0x0870      	MOVF       R0, 0
0x0097	0x1903      	BTFSC      STATUS, 2
0x0098	0x28A6      	GOTO       L_WriteStringToLCD8
0x0099	0x082B      	MOVF       FARG_WriteStringToLCD_s, 0
0x009A	0x00A4      	MOVWF      ___DoICPAddr
0x009B	0x082C      	MOVF       FARG_WriteStringToLCD_s+1, 0
0x009C	0x00A5      	MOVWF      ___DoICPAddr+1
0x009D	0x2054      	CALL       _____DoICP
0x009E	0x118A      	BCF        PCLATH, 3
0x009F	0x120A      	BCF        PCLATH, 4
0x00A0	0x00AD      	MOVWF      FARG_WriteDataToLCD_LCDChar
0x00A1	0x2037      	CALL       _WriteDataToLCD
0x00A2	0x0AAB      	INCF       FARG_WriteStringToLCD_s, 1
0x00A3	0x1903      	BTFSC      STATUS, 2
0x00A4	0x0AAC      	INCF       FARG_WriteStringToLCD_s+1, 1
0x00A5	0x288C      	GOTO       L_WriteStringToLCD7
L_WriteStringToLCD8:
;LCD_HD44780.c,85 :: 		}
L_end_WriteStringToLCD:
0x00A6	0x0008      	RETURN
; end of _WriteStringToLCD
_WriteLCDLine1:
;LCD_HD44780.c,107 :: 		void WriteLCDLine1(const char *s)    // length of s should be 16 for 16x2 LCD and 20 for 20x2 LCD
;LCD_HD44780.c,109 :: 		GotoYXPositionOnLCD(LCD_LINE1, 0);     // Goto 0,0 location
0x00A7	0x1283      	BCF        STATUS, 5
0x00A8	0x1303      	BCF        STATUS, 6
0x00A9	0x01AB      	CLRF       FARG_GotoYXPositionOnLCD_LineNumber
0x00AA	0x01AC      	CLRF       FARG_GotoYXPositionOnLCD_OFFSET
0x00AB	0x2078      	CALL       _GotoYXPositionOnLCD
;LCD_HD44780.c,110 :: 		WriteStringToLCD(s);
0x00AC	0x0829      	MOVF       FARG_WriteLCDLine1_s, 0
0x00AD	0x00AB      	MOVWF      FARG_WriteStringToLCD_s
0x00AE	0x082A      	MOVF       FARG_WriteLCDLine1_s+1, 0
0x00AF	0x00AC      	MOVWF      FARG_WriteStringToLCD_s+1
0x00B0	0x208C      	CALL       _WriteStringToLCD
;LCD_HD44780.c,111 :: 		}
L_end_WriteLCDLine1:
0x00B1	0x0008      	RETURN
; end of _WriteLCDLine1
_ClearLCDScreen:
;LCD_HD44780.c,90 :: 		void ClearLCDScreen(void)       // Clear the Screen and return cursor to zero position
;LCD_HD44780.c,92 :: 		WriteCommandToLCD(0x01);    // Clear the screen
0x00B2	0x3001      	MOVLW      1
0x00B3	0x1283      	BCF        STATUS, 5
0x00B4	0x1303      	BCF        STATUS, 6
0x00B5	0x00AD      	MOVWF      FARG_WriteCommandToLCD_Command
0x00B6	0x205B      	CALL       _WriteCommandToLCD
;LCD_HD44780.c,93 :: 		Delay_ms(2);              // Delay for cursor to return at zero position
0x00B7	0x3003      	MOVLW      3
0x00B8	0x00FC      	MOVWF      R12
0x00B9	0x3097      	MOVLW      151
0x00BA	0x00FD      	MOVWF      R13
L_ClearLCDScreen9:
0x00BB	0x0BFD      	DECFSZ     R13, 1
0x00BC	0x28BB      	GOTO       L_ClearLCDScreen9
0x00BD	0x0BFC      	DECFSZ     R12, 1
0x00BE	0x28BB      	GOTO       L_ClearLCDScreen9
0x00BF	0x0000      	NOP
0x00C0	0x0000      	NOP
;LCD_HD44780.c,94 :: 		}
L_end_ClearLCDScreen:
0x00C1	0x0008      	RETURN
; end of _ClearLCDScreen
_WriteLCDLine2:
;LCD_HD44780.c,116 :: 		void WriteLCDLine2(const char *s)    // length of s should be 16 for 16x2 LCD and 20 for 20x2 LCD
;LCD_HD44780.c,118 :: 		GotoYXPositionOnLCD(LCD_LINE2, 0);     // Goto 1,0 location
0x00C2	0x3001      	MOVLW      1
0x00C3	0x1283      	BCF        STATUS, 5
0x00C4	0x1303      	BCF        STATUS, 6
0x00C5	0x00AB      	MOVWF      FARG_GotoYXPositionOnLCD_LineNumber
0x00C6	0x01AC      	CLRF       FARG_GotoYXPositionOnLCD_OFFSET
0x00C7	0x2078      	CALL       _GotoYXPositionOnLCD
;LCD_HD44780.c,119 :: 		WriteStringToLCD(s);
0x00C8	0x0829      	MOVF       FARG_WriteLCDLine2_s, 0
0x00C9	0x00AB      	MOVWF      FARG_WriteStringToLCD_s
0x00CA	0x082A      	MOVF       FARG_WriteLCDLine2_s+1, 0
0x00CB	0x00AC      	MOVWF      FARG_WriteStringToLCD_s+1
0x00CC	0x208C      	CALL       _WriteStringToLCD
;LCD_HD44780.c,120 :: 		}
L_end_WriteLCDLine2:
0x00CD	0x0008      	RETURN
; end of _WriteLCDLine2
_READ_SWITCHES:
;K_pad4x4.c,20 :: 		char READ_SWITCHES(void)
;K_pad4x4.c,22 :: 		RowA = 0; RowB = 1; RowC = 1; RowD = 1;         //Test Row A
0x00CE	0x1283      	BCF        STATUS, 5
0x00CF	0x1303      	BCF        STATUS, 6
0x00D0	0x1006      	BCF        RB0_bit, BitPos(RB0_bit+0)
0x00D1	0x1486      	BSF        RB1_bit, BitPos(RB1_bit+0)
0x00D2	0x1506      	BSF        RB2_bit, BitPos(RB2_bit+0)
0x00D3	0x1586      	BSF        RB3_bit, BitPos(RB3_bit+0)
;K_pad4x4.c,24 :: 		if (C1 == 0) { Delay_ms(250); while (C1==0); return '1'; }
0x00D4	0x1A06      	BTFSC      RB4_bit, BitPos(RB4_bit+0)
0x00D5	0x28EA      	GOTO       L_READ_SWITCHES0
0x00D6	0x3002      	MOVLW      2
0x00D7	0x00FB      	MOVWF      R11
0x00D8	0x3045      	MOVLW      69
0x00D9	0x00FC      	MOVWF      R12
0x00DA	0x30A9      	MOVLW      169
0x00DB	0x00FD      	MOVWF      R13
L_READ_SWITCHES1:
0x00DC	0x0BFD      	DECFSZ     R13, 1
0x00DD	0x28DC      	GOTO       L_READ_SWITCHES1
0x00DE	0x0BFC      	DECFSZ     R12, 1
0x00DF	0x28DC      	GOTO       L_READ_SWITCHES1
0x00E0	0x0BFB      	DECFSZ     R11, 1
0x00E1	0x28DC      	GOTO       L_READ_SWITCHES1
0x00E2	0x0000      	NOP
0x00E3	0x0000      	NOP
L_READ_SWITCHES2:
0x00E4	0x1A06      	BTFSC      RB4_bit, BitPos(RB4_bit+0)
0x00E5	0x28E7      	GOTO       L_READ_SWITCHES3
0x00E6	0x28E4      	GOTO       L_READ_SWITCHES2
L_READ_SWITCHES3:
0x00E7	0x3031      	MOVLW      49
0x00E8	0x00F0      	MOVWF      R0
0x00E9	0x2A42      	GOTO       L_end_READ_SWITCHES
L_READ_SWITCHES0:
;K_pad4x4.c,25 :: 		if (C2 == 0) { Delay_ms(250); while (C2==0); return '4'; }
0x00EA	0x1A86      	BTFSC      RB5_bit, BitPos(RB5_bit+0)
0x00EB	0x2900      	GOTO       L_READ_SWITCHES4
0x00EC	0x3002      	MOVLW      2
0x00ED	0x00FB      	MOVWF      R11
0x00EE	0x3045      	MOVLW      69
0x00EF	0x00FC      	MOVWF      R12
0x00F0	0x30A9      	MOVLW      169
0x00F1	0x00FD      	MOVWF      R13
L_READ_SWITCHES5:
0x00F2	0x0BFD      	DECFSZ     R13, 1
0x00F3	0x28F2      	GOTO       L_READ_SWITCHES5
0x00F4	0x0BFC      	DECFSZ     R12, 1
0x00F5	0x28F2      	GOTO       L_READ_SWITCHES5
0x00F6	0x0BFB      	DECFSZ     R11, 1
0x00F7	0x28F2      	GOTO       L_READ_SWITCHES5
0x00F8	0x0000      	NOP
0x00F9	0x0000      	NOP
L_READ_SWITCHES6:
0x00FA	0x1A86      	BTFSC      RB5_bit, BitPos(RB5_bit+0)
0x00FB	0x28FD      	GOTO       L_READ_SWITCHES7
0x00FC	0x28FA      	GOTO       L_READ_SWITCHES6
L_READ_SWITCHES7:
0x00FD	0x3034      	MOVLW      52
0x00FE	0x00F0      	MOVWF      R0
0x00FF	0x2A42      	GOTO       L_end_READ_SWITCHES
L_READ_SWITCHES4:
;K_pad4x4.c,26 :: 		if (C3 == 0) { Delay_ms(250); while (C3==0); return '7'; }
0x0100	0x1B06      	BTFSC      RB6_bit, BitPos(RB6_bit+0)
0x0101	0x2916      	GOTO       L_READ_SWITCHES8
0x0102	0x3002      	MOVLW      2
0x0103	0x00FB      	MOVWF      R11
0x0104	0x3045      	MOVLW      69
0x0105	0x00FC      	MOVWF      R12
0x0106	0x30A9      	MOVLW      169
0x0107	0x00FD      	MOVWF      R13
L_READ_SWITCHES9:
0x0108	0x0BFD      	DECFSZ     R13, 1
0x0109	0x2908      	GOTO       L_READ_SWITCHES9
0x010A	0x0BFC      	DECFSZ     R12, 1
0x010B	0x2908      	GOTO       L_READ_SWITCHES9
0x010C	0x0BFB      	DECFSZ     R11, 1
0x010D	0x2908      	GOTO       L_READ_SWITCHES9
0x010E	0x0000      	NOP
0x010F	0x0000      	NOP
L_READ_SWITCHES10:
0x0110	0x1B06      	BTFSC      RB6_bit, BitPos(RB6_bit+0)
0x0111	0x2913      	GOTO       L_READ_SWITCHES11
0x0112	0x2910      	GOTO       L_READ_SWITCHES10
L_READ_SWITCHES11:
0x0113	0x3037      	MOVLW      55
0x0114	0x00F0      	MOVWF      R0
0x0115	0x2A42      	GOTO       L_end_READ_SWITCHES
L_READ_SWITCHES8:
;K_pad4x4.c,27 :: 		if (C4 == 0) { Delay_ms(250); while (C4==0); return 'C'; }
0x0116	0x1B86      	BTFSC      RB7_bit, BitPos(RB7_bit+0)
0x0117	0x292C      	GOTO       L_READ_SWITCHES12
0x0118	0x3002      	MOVLW      2
0x0119	0x00FB      	MOVWF      R11
0x011A	0x3045      	MOVLW      69
0x011B	0x00FC      	MOVWF      R12
0x011C	0x30A9      	MOVLW      169
0x011D	0x00FD      	MOVWF      R13
L_READ_SWITCHES13:
0x011E	0x0BFD      	DECFSZ     R13, 1
0x011F	0x291E      	GOTO       L_READ_SWITCHES13
0x0120	0x0BFC      	DECFSZ     R12, 1
0x0121	0x291E      	GOTO       L_READ_SWITCHES13
0x0122	0x0BFB      	DECFSZ     R11, 1
0x0123	0x291E      	GOTO       L_READ_SWITCHES13
0x0124	0x0000      	NOP
0x0125	0x0000      	NOP
L_READ_SWITCHES14:
0x0126	0x1B86      	BTFSC      RB7_bit, BitPos(RB7_bit+0)
0x0127	0x2929      	GOTO       L_READ_SWITCHES15
0x0128	0x2926      	GOTO       L_READ_SWITCHES14
L_READ_SWITCHES15:
0x0129	0x3043      	MOVLW      67
0x012A	0x00F0      	MOVWF      R0
0x012B	0x2A42      	GOTO       L_end_READ_SWITCHES
L_READ_SWITCHES12:
;K_pad4x4.c,29 :: 		RowA = 1; RowB = 0; RowC = 1; RowD = 1;         //Test Row B
0x012C	0x1406      	BSF        RB0_bit, BitPos(RB0_bit+0)
0x012D	0x1086      	BCF        RB1_bit, BitPos(RB1_bit+0)
0x012E	0x1506      	BSF        RB2_bit, BitPos(RB2_bit+0)
0x012F	0x1586      	BSF        RB3_bit, BitPos(RB3_bit+0)
;K_pad4x4.c,31 :: 		if (C1 == 0) { Delay_ms(250); while (C1==0); return '2'; }
0x0130	0x1A06      	BTFSC      RB4_bit, BitPos(RB4_bit+0)
0x0131	0x2946      	GOTO       L_READ_SWITCHES16
0x0132	0x3002      	MOVLW      2
0x0133	0x00FB      	MOVWF      R11
0x0134	0x3045      	MOVLW      69
0x0135	0x00FC      	MOVWF      R12
0x0136	0x30A9      	MOVLW      169
0x0137	0x00FD      	MOVWF      R13
L_READ_SWITCHES17:
0x0138	0x0BFD      	DECFSZ     R13, 1
0x0139	0x2938      	GOTO       L_READ_SWITCHES17
0x013A	0x0BFC      	DECFSZ     R12, 1
0x013B	0x2938      	GOTO       L_READ_SWITCHES17
0x013C	0x0BFB      	DECFSZ     R11, 1
0x013D	0x2938      	GOTO       L_READ_SWITCHES17
0x013E	0x0000      	NOP
0x013F	0x0000      	NOP
L_READ_SWITCHES18:
0x0140	0x1A06      	BTFSC      RB4_bit, BitPos(RB4_bit+0)
0x0141	0x2943      	GOTO       L_READ_SWITCHES19
0x0142	0x2940      	GOTO       L_READ_SWITCHES18
L_READ_SWITCHES19:
0x0143	0x3032      	MOVLW      50
0x0144	0x00F0      	MOVWF      R0
0x0145	0x2A42      	GOTO       L_end_READ_SWITCHES
L_READ_SWITCHES16:
;K_pad4x4.c,32 :: 		if (C2 == 0) { Delay_ms(250); while (C2==0); return '5'; }
0x0146	0x1A86      	BTFSC      RB5_bit, BitPos(RB5_bit+0)
0x0147	0x295C      	GOTO       L_READ_SWITCHES20
0x0148	0x3002      	MOVLW      2
0x0149	0x00FB      	MOVWF      R11
0x014A	0x3045      	MOVLW      69
0x014B	0x00FC      	MOVWF      R12
0x014C	0x30A9      	MOVLW      169
0x014D	0x00FD      	MOVWF      R13
L_READ_SWITCHES21:
0x014E	0x0BFD      	DECFSZ     R13, 1
0x014F	0x294E      	GOTO       L_READ_SWITCHES21
0x0150	0x0BFC      	DECFSZ     R12, 1
0x0151	0x294E      	GOTO       L_READ_SWITCHES21
0x0152	0x0BFB      	DECFSZ     R11, 1
0x0153	0x294E      	GOTO       L_READ_SWITCHES21
0x0154	0x0000      	NOP
0x0155	0x0000      	NOP
L_READ_SWITCHES22:
0x0156	0x1A86      	BTFSC      RB5_bit, BitPos(RB5_bit+0)
0x0157	0x2959      	GOTO       L_READ_SWITCHES23
0x0158	0x2956      	GOTO       L_READ_SWITCHES22
L_READ_SWITCHES23:
0x0159	0x3035      	MOVLW      53
0x015A	0x00F0      	MOVWF      R0
0x015B	0x2A42      	GOTO       L_end_READ_SWITCHES
L_READ_SWITCHES20:
;K_pad4x4.c,33 :: 		if (C3 == 0) { Delay_ms(250); while (C3==0); return '8'; }
0x015C	0x1B06      	BTFSC      RB6_bit, BitPos(RB6_bit+0)
0x015D	0x2972      	GOTO       L_READ_SWITCHES24
0x015E	0x3002      	MOVLW      2
0x015F	0x00FB      	MOVWF      R11
0x0160	0x3045      	MOVLW      69
0x0161	0x00FC      	MOVWF      R12
0x0162	0x30A9      	MOVLW      169
0x0163	0x00FD      	MOVWF      R13
L_READ_SWITCHES25:
0x0164	0x0BFD      	DECFSZ     R13, 1
0x0165	0x2964      	GOTO       L_READ_SWITCHES25
0x0166	0x0BFC      	DECFSZ     R12, 1
0x0167	0x2964      	GOTO       L_READ_SWITCHES25
0x0168	0x0BFB      	DECFSZ     R11, 1
0x0169	0x2964      	GOTO       L_READ_SWITCHES25
0x016A	0x0000      	NOP
0x016B	0x0000      	NOP
L_READ_SWITCHES26:
0x016C	0x1B06      	BTFSC      RB6_bit, BitPos(RB6_bit+0)
0x016D	0x296F      	GOTO       L_READ_SWITCHES27
0x016E	0x296C      	GOTO       L_READ_SWITCHES26
L_READ_SWITCHES27:
0x016F	0x3038      	MOVLW      56
0x0170	0x00F0      	MOVWF      R0
0x0171	0x2A42      	GOTO       L_end_READ_SWITCHES
L_READ_SWITCHES24:
;K_pad4x4.c,34 :: 		if (C4 == 0) { Delay_ms(250); while (C4==0); return '0'; }
0x0172	0x1B86      	BTFSC      RB7_bit, BitPos(RB7_bit+0)
0x0173	0x2988      	GOTO       L_READ_SWITCHES28
0x0174	0x3002      	MOVLW      2
0x0175	0x00FB      	MOVWF      R11
0x0176	0x3045      	MOVLW      69
0x0177	0x00FC      	MOVWF      R12
0x0178	0x30A9      	MOVLW      169
0x0179	0x00FD      	MOVWF      R13
L_READ_SWITCHES29:
0x017A	0x0BFD      	DECFSZ     R13, 1
0x017B	0x297A      	GOTO       L_READ_SWITCHES29
0x017C	0x0BFC      	DECFSZ     R12, 1
0x017D	0x297A      	GOTO       L_READ_SWITCHES29
0x017E	0x0BFB      	DECFSZ     R11, 1
0x017F	0x297A      	GOTO       L_READ_SWITCHES29
0x0180	0x0000      	NOP
0x0181	0x0000      	NOP
L_READ_SWITCHES30:
0x0182	0x1B86      	BTFSC      RB7_bit, BitPos(RB7_bit+0)
0x0183	0x2985      	GOTO       L_READ_SWITCHES31
0x0184	0x2982      	GOTO       L_READ_SWITCHES30
L_READ_SWITCHES31:
0x0185	0x3030      	MOVLW      48
0x0186	0x00F0      	MOVWF      R0
0x0187	0x2A42      	GOTO       L_end_READ_SWITCHES
L_READ_SWITCHES28:
;K_pad4x4.c,36 :: 		RowA = 1; RowB = 1; RowC = 0; RowD = 1;         //Test Row C
0x0188	0x1406      	BSF        RB0_bit, BitPos(RB0_bit+0)
0x0189	0x1486      	BSF        RB1_bit, BitPos(RB1_bit+0)
0x018A	0x1106      	BCF        RB2_bit, BitPos(RB2_bit+0)
0x018B	0x1586      	BSF        RB3_bit, BitPos(RB3_bit+0)
;K_pad4x4.c,38 :: 		if (C1 == 0) { Delay_ms(250); while (C1==0); return '3'; }
0x018C	0x1A06      	BTFSC      RB4_bit, BitPos(RB4_bit+0)
0x018D	0x29A2      	GOTO       L_READ_SWITCHES32
0x018E	0x3002      	MOVLW      2
0x018F	0x00FB      	MOVWF      R11
0x0190	0x3045      	MOVLW      69
0x0191	0x00FC      	MOVWF      R12
0x0192	0x30A9      	MOVLW      169
0x0193	0x00FD      	MOVWF      R13
L_READ_SWITCHES33:
0x0194	0x0BFD      	DECFSZ     R13, 1
0x0195	0x2994      	GOTO       L_READ_SWITCHES33
0x0196	0x0BFC      	DECFSZ     R12, 1
0x0197	0x2994      	GOTO       L_READ_SWITCHES33
0x0198	0x0BFB      	DECFSZ     R11, 1
0x0199	0x2994      	GOTO       L_READ_SWITCHES33
0x019A	0x0000      	NOP
0x019B	0x0000      	NOP
L_READ_SWITCHES34:
0x019C	0x1A06      	BTFSC      RB4_bit, BitPos(RB4_bit+0)
0x019D	0x299F      	GOTO       L_READ_SWITCHES35
0x019E	0x299C      	GOTO       L_READ_SWITCHES34
L_READ_SWITCHES35:
0x019F	0x3033      	MOVLW      51
0x01A0	0x00F0      	MOVWF      R0
0x01A1	0x2A42      	GOTO       L_end_READ_SWITCHES
L_READ_SWITCHES32:
;K_pad4x4.c,39 :: 		if (C2 == 0) { Delay_ms(250); while (C2==0); return '6'; }
0x01A2	0x1A86      	BTFSC      RB5_bit, BitPos(RB5_bit+0)
0x01A3	0x29B8      	GOTO       L_READ_SWITCHES36
0x01A4	0x3002      	MOVLW      2
0x01A5	0x00FB      	MOVWF      R11
0x01A6	0x3045      	MOVLW      69
0x01A7	0x00FC      	MOVWF      R12
0x01A8	0x30A9      	MOVLW      169
0x01A9	0x00FD      	MOVWF      R13
L_READ_SWITCHES37:
0x01AA	0x0BFD      	DECFSZ     R13, 1
0x01AB	0x29AA      	GOTO       L_READ_SWITCHES37
0x01AC	0x0BFC      	DECFSZ     R12, 1
0x01AD	0x29AA      	GOTO       L_READ_SWITCHES37
0x01AE	0x0BFB      	DECFSZ     R11, 1
0x01AF	0x29AA      	GOTO       L_READ_SWITCHES37
0x01B0	0x0000      	NOP
0x01B1	0x0000      	NOP
L_READ_SWITCHES38:
0x01B2	0x1A86      	BTFSC      RB5_bit, BitPos(RB5_bit+0)
0x01B3	0x29B5      	GOTO       L_READ_SWITCHES39
0x01B4	0x29B2      	GOTO       L_READ_SWITCHES38
L_READ_SWITCHES39:
0x01B5	0x3036      	MOVLW      54
0x01B6	0x00F0      	MOVWF      R0
0x01B7	0x2A42      	GOTO       L_end_READ_SWITCHES
L_READ_SWITCHES36:
;K_pad4x4.c,40 :: 		if (C3 == 0) { Delay_ms(250); while (C3==0); return '9'; }
0x01B8	0x1B06      	BTFSC      RB6_bit, BitPos(RB6_bit+0)
0x01B9	0x29CE      	GOTO       L_READ_SWITCHES40
0x01BA	0x3002      	MOVLW      2
0x01BB	0x00FB      	MOVWF      R11
0x01BC	0x3045      	MOVLW      69
0x01BD	0x00FC      	MOVWF      R12
0x01BE	0x30A9      	MOVLW      169
0x01BF	0x00FD      	MOVWF      R13
L_READ_SWITCHES41:
0x01C0	0x0BFD      	DECFSZ     R13, 1
0x01C1	0x29C0      	GOTO       L_READ_SWITCHES41
0x01C2	0x0BFC      	DECFSZ     R12, 1
0x01C3	0x29C0      	GOTO       L_READ_SWITCHES41
0x01C4	0x0BFB      	DECFSZ     R11, 1
0x01C5	0x29C0      	GOTO       L_READ_SWITCHES41
0x01C6	0x0000      	NOP
0x01C7	0x0000      	NOP
L_READ_SWITCHES42:
0x01C8	0x1B06      	BTFSC      RB6_bit, BitPos(RB6_bit+0)
0x01C9	0x29CB      	GOTO       L_READ_SWITCHES43
0x01CA	0x29C8      	GOTO       L_READ_SWITCHES42
L_READ_SWITCHES43:
0x01CB	0x3039      	MOVLW      57
0x01CC	0x00F0      	MOVWF      R0
0x01CD	0x2A42      	GOTO       L_end_READ_SWITCHES
L_READ_SWITCHES40:
;K_pad4x4.c,41 :: 		if (C4 == 0) { Delay_ms(250); while (C4==0); return '='; }
0x01CE	0x1B86      	BTFSC      RB7_bit, BitPos(RB7_bit+0)
0x01CF	0x29E4      	GOTO       L_READ_SWITCHES44
0x01D0	0x3002      	MOVLW      2
0x01D1	0x00FB      	MOVWF      R11
0x01D2	0x3045      	MOVLW      69
0x01D3	0x00FC      	MOVWF      R12
0x01D4	0x30A9      	MOVLW      169
0x01D5	0x00FD      	MOVWF      R13
L_READ_SWITCHES45:
0x01D6	0x0BFD      	DECFSZ     R13, 1
0x01D7	0x29D6      	GOTO       L_READ_SWITCHES45
0x01D8	0x0BFC      	DECFSZ     R12, 1
0x01D9	0x29D6      	GOTO       L_READ_SWITCHES45
0x01DA	0x0BFB      	DECFSZ     R11, 1
0x01DB	0x29D6      	GOTO       L_READ_SWITCHES45
0x01DC	0x0000      	NOP
0x01DD	0x0000      	NOP
L_READ_SWITCHES46:
0x01DE	0x1B86      	BTFSC      RB7_bit, BitPos(RB7_bit+0)
0x01DF	0x29E1      	GOTO       L_READ_SWITCHES47
0x01E0	0x29DE      	GOTO       L_READ_SWITCHES46
L_READ_SWITCHES47:
0x01E1	0x303D      	MOVLW      61
0x01E2	0x00F0      	MOVWF      R0
0x01E3	0x2A42      	GOTO       L_end_READ_SWITCHES
L_READ_SWITCHES44:
;K_pad4x4.c,43 :: 		RowA = 1; RowB = 1; RowC = 1; RowD = 0;         //Test Row D
0x01E4	0x1406      	BSF        RB0_bit, BitPos(RB0_bit+0)
0x01E5	0x1486      	BSF        RB1_bit, BitPos(RB1_bit+0)
0x01E6	0x1506      	BSF        RB2_bit, BitPos(RB2_bit+0)
0x01E7	0x1186      	BCF        RB3_bit, BitPos(RB3_bit+0)
;K_pad4x4.c,45 :: 		if (C1 == 0) { Delay_ms(250); while (C1==0); return '-'; }
0x01E8	0x1A06      	BTFSC      RB4_bit, BitPos(RB4_bit+0)
0x01E9	0x29FE      	GOTO       L_READ_SWITCHES48
0x01EA	0x3002      	MOVLW      2
0x01EB	0x00FB      	MOVWF      R11
0x01EC	0x3045      	MOVLW      69
0x01ED	0x00FC      	MOVWF      R12
0x01EE	0x30A9      	MOVLW      169
0x01EF	0x00FD      	MOVWF      R13
L_READ_SWITCHES49:
0x01F0	0x0BFD      	DECFSZ     R13, 1
0x01F1	0x29F0      	GOTO       L_READ_SWITCHES49
0x01F2	0x0BFC      	DECFSZ     R12, 1
0x01F3	0x29F0      	GOTO       L_READ_SWITCHES49
0x01F4	0x0BFB      	DECFSZ     R11, 1
0x01F5	0x29F0      	GOTO       L_READ_SWITCHES49
0x01F6	0x0000      	NOP
0x01F7	0x0000      	NOP
L_READ_SWITCHES50:
0x01F8	0x1A06      	BTFSC      RB4_bit, BitPos(RB4_bit+0)
0x01F9	0x29FB      	GOTO       L_READ_SWITCHES51
0x01FA	0x29F8      	GOTO       L_READ_SWITCHES50
L_READ_SWITCHES51:
0x01FB	0x302D      	MOVLW      45
0x01FC	0x00F0      	MOVWF      R0
0x01FD	0x2A42      	GOTO       L_end_READ_SWITCHES
L_READ_SWITCHES48:
;K_pad4x4.c,46 :: 		if (C2 == 0) { Delay_ms(250); while (C2==0); return 'X'; }
0x01FE	0x1A86      	BTFSC      RB5_bit, BitPos(RB5_bit+0)
0x01FF	0x2A14      	GOTO       L_READ_SWITCHES52
0x0200	0x3002      	MOVLW      2
0x0201	0x00FB      	MOVWF      R11
0x0202	0x3045      	MOVLW      69
0x0203	0x00FC      	MOVWF      R12
0x0204	0x30A9      	MOVLW      169
0x0205	0x00FD      	MOVWF      R13
L_READ_SWITCHES53:
0x0206	0x0BFD      	DECFSZ     R13, 1
0x0207	0x2A06      	GOTO       L_READ_SWITCHES53
0x0208	0x0BFC      	DECFSZ     R12, 1
0x0209	0x2A06      	GOTO       L_READ_SWITCHES53
0x020A	0x0BFB      	DECFSZ     R11, 1
0x020B	0x2A06      	GOTO       L_READ_SWITCHES53
0x020C	0x0000      	NOP
0x020D	0x0000      	NOP
L_READ_SWITCHES54:
0x020E	0x1A86      	BTFSC      RB5_bit, BitPos(RB5_bit+0)
0x020F	0x2A11      	GOTO       L_READ_SWITCHES55
0x0210	0x2A0E      	GOTO       L_READ_SWITCHES54
L_READ_SWITCHES55:
0x0211	0x3058      	MOVLW      88
0x0212	0x00F0      	MOVWF      R0
0x0213	0x2A42      	GOTO       L_end_READ_SWITCHES
L_READ_SWITCHES52:
;K_pad4x4.c,47 :: 		if (C3 == 0) { Delay_ms(250); while (C3==0); return '/'; }
0x0214	0x1B06      	BTFSC      RB6_bit, BitPos(RB6_bit+0)
0x0215	0x2A2A      	GOTO       L_READ_SWITCHES56
0x0216	0x3002      	MOVLW      2
0x0217	0x00FB      	MOVWF      R11
0x0218	0x3045      	MOVLW      69
0x0219	0x00FC      	MOVWF      R12
0x021A	0x30A9      	MOVLW      169
0x021B	0x00FD      	MOVWF      R13
L_READ_SWITCHES57:
0x021C	0x0BFD      	DECFSZ     R13, 1
0x021D	0x2A1C      	GOTO       L_READ_SWITCHES57
0x021E	0x0BFC      	DECFSZ     R12, 1
0x021F	0x2A1C      	GOTO       L_READ_SWITCHES57
0x0220	0x0BFB      	DECFSZ     R11, 1
0x0221	0x2A1C      	GOTO       L_READ_SWITCHES57
0x0222	0x0000      	NOP
0x0223	0x0000      	NOP
L_READ_SWITCHES58:
0x0224	0x1B06      	BTFSC      RB6_bit, BitPos(RB6_bit+0)
0x0225	0x2A27      	GOTO       L_READ_SWITCHES59
0x0226	0x2A24      	GOTO       L_READ_SWITCHES58
L_READ_SWITCHES59:
0x0227	0x302F      	MOVLW      47
0x0228	0x00F0      	MOVWF      R0
0x0229	0x2A42      	GOTO       L_end_READ_SWITCHES
L_READ_SWITCHES56:
;K_pad4x4.c,48 :: 		if (C4 == 0) { Delay_ms(250); while (C4==0); return '+'; }
0x022A	0x1B86      	BTFSC      RB7_bit, BitPos(RB7_bit+0)
0x022B	0x2A40      	GOTO       L_READ_SWITCHES60
0x022C	0x3002      	MOVLW      2
0x022D	0x00FB      	MOVWF      R11
0x022E	0x3045      	MOVLW      69
0x022F	0x00FC      	MOVWF      R12
0x0230	0x30A9      	MOVLW      169
0x0231	0x00FD      	MOVWF      R13
L_READ_SWITCHES61:
0x0232	0x0BFD      	DECFSZ     R13, 1
0x0233	0x2A32      	GOTO       L_READ_SWITCHES61
0x0234	0x0BFC      	DECFSZ     R12, 1
0x0235	0x2A32      	GOTO       L_READ_SWITCHES61
0x0236	0x0BFB      	DECFSZ     R11, 1
0x0237	0x2A32      	GOTO       L_READ_SWITCHES61
0x0238	0x0000      	NOP
0x0239	0x0000      	NOP
L_READ_SWITCHES62:
0x023A	0x1B86      	BTFSC      RB7_bit, BitPos(RB7_bit+0)
0x023B	0x2A3D      	GOTO       L_READ_SWITCHES63
0x023C	0x2A3A      	GOTO       L_READ_SWITCHES62
L_READ_SWITCHES63:
0x023D	0x302B      	MOVLW      43
0x023E	0x00F0      	MOVWF      R0
0x023F	0x2A42      	GOTO       L_end_READ_SWITCHES
L_READ_SWITCHES60:
;K_pad4x4.c,50 :: 		return 'n';                   // Means no key has been pressed
0x0240	0x306E      	MOVLW      110
0x0241	0x00F0      	MOVWF      R0
;K_pad4x4.c,51 :: 		}
L_end_READ_SWITCHES:
0x0242	0x0008      	RETURN
; end of _READ_SWITCHES
___CC2DW:
;__Lib_System.c,134 :: 		
;__Lib_System.c,137 :: 		
_CC2D_Loop1:
;__Lib_System.c,139 :: 		
0x0243	0x2054      	CALL       _____DoICP
0x0244	0x118A      	BCF        PCLATH, 3
0x0245	0x120A      	BCF        PCLATH, 4
;__Lib_System.c,141 :: 		
0x0246	0x0080      	MOVWF      INDF
;__Lib_System.c,142 :: 		
0x0247	0x0A84      	INCF       FSR, 1
;__Lib_System.c,143 :: 		
0x0248	0x0AA4      	INCF       ___DoICPAddr, 1
;__Lib_System.c,145 :: 		
0x0249	0x1903      	BTFSC      STATUS, 2
;__Lib_System.c,146 :: 		
0x024A	0x0AA5      	INCF       ___DoICPAddr+1, 1
;__Lib_System.c,147 :: 		
0x024B	0x03F0      	DECF       R0, 1
;__Lib_System.c,149 :: 		
0x024C	0x1D03      	BTFSS      STATUS, 2
;__Lib_System.c,150 :: 		
0x024D	0x2A43      	GOTO       _CC2D_Loop1
;__Lib_System.c,152 :: 		
L_end___CC2DW:
0x024E	0x0008      	RETURN
; end of ___CC2DW
_InitKeypad:
;K_pad4x4.c,8 :: 		void InitKeypad(void)
;K_pad4x4.c,10 :: 		Keypad_PORT = 0x00;        // Set Keypad port pin values zero
0x024F	0x1283      	BCF        STATUS, 5
0x0250	0x1303      	BCF        STATUS, 6
0x0251	0x0186      	CLRF       PORTB
;K_pad4x4.c,11 :: 		Keypad_PORT_Dir = 0xF0;        // Last 4 pins input, except first, remaining 3 pins output
0x0252	0x30F0      	MOVLW      240
0x0253	0x1683      	BSF        STATUS, 5
0x0254	0x0086      	MOVWF      TRISB
;K_pad4x4.c,12 :: 		OPTION_REG &= 0x7F;
0x0255	0x307F      	MOVLW      127
0x0256	0x0581      	ANDWF      OPTION_REG, 1
;K_pad4x4.c,13 :: 		}
L_end_InitKeypad:
0x0257	0x0008      	RETURN
; end of _InitKeypad
_welcome_msg:
;LCD_HD44780.c,143 :: 		void welcome_msg(){
;LCD_HD44780.c,144 :: 		ClearLCDScreen();               // Clear display  +++++++++++++++++|||||
0x0258	0x20B2      	CALL       _ClearLCDScreen
;LCD_HD44780.c,145 :: 		WriteLCDLine1("* 4X4 Key Pad *");
0x0259	0x300A      	MOVLW      ?lstr_1_LCD_HD44780
0x025A	0x00A9      	MOVWF      FARG_WriteLCDLine1_s
0x025B	0x3003      	MOVLW      hi_addr(?lstr_1_LCD_HD44780)
0x025C	0x00AA      	MOVWF      FARG_WriteLCDLine1_s+1
0x025D	0x20A7      	CALL       _WriteLCDLine1
;LCD_HD44780.c,146 :: 		WriteLCDLine2("**  MELAB-BD  **");
0x025E	0x30F9      	MOVLW      ?lstr_2_LCD_HD44780
0x025F	0x00A9      	MOVWF      FARG_WriteLCDLine2_s
0x0260	0x3002      	MOVLW      hi_addr(?lstr_2_LCD_HD44780)
0x0261	0x00AA      	MOVWF      FARG_WriteLCDLine2_s+1
0x0262	0x20C2      	CALL       _WriteLCDLine2
;LCD_HD44780.c,147 :: 		Delay_ms(1000);
0x0263	0x3006      	MOVLW      6
0x0264	0x00FB      	MOVWF      R11
0x0265	0x3013      	MOVLW      19
0x0266	0x00FC      	MOVWF      R12
0x0267	0x30AD      	MOVLW      173
0x0268	0x00FD      	MOVWF      R13
L_welcome_msg10:
0x0269	0x0BFD      	DECFSZ     R13, 1
0x026A	0x2A69      	GOTO       L_welcome_msg10
0x026B	0x0BFC      	DECFSZ     R12, 1
0x026C	0x2A69      	GOTO       L_welcome_msg10
0x026D	0x0BFB      	DECFSZ     R11, 1
0x026E	0x2A69      	GOTO       L_welcome_msg10
0x026F	0x0000      	NOP
0x0270	0x0000      	NOP
;LCD_HD44780.c,148 :: 		}
L_end_welcome_msg:
0x0271	0x0008      	RETURN
; end of _welcome_msg
_InitLCD:
;LCD_HD44780.c,43 :: 		void InitLCD(void){
;LCD_HD44780.c,45 :: 		LCD_EN            = 0;   // E  = 0
0x0272	0x1283      	BCF        STATUS, 5
0x0273	0x1303      	BCF        STATUS, 6
0x0274	0x1087      	BCF        PORTC, 1
;LCD_HD44780.c,46 :: 		LCD_RS            = 0;   // RS = 0
0x0275	0x1007      	BCF        PORTC, 0
;LCD_HD44780.c,48 :: 		Delay_ms(40);
0x0276	0x3034      	MOVLW      52
0x0277	0x00FC      	MOVWF      R12
0x0278	0x30F1      	MOVLW      241
0x0279	0x00FD      	MOVWF      R13
L_InitLCD2:
0x027A	0x0BFD      	DECFSZ     R13, 1
0x027B	0x2A7A      	GOTO       L_InitLCD2
0x027C	0x0BFC      	DECFSZ     R12, 1
0x027D	0x2A7A      	GOTO       L_InitLCD2
0x027E	0x0000      	NOP
0x027F	0x0000      	NOP
;LCD_HD44780.c,50 :: 		LCD_PORT &= 0x0F;                  // Make Data pins zero
0x0280	0x300F      	MOVLW      15
0x0281	0x0588      	ANDWF      PORTD, 1
;LCD_HD44780.c,51 :: 		LCD_PORT |= 0x30;                  // Write 0x3 value on data bus
0x0282	0x3030      	MOVLW      48
0x0283	0x0488      	IORWF      PORTD, 1
;LCD_HD44780.c,52 :: 		ToggleEpinOfLCD();                  // Give pulse on E pin
0x0284	0x202A      	CALL       _ToggleEpinOfLCD
;LCD_HD44780.c,54 :: 		Delay_ms(6);
0x0285	0x3008      	MOVLW      8
0x0286	0x00FC      	MOVWF      R12
0x0287	0x30C9      	MOVLW      201
0x0288	0x00FD      	MOVWF      R13
L_InitLCD3:
0x0289	0x0BFD      	DECFSZ     R13, 1
0x028A	0x2A89      	GOTO       L_InitLCD3
0x028B	0x0BFC      	DECFSZ     R12, 1
0x028C	0x2A89      	GOTO       L_InitLCD3
0x028D	0x0000      	NOP
0x028E	0x0000      	NOP
;LCD_HD44780.c,56 :: 		LCD_PORT &= 0x0F;                  // Make Data pins zero
0x028F	0x300F      	MOVLW      15
0x0290	0x0588      	ANDWF      PORTD, 1
;LCD_HD44780.c,57 :: 		LCD_PORT |= 0x30;                  // Write 0x3 value on data bus
0x0291	0x3030      	MOVLW      48
0x0292	0x0488      	IORWF      PORTD, 1
;LCD_HD44780.c,58 :: 		ToggleEpinOfLCD();                  // Give pulse on E pin
0x0293	0x202A      	CALL       _ToggleEpinOfLCD
;LCD_HD44780.c,60 :: 		Delay_us(300);
0x0294	0x3063      	MOVLW      99
0x0295	0x00FD      	MOVWF      R13
L_InitLCD4:
0x0296	0x0BFD      	DECFSZ     R13, 1
0x0297	0x2A96      	GOTO       L_InitLCD4
0x0298	0x0000      	NOP
0x0299	0x0000      	NOP
;LCD_HD44780.c,62 :: 		LCD_PORT &= 0x0F;                  // Make Data pins zero
0x029A	0x300F      	MOVLW      15
0x029B	0x0588      	ANDWF      PORTD, 1
;LCD_HD44780.c,63 :: 		LCD_PORT |= 0x30;                  // Write 0x3 value on data bus
0x029C	0x3030      	MOVLW      48
0x029D	0x0488      	IORWF      PORTD, 1
;LCD_HD44780.c,64 :: 		ToggleEpinOfLCD();                  // Give pulse on E pin
0x029E	0x202A      	CALL       _ToggleEpinOfLCD
;LCD_HD44780.c,66 :: 		Delay_ms(2);
0x029F	0x3003      	MOVLW      3
0x02A0	0x00FC      	MOVWF      R12
0x02A1	0x3097      	MOVLW      151
0x02A2	0x00FD      	MOVWF      R13
L_InitLCD5:
0x02A3	0x0BFD      	DECFSZ     R13, 1
0x02A4	0x2AA3      	GOTO       L_InitLCD5
0x02A5	0x0BFC      	DECFSZ     R12, 1
0x02A6	0x2AA3      	GOTO       L_InitLCD5
0x02A7	0x0000      	NOP
0x02A8	0x0000      	NOP
;LCD_HD44780.c,68 :: 		LCD_PORT &= 0x0F;                  // Make Data pins zero
0x02A9	0x300F      	MOVLW      15
0x02AA	0x0588      	ANDWF      PORTD, 1
;LCD_HD44780.c,69 :: 		LCD_PORT |= 0x20;                  // Write 0x2 value on data bus
0x02AB	0x1688      	BSF        PORTD, 5
;LCD_HD44780.c,70 :: 		ToggleEpinOfLCD();                  // Give pulse on E pin
0x02AC	0x202A      	CALL       _ToggleEpinOfLCD
;LCD_HD44780.c,72 :: 		Delay_ms(2);
0x02AD	0x3003      	MOVLW      3
0x02AE	0x00FC      	MOVWF      R12
0x02AF	0x3097      	MOVLW      151
0x02B0	0x00FD      	MOVWF      R13
L_InitLCD6:
0x02B1	0x0BFD      	DECFSZ     R13, 1
0x02B2	0x2AB1      	GOTO       L_InitLCD6
0x02B3	0x0BFC      	DECFSZ     R12, 1
0x02B4	0x2AB1      	GOTO       L_InitLCD6
0x02B5	0x0000      	NOP
0x02B6	0x0000      	NOP
;LCD_HD44780.c,74 :: 		WriteCommandToLCD(0x28);    //function set
0x02B7	0x3028      	MOVLW      40
0x02B8	0x00AD      	MOVWF      FARG_WriteCommandToLCD_Command
0x02B9	0x205B      	CALL       _WriteCommandToLCD
;LCD_HD44780.c,75 :: 		WriteCommandToLCD(0x0c);    //display on,cursor off,blink off
0x02BA	0x300C      	MOVLW      12
0x02BB	0x00AD      	MOVWF      FARG_WriteCommandToLCD_Command
0x02BC	0x205B      	CALL       _WriteCommandToLCD
;LCD_HD44780.c,76 :: 		WriteCommandToLCD(0x01);    //clear display
0x02BD	0x3001      	MOVLW      1
0x02BE	0x00AD      	MOVWF      FARG_WriteCommandToLCD_Command
0x02BF	0x205B      	CALL       _WriteCommandToLCD
;LCD_HD44780.c,77 :: 		WriteCommandToLCD(0x06);    //entry mode, set increment
0x02C0	0x3006      	MOVLW      6
0x02C1	0x00AD      	MOVWF      FARG_WriteCommandToLCD_Command
0x02C2	0x205B      	CALL       _WriteCommandToLCD
;LCD_HD44780.c,78 :: 		}
L_end_InitLCD:
0x02C3	0x0008      	RETURN
; end of _InitLCD
_init_main:
;P877_Keypad_Matrix.c,14 :: 		void  init_main(){
;P877_Keypad_Matrix.c,15 :: 		TRISB  = 0xF0;  TRISC = 0x00;  TRISE  = 0x00;  TRISA = 0x01;  TRISD = 0x00;
0x02C4	0x30F0      	MOVLW      240
0x02C5	0x1683      	BSF        STATUS, 5
0x02C6	0x1303      	BCF        STATUS, 6
0x02C7	0x0086      	MOVWF      TRISB
0x02C8	0x0187      	CLRF       TRISC
0x02C9	0x0189      	CLRF       TRISE
0x02CA	0x3001      	MOVLW      1
0x02CB	0x0085      	MOVWF      TRISA
0x02CC	0x0188      	CLRF       TRISD
;P877_Keypad_Matrix.c,16 :: 		PORTA     = 0;  PORTB       = 0;    PORTC       = 0;  PORTB = 0b11110000;
0x02CD	0x1283      	BCF        STATUS, 5
0x02CE	0x0185      	CLRF       PORTA
0x02CF	0x0186      	CLRF       PORTB
0x02D0	0x0187      	CLRF       PORTC
0x02D1	0x30F0      	MOVLW      240
0x02D2	0x0086      	MOVWF      PORTB
;P877_Keypad_Matrix.c,17 :: 		}
L_end_init_main:
0x02D3	0x0008      	RETURN
; end of _init_main
_GetKey:
;K_pad4x4.c,58 :: 		char GetKey(){
;K_pad4x4.c,59 :: 		char key = 'n';              // Assume no key pressed
0x02D4	0x306E      	MOVLW      110
0x02D5	0x1283      	BCF        STATUS, 5
0x02D6	0x1303      	BCF        STATUS, 6
0x02D7	0x00AE      	MOVWF      GetKey_key_L0
;K_pad4x4.c,60 :: 		while(key=='n')              // Wait until a key is pressed
L_GetKey64:
0x02D8	0x082E      	MOVF       GetKey_key_L0, 0
0x02D9	0x3A6E      	XORLW      110
0x02DA	0x1D03      	BTFSS      STATUS, 2
0x02DB	0x2AE0      	GOTO       L_GetKey65
;K_pad4x4.c,61 :: 		key = READ_SWITCHES();   // Scan the keys again and again
0x02DC	0x20CE      	CALL       _READ_SWITCHES
0x02DD	0x0870      	MOVF       R0, 0
0x02DE	0x00AE      	MOVWF      GetKey_key_L0
0x02DF	0x2AD8      	GOTO       L_GetKey64
L_GetKey65:
;K_pad4x4.c,62 :: 		return key;                  //when key pressed then return its value
0x02E0	0x082E      	MOVF       GetKey_key_L0, 0
0x02E1	0x00F0      	MOVWF      R0
;K_pad4x4.c,63 :: 		}
L_end_GetKey:
0x02E2	0x0008      	RETURN
; end of _GetKey
_main:
;P877_Keypad_Matrix.c,38 :: 		void main(){
;P877_Keypad_Matrix.c,40 :: 		init_main();
0x02E3	0x22C4      	CALL       _init_main
;P877_Keypad_Matrix.c,41 :: 		InitLCD();
0x02E4	0x2272      	CALL       _InitLCD
;P877_Keypad_Matrix.c,43 :: 		welcome_msg();
0x02E5	0x2258      	CALL       _welcome_msg
;P877_Keypad_Matrix.c,44 :: 		ClearLCDScreen();               // Clear display  +++++++++++++++++|||||
0x02E6	0x20B2      	CALL       _ClearLCDScreen
;P877_Keypad_Matrix.c,45 :: 		WriteLCDLine1("Key =");
0x02E7	0x301A      	MOVLW      ?lstr_1_P877_Keypad_Matrix
0x02E8	0x00A9      	MOVWF      FARG_WriteLCDLine1_s
0x02E9	0x3003      	MOVLW      hi_addr(?lstr_1_P877_Keypad_Matrix)
0x02EA	0x00AA      	MOVWF      FARG_WriteLCDLine1_s+1
0x02EB	0x20A7      	CALL       _WriteLCDLine1
;P877_Keypad_Matrix.c,47 :: 		INTCON = 0b10001000;
0x02EC	0x3088      	MOVLW      136
0x02ED	0x008B      	MOVWF      INTCON
;P877_Keypad_Matrix.c,48 :: 		InitKeypad();
0x02EE	0x224F      	CALL       _InitKeypad
;P877_Keypad_Matrix.c,50 :: 		while(1){
L_main1:
;P877_Keypad_Matrix.c,51 :: 		GotoYXPositionOnLCD(0, 10);
0x02EF	0x1283      	BCF        STATUS, 5
0x02F0	0x01AB      	CLRF       FARG_GotoYXPositionOnLCD_LineNumber
0x02F1	0x300A      	MOVLW      10
0x02F2	0x00AC      	MOVWF      FARG_GotoYXPositionOnLCD_OFFSET
0x02F3	0x2078      	CALL       _GotoYXPositionOnLCD
;P877_Keypad_Matrix.c,52 :: 		WriteDataToLCD(key_val);
0x02F4	0x0826      	MOVF       _key_val, 0
0x02F5	0x00AD      	MOVWF      FARG_WriteDataToLCD_LCDChar
0x02F6	0x2037      	CALL       _WriteDataToLCD
;P877_Keypad_Matrix.c,53 :: 		}
0x02F7	0x2AEF      	GOTO       L_main1
;P877_Keypad_Matrix.c,55 :: 		}
L_end_main:
0x02F8	0x2AF8      	GOTO       $+0
; end of _main
;LCD_HD44780.c,0 :: ?lstr_2_LCD_HD44780
0x02F9	0x342A ;?lstr_2_LCD_HD44780+0
0x02FA	0x342A ;?lstr_2_LCD_HD44780+1
0x02FB	0x3420 ;?lstr_2_LCD_HD44780+2
0x02FC	0x3420 ;?lstr_2_LCD_HD44780+3
0x02FD	0x344D ;?lstr_2_LCD_HD44780+4
0x02FE	0x3445 ;?lstr_2_LCD_HD44780+5
0x02FF	0x344C ;?lstr_2_LCD_HD44780+6
0x0300	0x3441 ;?lstr_2_LCD_HD44780+7
0x0301	0x3442 ;?lstr_2_LCD_HD44780+8
0x0302	0x342D ;?lstr_2_LCD_HD44780+9
0x0303	0x3442 ;?lstr_2_LCD_HD44780+10
0x0304	0x3444 ;?lstr_2_LCD_HD44780+11
0x0305	0x3420 ;?lstr_2_LCD_HD44780+12
0x0306	0x3420 ;?lstr_2_LCD_HD44780+13
0x0307	0x342A ;?lstr_2_LCD_HD44780+14
0x0308	0x342A ;?lstr_2_LCD_HD44780+15
0x0309	0x3400 ;?lstr_2_LCD_HD44780+16
; end of ?lstr_2_LCD_HD44780
;LCD_HD44780.c,0 :: ?lstr_1_LCD_HD44780
0x030A	0x342A ;?lstr_1_LCD_HD44780+0
0x030B	0x3420 ;?lstr_1_LCD_HD44780+1
0x030C	0x3434 ;?lstr_1_LCD_HD44780+2
0x030D	0x3458 ;?lstr_1_LCD_HD44780+3
0x030E	0x3434 ;?lstr_1_LCD_HD44780+4
0x030F	0x3420 ;?lstr_1_LCD_HD44780+5
0x0310	0x344B ;?lstr_1_LCD_HD44780+6
0x0311	0x3465 ;?lstr_1_LCD_HD44780+7
0x0312	0x3479 ;?lstr_1_LCD_HD44780+8
0x0313	0x3420 ;?lstr_1_LCD_HD44780+9
0x0314	0x3450 ;?lstr_1_LCD_HD44780+10
0x0315	0x3461 ;?lstr_1_LCD_HD44780+11
0x0316	0x3464 ;?lstr_1_LCD_HD44780+12
0x0317	0x3420 ;?lstr_1_LCD_HD44780+13
0x0318	0x342A ;?lstr_1_LCD_HD44780+14
0x0319	0x3400 ;?lstr_1_LCD_HD44780+15
; end of ?lstr_1_LCD_HD44780
;P877_Keypad_Matrix.c,0 :: ?lstr_1_P877_Keypad_Matrix
0x031A	0x344B ;?lstr_1_P877_Keypad_Matrix+0
0x031B	0x3465 ;?lstr_1_P877_Keypad_Matrix+1
0x031C	0x3479 ;?lstr_1_P877_Keypad_Matrix+2
0x031D	0x3420 ;?lstr_1_P877_Keypad_Matrix+3
0x031E	0x343D ;?lstr_1_P877_Keypad_Matrix+4
0x031F	0x3400 ;?lstr_1_P877_Keypad_Matrix+5
; end of ?lstr_1_P877_Keypad_Matrix
Symbol List:
//** Routines locations **
//ADDRESS    SIZE    PROCEDURE
//----------------------------------------------
0x0004      [38]    _interrupt
0x002A      [13]    _ToggleEpinOfLCD
0x0037      [29]    _WriteDataToLCD
0x0054       [7]    _____DoICP
0x005B      [29]    _WriteCommandToLCD
0x0078      [20]    _GotoYXPositionOnLCD
0x008C      [27]    _WriteStringToLCD
0x00A7      [11]    _WriteLCDLine1
0x00B2      [16]    _ClearLCDScreen
0x00C2      [12]    _WriteLCDLine2
0x00CE     [373]    _READ_SWITCHES
0x0243      [12]    ___CC2DW
0x024F       [9]    _InitKeypad
0x0258      [26]    _welcome_msg
0x0272      [82]    _InitLCD
0x02C4      [16]    _init_main
0x02D4      [15]    _GetKey
0x02E3      [22]    _main
//** Variables locations ** 
//ADDRESS    SIZE    VARIABLE
//----------------------------------------------
0x0000       [1]    INDF
0x0002       [1]    PCL
0x0003       [1]    STATUS
0x0004       [1]    FSR
0x0005       [1]    PORTA
0x0006       [0]    C3
0x0006       [0]    RB5_bit
0x0006       [0]    C2
0x0006       [0]    RB6_bit
0x0006       [0]    RB3_bit
0x0006       [0]    RB2_bit
0x0006       [0]    RB1_bit
0x0006       [0]    RB0_bit
0x0006       [0]    C4
0x0006       [0]    RB4_bit
0x0006       [0]    RowC
0x0006       [0]    RowD
0x0006       [1]    PORTB
0x0006       [0]    RowA
0x0006       [0]    RowB
0x0006       [0]    RB7_bit
0x0006       [0]    C1
0x0007       [1]    PORTC
0x0008       [1]    PORTD
0x000A       [1]    PCLATH
0x000B       [1]    INTCON
0x0024       [2]    ___DoICPAddr
0x0026       [1]    _key_val
0x0027       [1]    ___saveSTATUS
0x0028       [1]    ___savePCLATH
0x0029       [2]    FARG_WriteLCDLine1_s
0x0029       [2]    FARG_WriteLCDLine2_s
0x002B       [2]    FARG_WriteStringToLCD_s
0x002B       [1]    FARG_GotoYXPositionOnLCD_LineNumber
0x002C       [1]    FARG_GotoYXPositionOnLCD_OFFSET
0x002D       [1]    FARG_WriteCommandToLCD_Command
0x002D       [1]    FARG_WriteDataToLCD_LCDChar
0x002E       [1]    GetKey_key_L0
0x0070       [1]    R0
0x0071       [1]    R1
0x0072       [1]    R2
0x0073       [1]    R3
0x0074       [1]    R4
0x0075       [1]    R5
0x0076       [1]    R6
0x0077       [1]    R7
0x0078       [1]    R8
0x0079       [1]    R9
0x007A       [1]    R10
0x007B       [1]    R11
0x007C       [1]    R12
0x007D       [1]    R13
0x007E       [1]    R14
0x007F       [1]    R15
0x0081       [1]    OPTION_REG
0x0085       [1]    TRISA
0x0086       [1]    TRISB
0x0087       [1]    TRISC
0x0088       [1]    TRISD
0x0089       [1]    TRISE
//** Constants locations ** 
//ADDRESS    SIZE    CONSTANT
//----------------------------------------------
0x02F9      [17]    ?lstr_2_LCD_HD44780
0x030A      [16]    ?lstr_1_LCD_HD44780
0x031A       [6]    ?lstr_1_P877_Keypad_Matrix
//** Label List: ** 
//----------------------------------------------
  L_READ_SWITCHES0
  L_READ_SWITCHES1
  L_READ_SWITCHES2
  L_READ_SWITCHES3
  L_READ_SWITCHES4
  L_READ_SWITCHES5
  L_READ_SWITCHES6
  L_READ_SWITCHES7
  L_READ_SWITCHES8
  L_READ_SWITCHES9
  L_READ_SWITCHES10
  L_READ_SWITCHES11
  L_READ_SWITCHES12
  L_READ_SWITCHES13
  L_READ_SWITCHES14
  L_READ_SWITCHES15
  L_READ_SWITCHES16
  L_READ_SWITCHES17
  L_READ_SWITCHES18
  L_READ_SWITCHES19
  L_READ_SWITCHES20
  L_READ_SWITCHES21
  L_READ_SWITCHES22
  L_READ_SWITCHES23
  L_READ_SWITCHES24
  L_READ_SWITCHES25
  L_READ_SWITCHES26
  L_READ_SWITCHES27
  L_READ_SWITCHES28
  L_READ_SWITCHES29
  L_READ_SWITCHES30
  L_READ_SWITCHES31
  L_READ_SWITCHES32
  L_READ_SWITCHES33
  L_READ_SWITCHES34
  L_READ_SWITCHES35
  L_READ_SWITCHES36
  L_READ_SWITCHES37
  L_READ_SWITCHES38
  L_READ_SWITCHES39
  L_READ_SWITCHES40
  L_READ_SWITCHES41
  L_READ_SWITCHES42
  L_READ_SWITCHES43
  L_READ_SWITCHES44
  L_READ_SWITCHES45
  L_READ_SWITCHES46
  L_READ_SWITCHES47
  L_READ_SWITCHES48
  L_READ_SWITCHES49
  L_READ_SWITCHES50
  L_READ_SWITCHES51
  L_READ_SWITCHES52
  L_READ_SWITCHES53
  L_READ_SWITCHES54
  L_READ_SWITCHES55
  L_READ_SWITCHES56
  L_READ_SWITCHES57
  L_READ_SWITCHES58
  L_READ_SWITCHES59
  L_READ_SWITCHES60
  L_READ_SWITCHES61
  L_READ_SWITCHES62
  L_READ_SWITCHES63
  L_GetKey64
  L_GetKey65
  L_end_InitKeypad
  _InitKeypad
  L_end_READ_SWITCHES
  _READ_SWITCHES
  L_end_GetKey
  _GetKey
  L_ToggleEpinOfLCD0
  L_ToggleEpinOfLCD1
  L_InitLCD2
  L_InitLCD3
  L_InitLCD4
  L_InitLCD5
  L_InitLCD6
  L_WriteStringToLCD7
  L_WriteStringToLCD8
  L_ClearLCDScreen9
  L_welcome_msg10
  L_end_ToggleEpinOfLCD
  _ToggleEpinOfLCD
  L_end_WriteCommandToLCD
  _WriteCommandToLCD
  L_end_WriteDataToLCD
  _WriteDataToLCD
  L_end_InitLCD
  _InitLCD
  L_end_WriteStringToLCD
  _WriteStringToLCD
  L_end_ClearLCDScreen
  _ClearLCDScreen
  L_end_GotoYXPositionOnLCD
  _GotoYXPositionOnLCD
  L__GotoYXPositionOnLCD18
  L__GotoYXPositionOnLCD19
  L_end_WriteLCDLine1
  _WriteLCDLine1
  L_end_WriteLCDLine2
  _WriteLCDLine2
  L_end_WriteLCDLine3
  _WriteLCDLine3
  L_end_WriteLCDLine4
  _WriteLCDLine4
  L_end_welcome_msg
  _welcome_msg
  L_interrupt0
  L_main1
  L_main2
  L_end_init_main
  _init_main
  L_end_interrupt
  _interrupt
  L__interrupt5
  L_end_main
  _main
  L_loopCA2AWs
  L_CA2AWend
  _CCA2AW_Loop1
  L_loopCS2Ss
  L_CS2Send
  _CCS2S_Loop1
  L_CCS2Send
  L_loopFZinSWs
  L_FZinSend
  _CC2D_Loop1
  L_end_____DoICP
  _____DoICP
  L_end_____DoIFC
  _____DoIFC
  L_end___CA2AW
  ___CA2AW
  L_end___CCA2AW
  ___CCA2AW
  L_end___CS2S
  ___CS2S
  L_end___CCS2S
  ___CCS2S
  L_end___FZinS
  ___FZinS
  L_end___CC2DW
  ___CC2DW
  L_end_Swap
  _Swap
  L_READ_SWITCHES0
  L_READ_SWITCHES1
  L_READ_SWITCHES2
  L_READ_SWITCHES3
  L_READ_SWITCHES4
  L_READ_SWITCHES5
  L_READ_SWITCHES6
  L_READ_SWITCHES7
  L_READ_SWITCHES8
  L_READ_SWITCHES9
  L_READ_SWITCHES10
  L_READ_SWITCHES11
  L_READ_SWITCHES12
  L_READ_SWITCHES13
  L_READ_SWITCHES14
  L_READ_SWITCHES15
  L_READ_SWITCHES16
  L_READ_SWITCHES17
  L_READ_SWITCHES18
  L_READ_SWITCHES19
  L_READ_SWITCHES20
  L_READ_SWITCHES21
  L_READ_SWITCHES22
  L_READ_SWITCHES23
  L_READ_SWITCHES24
  L_READ_SWITCHES25
  L_READ_SWITCHES26
  L_READ_SWITCHES27
  L_READ_SWITCHES28
  L_READ_SWITCHES29
  L_READ_SWITCHES30
  L_READ_SWITCHES31
  L_READ_SWITCHES32
  L_READ_SWITCHES33
  L_READ_SWITCHES34
  L_READ_SWITCHES35
  L_READ_SWITCHES36
  L_READ_SWITCHES37
  L_READ_SWITCHES38
  L_READ_SWITCHES39
  L_READ_SWITCHES40
  L_READ_SWITCHES41
  L_READ_SWITCHES42
  L_READ_SWITCHES43
  L_READ_SWITCHES44
  L_READ_SWITCHES45
  L_READ_SWITCHES46
  L_READ_SWITCHES47
  L_READ_SWITCHES48
  L_READ_SWITCHES49
  L_READ_SWITCHES50
  L_READ_SWITCHES51
  L_READ_SWITCHES52
  L_READ_SWITCHES53
  L_READ_SWITCHES54
  L_READ_SWITCHES55
  L_READ_SWITCHES56
  L_READ_SWITCHES57
  L_READ_SWITCHES58
  L_READ_SWITCHES59
  L_READ_SWITCHES60
  L_READ_SWITCHES61
  L_READ_SWITCHES62
  L_READ_SWITCHES63
  L_GetKey64
  L_GetKey65
  L_end_InitKeypad
  _InitKeypad
  L_end_READ_SWITCHES
  _READ_SWITCHES
  L_end_GetKey
  _GetKey
  L_interrupt0
  L_main1
  L_main2
  L_end_init_main
  _init_main
  L_end_interrupt
  _interrupt
  L__interrupt5
  L_end_main
  _main
